#
# There is insufficient memory for the Java Runtime Environment to continue.
# Native memory allocation (mmap) failed to map 35651584 bytes for G1 virtual space
# Possible reasons:
#   The system is out of physical RAM or swap space
#   The process is running with CompressedOops enabled, and the Java Heap may be blocking the growth of the native heap
# Possible solutions:
#   Reduce memory load on the system
#   Increase physical memory or swap space
#   Check if swap backing store is full
#   Decrease Java heap size (-Xmx/-Xms)
#   Decrease number of Java threads
#   Decrease Java thread stack sizes (-Xss)
#   Set larger code cache with -XX:ReservedCodeCacheSize=
#   JVM is running with Unscaled Compressed Oops mode in which the Java heap is
#     placed in the first 4GB address space. The Java Heap base address is the
#     maximum limit for the native heap growth. Please use -XX:HeapBaseMinAddress
#     to set the Java Heap base and to place the Java Heap above 4GB virtual address.
# This output file may be truncated or incomplete.
#
#  Out of Memory Error (os_windows.cpp:3466), pid=28472, tid=26964
#
# JRE version: Java(TM) SE Runtime Environment (16.0+36) (build 16+36-2231)
# Java VM: Java HotSpot(TM) 64-Bit Server VM (16+36-2231, mixed mode, sharing, tiered, compressed oops, g1 gc, windows-amd64)
# No core dump will be written. Minidumps are not enabled by default on client versions of Windows
#

---------------  S U M M A R Y ------------

Command Line: -Dclassworlds.conf=C:\Program Files\Maven\apache-maven-3.8.1\bin\..\bin\m2.conf -Dmaven.home=C:\Program Files\Maven\apache-maven-3.8.1\bin\.. -Dlibrary.jansi.path=C:\Program Files\Maven\apache-maven-3.8.1\bin\..\lib\jansi-native -Dmaven.multiModuleProjectDirectory=E:\Simplilearn\CapStone Project\BackEnd\Springboot\Foodbox org.codehaus.plexus.classworlds.launcher.Launcher clean install

Host: Intel(R) Core(TM) i3-4005U CPU @ 1.70GHz, 4 cores, 3G,  Windows 10 , 64 bit Build 19041 (10.0.19041.1151)
Time: Tue Aug 31 19:00:11 2021 India Standard Time elapsed time: 28.758642 seconds (0d 0h 0m 28s)

---------------  T H R E A D  ---------------

Current thread (0x0000025bf2920e40):  VMThread "VM Thread" [stack: 0x000000e950700000,0x000000e950800000] [id=26964]

Stack: [0x000000e950700000,0x000000e950800000]
Native frames: (J=compiled Java code, j=interpreted, Vv=VM code, C=native code)
V  [jvm.dll+0x6681da]
V  [jvm.dll+0x7c9d99]
V  [jvm.dll+0x7cb4d3]
V  [jvm.dll+0x7cbb33]
V  [jvm.dll+0x242ee5]
V  [jvm.dll+0x664f99]
V  [jvm.dll+0x659b85]
V  [jvm.dll+0x2fbfcb]
V  [jvm.dll+0x3031c6]
V  [jvm.dll+0x352a0e]
V  [jvm.dll+0x352c3f]
V  [jvm.dll+0x2d3038]
V  [jvm.dll+0x2d0bc5]
V  [jvm.dll+0x2d01fc]
V  [jvm.dll+0x3152e2]
V  [jvm.dll+0x7cff2b]
V  [jvm.dll+0x7d0c24]
V  [jvm.dll+0x7d1129]
V  [jvm.dll+0x7d13e4]
V  [jvm.dll+0x7d14b0]
V  [jvm.dll+0x77952a]
V  [jvm.dll+0x667076]
C  [ucrtbase.dll+0x21bb2]
C  [KERNEL32.DLL+0x17034]
C  [ntdll.dll+0x52651]

VM_Operation (0x000000e9501fc9c0): G1CollectForAllocation, mode: safepoint, requested by thread 0x0000025bd780ae30


---------------  P R O C E S S  ---------------

Threads class SMR info:
_java_thread_list=0x0000025bf342fe80, length=12, elements={
0x0000025bd780ae30, 0x0000025bf29249a0, 0x0000025bf2925770, 0x0000025bf293c500,
0x0000025bf293df20, 0x0000025bf293ea30, 0x0000025bf2941350, 0x0000025bf2942040,
0x0000025bf29a9970, 0x0000025bf29b3ef0, 0x0000025bf3450210, 0x0000025bf3454a30
}

Java Threads: ( => current thread )
  0x0000025bd780ae30 JavaThread "main" [_thread_blocked, id=1868, stack(0x000000e950100000,0x000000e950200000)]
  0x0000025bf29249a0 JavaThread "Reference Handler" daemon [_thread_blocked, id=25776, stack(0x000000e950800000,0x000000e950900000)]
  0x0000025bf2925770 JavaThread "Finalizer" daemon [_thread_blocked, id=17472, stack(0x000000e950900000,0x000000e950a00000)]
  0x0000025bf293c500 JavaThread "Signal Dispatcher" daemon [_thread_blocked, id=16980, stack(0x000000e950a00000,0x000000e950b00000)]
  0x0000025bf293df20 JavaThread "Attach Listener" daemon [_thread_blocked, id=23480, stack(0x000000e950b00000,0x000000e950c00000)]
  0x0000025bf293ea30 JavaThread "Service Thread" daemon [_thread_blocked, id=29136, stack(0x000000e950c00000,0x000000e950d00000)]
  0x0000025bf2941350 JavaThread "Monitor Deflation Thread" daemon [_thread_blocked, id=10272, stack(0x000000e950d00000,0x000000e950e00000)]
  0x0000025bf2942040 JavaThread "C2 CompilerThread0" daemon [_thread_blocked, id=20512, stack(0x000000e950e00000,0x000000e950f00000)]
  0x0000025bf29a9970 JavaThread "C1 CompilerThread0" daemon [_thread_blocked, id=9108, stack(0x000000e950f00000,0x000000e951000000)]
  0x0000025bf29b3ef0 JavaThread "Sweeper thread" daemon [_thread_blocked, id=26392, stack(0x000000e951000000,0x000000e951100000)]
  0x0000025bf3450210 JavaThread "Notification Thread" daemon [_thread_blocked, id=24740, stack(0x000000e951100000,0x000000e951200000)]
  0x0000025bf3454a30 JavaThread "Common-Cleaner" daemon [_thread_blocked, id=28304, stack(0x000000e951300000,0x000000e951400000)]

Other Threads:
=>0x0000025bf2920e40 VMThread "VM Thread" [stack: 0x000000e950700000,0x000000e950800000] [id=26964]
  0x0000025bf3454740 WatcherThread [stack: 0x000000e951200000,0x000000e951300000] [id=12052]
  0x0000025bd783aef0 GCTaskThread "GC Thread#0" [stack: 0x000000e950200000,0x000000e950300000] [id=10724]
  0x0000025bf3bf6410 GCTaskThread "GC Thread#1" [stack: 0x000000e951400000,0x000000e951500000] [id=23680]
  0x0000025bf3c24030 GCTaskThread "GC Thread#2" [stack: 0x000000e951500000,0x000000e951600000] [id=21412]
  0x0000025bf3c24340 GCTaskThread "GC Thread#3" [stack: 0x000000e951600000,0x000000e951700000] [id=29512]
  0x0000025bd7844d10 ConcurrentGCThread "G1 Main Marker" [stack: 0x000000e950300000,0x000000e950400000] [id=12800]
  0x0000025bd7845eb0 ConcurrentGCThread "G1 Conc#0" [stack: 0x000000e950400000,0x000000e950500000] [id=22236]
  0x0000025bd7892cd0 ConcurrentGCThread "G1 Refine#0" [stack: 0x000000e950500000,0x000000e950600000] [id=15996]
  0x0000025bf3bf6720 ConcurrentGCThread "G1 Refine#1" [stack: 0x000000e951700000,0x000000e951800000] [id=21004]
  0x0000025bd78936e0 ConcurrentGCThread "G1 Service" [stack: 0x000000e950600000,0x000000e950700000] [id=26424]

Threads with active compile tasks:
C2 CompilerThread0    28845 6940       4       java.util.LinkedHashMap::valuesToArray (38 bytes)

VM state: at safepoint (normal execution)

VM Mutex/Monitor currently owned by a thread:  ([mutex/lock_event])
[0x0000025bd78072d0] Threads_lock - owner thread: 0x0000025bf2920e40
[0x0000025bd7807990] Heap_lock - owner thread: 0x0000025bd780ae30

Heap address: 0x00000000c1200000, size: 1006 MB, Compressed Oops mode: 32-bit
CDS archive(s) mapped at: [0x0000000800000000-0x0000000800bb0000-0x0000000800bb0000), size 12255232, SharedBaseAddress: 0x0000000800000000, ArchiveRelocationMode: 0.
Compressed class space mapped at: 0x0000000800c00000-0x0000000840c00000, reserved size: 1073741824
Narrow klass base: 0x0000000800000000, Narrow klass shift: 3, Narrow klass range: 0x100000000

GC Precious Log:
 CPUs: 4 total, 4 available
 Memory: 4016M
 Large Page Support: Disabled
 NUMA Support: Disabled
 Compressed Oops: Enabled (32-bit)
 Heap Region Size: 1M
 Heap Min Capacity: 8M
 Heap Initial Capacity: 64M
 Heap Max Capacity: 1006M
 Pre-touch: Disabled
 Parallel Workers: 4
 Concurrent Workers: 1
 Concurrent Refinement Workers: 4
 Periodic GC: Disabled

Heap:
 garbage-first heap   total 103424K, used 54987K [0x00000000c1200000, 0x0000000100000000)
  region size 1024K, 1 young (1024K), 1 survivors (1024K)
 Metaspace       used 26991K, committed 27264K, reserved 1073152K
  class space    used 2857K, committed 3008K, reserved 1048576K

Heap Regions: E=young(eden), S=young(survivor), O=old, HS=humongous(starts), HC=humongous(continues), CS=collection set, F=free, OA=open archive, CA=closed archive, TAMS=top-at-mark-start (previous, next)
|   0|0x00000000c1200000, 0x00000000c1300000, 0x00000000c1300000|100%| O|  |TAMS 0x00000000c1300000, 0x00000000c1200000| Untracked 
|   1|0x00000000c1300000, 0x00000000c1400000, 0x00000000c1400000|100%| O|  |TAMS 0x00000000c1400000, 0x00000000c1300000| Untracked 
|   2|0x00000000c1400000, 0x00000000c1500000, 0x00000000c1500000|100%| O|  |TAMS 0x00000000c1500000, 0x00000000c1400000| Untracked 
|   3|0x00000000c1500000, 0x00000000c1500000, 0x00000000c1600000|  0%| F|  |TAMS 0x00000000c1500000, 0x00000000c1500000| Untracked 
|   4|0x00000000c1600000, 0x00000000c1700000, 0x00000000c1700000|100%| O|  |TAMS 0x00000000c1700000, 0x00000000c1600000| Untracked 
|   5|0x00000000c1700000, 0x00000000c1800000, 0x00000000c1800000|100%| O|  |TAMS 0x00000000c1800000, 0x00000000c1700000| Untracked 
|   6|0x00000000c1800000, 0x00000000c1900000, 0x00000000c1900000|100%| O|  |TAMS 0x00000000c1900000, 0x00000000c1800000| Untracked 
|   7|0x00000000c1900000, 0x00000000c1a00000, 0x00000000c1a00000|100%| O|  |TAMS 0x00000000c1a00000, 0x00000000c1900000| Untracked 
|   8|0x00000000c1a00000, 0x00000000c1b00000, 0x00000000c1b00000|100%| O|  |TAMS 0x00000000c1b00000, 0x00000000c1a00000| Untracked 
|   9|0x00000000c1b00000, 0x00000000c1c00000, 0x00000000c1c00000|100%| O|  |TAMS 0x00000000c1c00000, 0x00000000c1b00000| Untracked 
|  10|0x00000000c1c00000, 0x00000000c1d00000, 0x00000000c1d00000|100%| O|  |TAMS 0x00000000c1d00000, 0x00000000c1c00000| Untracked 
|  11|0x00000000c1d00000, 0x00000000c1d00000, 0x00000000c1e00000|  0%| F|  |TAMS 0x00000000c1d00000, 0x00000000c1d00000| Untracked 
|  12|0x00000000c1e00000, 0x00000000c1f00000, 0x00000000c1f00000|100%| O|  |TAMS 0x00000000c1e00000, 0x00000000c1e00000| Untracked 
|  13|0x00000000c1f00000, 0x00000000c2000000, 0x00000000c2000000|100%| O|  |TAMS 0x00000000c2000000, 0x00000000c1f00000| Untracked 
|  14|0x00000000c2000000, 0x00000000c2100000, 0x00000000c2100000|100%| O|  |TAMS 0x00000000c2100000, 0x00000000c2000000| Untracked 
|  15|0x00000000c2100000, 0x00000000c2200000, 0x00000000c2200000|100%| O|  |TAMS 0x00000000c2200000, 0x00000000c2100000| Untracked 
|  16|0x00000000c2200000, 0x00000000c2200000, 0x00000000c2300000|  0%| F|  |TAMS 0x00000000c2200000, 0x00000000c2200000| Untracked 
|  17|0x00000000c2300000, 0x00000000c2400000, 0x00000000c2400000|100%|HS|  |TAMS 0x00000000c2400000, 0x00000000c2300000| Complete 
|  18|0x00000000c2400000, 0x00000000c2400000, 0x00000000c2500000|  0%| F|  |TAMS 0x00000000c2400000, 0x00000000c2400000| Untracked 
|  19|0x00000000c2500000, 0x00000000c2600000, 0x00000000c2600000|100%| O|  |TAMS 0x00000000c2600000, 0x00000000c2500000| Untracked 
|  20|0x00000000c2600000, 0x00000000c2600000, 0x00000000c2700000|  0%| F|  |TAMS 0x00000000c2600000, 0x00000000c2600000| Untracked 
|  21|0x00000000c2700000, 0x00000000c2800000, 0x00000000c2800000|100%| O|  |TAMS 0x00000000c2800000, 0x00000000c2700000| Untracked 
|  22|0x00000000c2800000, 0x00000000c2900000, 0x00000000c2900000|100%| O|  |TAMS 0x00000000c2900000, 0x00000000c2800000| Untracked 
|  23|0x00000000c2900000, 0x00000000c2a00000, 0x00000000c2a00000|100%| O|  |TAMS 0x00000000c2a00000, 0x00000000c2900000| Untracked 
|  24|0x00000000c2a00000, 0x00000000c2b00000, 0x00000000c2b00000|100%| O|  |TAMS 0x00000000c2b00000, 0x00000000c2a00000| Untracked 
|  25|0x00000000c2b00000, 0x00000000c2c00000, 0x00000000c2c00000|100%| O|  |TAMS 0x00000000c2c00000, 0x00000000c2b00000| Untracked 
|  26|0x00000000c2c00000, 0x00000000c2d00000, 0x00000000c2d00000|100%| O|  |TAMS 0x00000000c2d00000, 0x00000000c2c00000| Untracked 
|  27|0x00000000c2d00000, 0x00000000c2d00000, 0x00000000c2e00000|  0%| F|  |TAMS 0x00000000c2d00000, 0x00000000c2d00000| Untracked 
|  28|0x00000000c2e00000, 0x00000000c2e00000, 0x00000000c2f00000|  0%| F|  |TAMS 0x00000000c2e00000, 0x00000000c2e00000| Untracked 
|  29|0x00000000c2f00000, 0x00000000c2f00000, 0x00000000c3000000|  0%| F|  |TAMS 0x00000000c2f00000, 0x00000000c2f00000| Untracked 
|  30|0x00000000c3000000, 0x00000000c3100000, 0x00000000c3100000|100%| O|  |TAMS 0x00000000c3100000, 0x00000000c3000000| Untracked 
|  31|0x00000000c3100000, 0x00000000c3200000, 0x00000000c3200000|100%| O|  |TAMS 0x00000000c3200000, 0x00000000c3100000| Untracked 
|  32|0x00000000c3200000, 0x00000000c3200000, 0x00000000c3300000|  0%| F|  |TAMS 0x00000000c3200000, 0x00000000c3200000| Untracked 
|  33|0x00000000c3300000, 0x00000000c3400000, 0x00000000c3400000|100%| O|  |TAMS 0x00000000c3400000, 0x00000000c3300000| Untracked 
|  34|0x00000000c3400000, 0x00000000c3500000, 0x00000000c3500000|100%| O|  |TAMS 0x00000000c3500000, 0x00000000c3400000| Untracked 
|  35|0x00000000c3500000, 0x00000000c3600000, 0x00000000c3600000|100%| O|  |TAMS 0x00000000c3600000, 0x00000000c3500000| Complete 
|  36|0x00000000c3600000, 0x00000000c3600000, 0x00000000c3700000|  0%| F|  |TAMS 0x00000000c3600000, 0x00000000c3600000| Untracked 
|  37|0x00000000c3700000, 0x00000000c3800000, 0x00000000c3800000|100%| O|  |TAMS 0x00000000c3800000, 0x00000000c3700000| Untracked 
|  38|0x00000000c3800000, 0x00000000c3800000, 0x00000000c3900000|  0%| F|  |TAMS 0x00000000c3800000, 0x00000000c3800000| Untracked 
|  39|0x00000000c3900000, 0x00000000c3a00000, 0x00000000c3a00000|100%|HS|  |TAMS 0x00000000c3a00000, 0x00000000c3900000| Complete 
|  40|0x00000000c3a00000, 0x00000000c3b00000, 0x00000000c3b00000|100%|HC|  |TAMS 0x00000000c3b00000, 0x00000000c3a00000| Complete 
|  41|0x00000000c3b00000, 0x00000000c3c00000, 0x00000000c3c00000|100%|HS|  |TAMS 0x00000000c3c00000, 0x00000000c3b00000| Complete 
|  42|0x00000000c3c00000, 0x00000000c3d00000, 0x00000000c3d00000|100%|HS|  |TAMS 0x00000000c3d00000, 0x00000000c3c00000| Complete 
|  43|0x00000000c3d00000, 0x00000000c3e00000, 0x00000000c3e00000|100%| O|  |TAMS 0x00000000c3e00000, 0x00000000c3d00000| Untracked 
|  44|0x00000000c3e00000, 0x00000000c3f00000, 0x00000000c3f00000|100%| O|  |TAMS 0x00000000c3f00000, 0x00000000c3e00000| Untracked 
|  45|0x00000000c3f00000, 0x00000000c4000000, 0x00000000c4000000|100%| O|  |TAMS 0x00000000c3f42c00, 0x00000000c3f00000| Untracked 
|  46|0x00000000c4000000, 0x00000000c4100000, 0x00000000c4100000|100%| O|  |TAMS 0x00000000c4000000, 0x00000000c4000000| Untracked 
|  47|0x00000000c4100000, 0x00000000c4200000, 0x00000000c4200000|100%| O|  |TAMS 0x00000000c4100000, 0x00000000c4100000| Untracked 
|  48|0x00000000c4200000, 0x00000000c4300000, 0x00000000c4300000|100%| O|  |TAMS 0x00000000c4200000, 0x00000000c4200000| Untracked 
|  49|0x00000000c4300000, 0x00000000c4400000, 0x00000000c4400000|100%| O|  |TAMS 0x00000000c4300000, 0x00000000c4300000| Untracked 
|  50|0x00000000c4400000, 0x00000000c4500000, 0x00000000c4500000|100%| O|  |TAMS 0x00000000c4400000, 0x00000000c4400000| Untracked 
|  51|0x00000000c4500000, 0x00000000c4600000, 0x00000000c4600000|100%| O|  |TAMS 0x00000000c4500000, 0x00000000c4500000| Untracked 
|  52|0x00000000c4600000, 0x00000000c4700000, 0x00000000c4700000|100%| O|  |TAMS 0x00000000c4600000, 0x00000000c4600000| Untracked 
|  53|0x00000000c4700000, 0x00000000c4800000, 0x00000000c4800000|100%| O|  |TAMS 0x00000000c4700000, 0x00000000c4700000| Untracked 
|  54|0x00000000c4800000, 0x00000000c4900000, 0x00000000c4900000|100%| O|  |TAMS 0x00000000c4800000, 0x00000000c4800000| Untracked 
|  55|0x00000000c4900000, 0x00000000c4a00000, 0x00000000c4a00000|100%| O|  |TAMS 0x00000000c4900000, 0x00000000c4900000| Untracked 
|  56|0x00000000c4a00000, 0x00000000c4b00000, 0x00000000c4b00000|100%| O|  |TAMS 0x00000000c4a00000, 0x00000000c4a00000| Untracked 
|  57|0x00000000c4b00000, 0x00000000c4c00000, 0x00000000c4c00000|100%| O|  |TAMS 0x00000000c4b00000, 0x00000000c4b00000| Untracked 
|  58|0x00000000c4c00000, 0x00000000c4d00000, 0x00000000c4d00000|100%| O|  |TAMS 0x00000000c4c00000, 0x00000000c4c00000| Untracked 
|  59|0x00000000c4d00000, 0x00000000c4e00000, 0x00000000c4e00000|100%| O|  |TAMS 0x00000000c4d00000, 0x00000000c4d00000| Untracked 
|  60|0x00000000c4e00000, 0x00000000c4f00000, 0x00000000c4f00000|100%| O|  |TAMS 0x00000000c4e00000, 0x00000000c4e00000| Untracked 
|  61|0x00000000c4f00000, 0x00000000c5000000, 0x00000000c5000000|100%| O|  |TAMS 0x00000000c4f00000, 0x00000000c4f00000| Untracked 
|  62|0x00000000c5000000, 0x00000000c5100000, 0x00000000c5100000|100%| O|  |TAMS 0x00000000c5000000, 0x00000000c5000000| Untracked 
|  63|0x00000000c5100000, 0x00000000c5100000, 0x00000000c5200000|  0%| F|  |TAMS 0x00000000c5100000, 0x00000000c5100000| Untracked 
|  64|0x00000000c5200000, 0x00000000c5200000, 0x00000000c5300000|  0%| F|  |TAMS 0x00000000c5200000, 0x00000000c5200000| Untracked 
|  65|0x00000000c5300000, 0x00000000c5300000, 0x00000000c5400000|  0%| F|  |TAMS 0x00000000c5300000, 0x00000000c5300000| Untracked 
|  66|0x00000000c5400000, 0x00000000c5400000, 0x00000000c5500000|  0%| F|  |TAMS 0x00000000c5400000, 0x00000000c5400000| Untracked 
|  67|0x00000000c5500000, 0x00000000c5500000, 0x00000000c5600000|  0%| F|  |TAMS 0x00000000c5500000, 0x00000000c5500000| Untracked 
|  68|0x00000000c5600000, 0x00000000c5600000, 0x00000000c5700000|  0%| F|  |TAMS 0x00000000c5600000, 0x00000000c5600000| Untracked 
|  69|0x00000000c5700000, 0x00000000c5700000, 0x00000000c5800000|  0%| F|  |TAMS 0x00000000c5700000, 0x00000000c5700000| Untracked 
|  70|0x00000000c5800000, 0x00000000c5800000, 0x00000000c5900000|  0%| F|  |TAMS 0x00000000c5800000, 0x00000000c5800000| Untracked 
|  71|0x00000000c5900000, 0x00000000c5900000, 0x00000000c5a00000|  0%| F|  |TAMS 0x00000000c5900000, 0x00000000c5900000| Untracked 
|  72|0x00000000c5a00000, 0x00000000c5a00000, 0x00000000c5b00000|  0%| F|  |TAMS 0x00000000c5a00000, 0x00000000c5a00000| Untracked 
|  73|0x00000000c5b00000, 0x00000000c5b00000, 0x00000000c5c00000|  0%| F|  |TAMS 0x00000000c5b00000, 0x00000000c5b00000| Untracked 
|  74|0x00000000c5c00000, 0x00000000c5c00000, 0x00000000c5d00000|  0%| F|  |TAMS 0x00000000c5c00000, 0x00000000c5c00000| Untracked 
|  75|0x00000000c5d00000, 0x00000000c5d00000, 0x00000000c5e00000|  0%| F|  |TAMS 0x00000000c5d00000, 0x00000000c5d00000| Untracked 
|  76|0x00000000c5e00000, 0x00000000c5e00000, 0x00000000c5f00000|  0%| F|  |TAMS 0x00000000c5e00000, 0x00000000c5e00000| Untracked 
|  77|0x00000000c5f00000, 0x00000000c5f00000, 0x00000000c6000000|  0%| F|  |TAMS 0x00000000c5f00000, 0x00000000c5f00000| Untracked 
|  78|0x00000000c6000000, 0x00000000c6000000, 0x00000000c6100000|  0%| F|  |TAMS 0x00000000c6000000, 0x00000000c6000000| Untracked 
|  79|0x00000000c6100000, 0x00000000c6100000, 0x00000000c6200000|  0%| F|  |TAMS 0x00000000c6100000, 0x00000000c6100000| Untracked 
|  80|0x00000000c6200000, 0x00000000c6200000, 0x00000000c6300000|  0%| F|  |TAMS 0x00000000c6200000, 0x00000000c6200000| Untracked 
|  81|0x00000000c6300000, 0x00000000c6300000, 0x00000000c6400000|  0%| F|  |TAMS 0x00000000c6300000, 0x00000000c6300000| Untracked 
|  82|0x00000000c6400000, 0x00000000c6400000, 0x00000000c6500000|  0%| F|  |TAMS 0x00000000c6400000, 0x00000000c6400000| Untracked 
|  83|0x00000000c6500000, 0x00000000c6500000, 0x00000000c6600000|  0%| F|  |TAMS 0x00000000c6500000, 0x00000000c6500000| Untracked 
|  84|0x00000000c6600000, 0x00000000c6600000, 0x00000000c6700000|  0%| F|  |TAMS 0x00000000c6600000, 0x00000000c6600000| Untracked 
|  85|0x00000000c6700000, 0x00000000c6700000, 0x00000000c6800000|  0%| F|  |TAMS 0x00000000c6700000, 0x00000000c6700000| Untracked 
|  86|0x00000000c6800000, 0x00000000c6800000, 0x00000000c6900000|  0%| F|  |TAMS 0x00000000c6800000, 0x00000000c6800000| Untracked 
|  87|0x00000000c6900000, 0x00000000c6900000, 0x00000000c6a00000|  0%| F|  |TAMS 0x00000000c6900000, 0x00000000c6900000| Untracked 
|  88|0x00000000c6a00000, 0x00000000c6a00000, 0x00000000c6b00000|  0%| F|  |TAMS 0x00000000c6a00000, 0x00000000c6a00000| Untracked 
|  89|0x00000000c6b00000, 0x00000000c6b00000, 0x00000000c6c00000|  0%| F|  |TAMS 0x00000000c6b00000, 0x00000000c6b00000| Untracked 
|  90|0x00000000c6c00000, 0x00000000c6c00000, 0x00000000c6d00000|  0%| F|  |TAMS 0x00000000c6c00000, 0x00000000c6c00000| Untracked 
|  91|0x00000000c6d00000, 0x00000000c6d00000, 0x00000000c6e00000|  0%| F|  |TAMS 0x00000000c6d00000, 0x00000000c6d00000| Untracked 
|  92|0x00000000c6e00000, 0x00000000c6e00000, 0x00000000c6f00000|  0%| F|  |TAMS 0x00000000c6e00000, 0x00000000c6e00000| Untracked 
|  93|0x00000000c6f00000, 0x00000000c6f00000, 0x00000000c7000000|  0%| F|  |TAMS 0x00000000c6f00000, 0x00000000c6f00000| Untracked 
|  94|0x00000000c7000000, 0x00000000c7000000, 0x00000000c7100000|  0%| F|  |TAMS 0x00000000c7000000, 0x00000000c7000000| Untracked 
|  95|0x00000000c7100000, 0x00000000c7100000, 0x00000000c7200000|  0%| F|  |TAMS 0x00000000c7100000, 0x00000000c7100000| Untracked 
|  96|0x00000000c7200000, 0x00000000c7200000, 0x00000000c7300000|  0%| F|  |TAMS 0x00000000c7200000, 0x00000000c7200000| Untracked 
|  97|0x00000000c7300000, 0x00000000c7300000, 0x00000000c7400000|  0%| F|  |TAMS 0x00000000c7300000, 0x00000000c7300000| Untracked 
|  98|0x00000000c7400000, 0x00000000c74b2d88, 0x00000000c7500000| 69%| S|CS|TAMS 0x00000000c7400000, 0x00000000c7400000| Complete 
|  99|0x00000000c7500000, 0x00000000c7500000, 0x00000000c7600000|  0%| F|  |TAMS 0x00000000c7500000, 0x00000000c7500000| Untracked 
|1005|0x00000000fff00000, 0x0000000100000000, 0x0000000100000000|100%| O|  |TAMS 0x0000000100000000, 0x00000000fff00000| Complete 

Card table byte_map: [0x0000025bee180000,0x0000025bee380000] _byte_map_base: 0x0000025bedb77000

Marking Bits (Prev, Next): (CMBitMap*) 0x0000025bd783c500, (CMBitMap*) 0x0000025bd783c540
 Prev Bits: [0x0000025bee580000, 0x0000025bef538000)
 Next Bits: [0x0000025bef540000, 0x0000025bf04f8000)

Polling page: 0x0000025bd5720000

Metaspace:

Usage:
  Non-class:     23.57 MB used.
      Class:      2.79 MB used.
       Both:     26.36 MB used.

Virtual space:
  Non-class space:       24.00 MB reserved,      23.69 MB ( 99%) committed,  3 nodes.
      Class space:        1.00 GB reserved,       2.94 MB ( <1%) committed,  1 nodes.
              Both:        1.02 GB reserved,      26.62 MB (  3%) committed. 

Chunk freelists:
   Non-Class:  130.00 KB
       Class:  1.01 MB
        Both:  1.14 MB

MaxMetaspaceSize: 17179869184.00 GB
CompressedClassSpaceSize: 1.00 GB
 - commit_granule_bytes: 65536.
 - commit_granule_words: 8192.
 - virtual_space_node_default_size: 1048576.
 - enlarge_chunks_in_place: 1.
 - new_chunks_are_fully_committed: 0.
 - uncommit_free_chunks: 1.
 - use_allocation_guard: 0.
 - handle_deallocations: 1.


Internal statistics:

num_allocs_failed_limit: 3.
num_arena_births: 188.
num_arena_deaths: 0.
num_vsnodes_births: 4.
num_vsnodes_deaths: 0.
num_space_committed: 426.
num_space_uncommitted: 0.
num_chunks_returned_to_freelist: 3.
num_chunks_taken_from_freelist: 1154.
num_chunk_merges: 3.
num_chunk_splits: 816.
num_chunks_enlarged: 638.
num_purges: 0.

CodeHeap 'non-profiled nmethods': size=120000Kb used=2380Kb max_used=2951Kb free=117619Kb
 bounds [0x0000025be6a50000, 0x0000025be6d40000, 0x0000025bedf80000]
CodeHeap 'profiled nmethods': size=120000Kb used=12416Kb max_used=14853Kb free=107584Kb
 bounds [0x0000025bdf520000, 0x0000025be03b0000, 0x0000025be6a50000]
CodeHeap 'non-nmethods': size=5760Kb used=1234Kb max_used=1276Kb free=4525Kb
 bounds [0x0000025bdef80000, 0x0000025bdf1f0000, 0x0000025bdf520000]
 total_blobs=6526 nmethods=5990 adapters=448
 compilation: enabled
              stopped_count=0, restarted_count=0
 full_count=0

Compilation events (20 events):
Event: 28.533 Thread 0x0000025bf29a9970 nmethod 6930 0x0000025be03a1010 code [0x0000025be03a11c0, 0x0000025be03a13f8]
Event: 28.540 Thread 0x0000025bf29a9970 6931       3       sun.nio.ch.Util$BufferCache::offerFirst (73 bytes)
Event: 28.541 Thread 0x0000025bf29a9970 nmethod 6931 0x0000025bdf531810 code [0x0000025bdf5319c0, 0x0000025bdf531d38]
Event: 28.550 Thread 0x0000025bf2942040 6932       4       java.nio.file.Files::readAttributes (11 bytes)
Event: 28.552 Thread 0x0000025bf2942040 nmethod 6932 0x0000025be6a73790 code [0x0000025be6a73920, 0x0000025be6a739d8]
Event: 28.557 Thread 0x0000025bf2942040 6933   !   4       sun.nio.ch.NativeThreadSet::remove (50 bytes)
Event: 28.560 Thread 0x0000025bf2942040 nmethod 6933 0x0000025be6aab810 code [0x0000025be6aab9a0, 0x0000025be6aabbb8]
Event: 28.560 Thread 0x0000025bf2942040 6934   !   4       sun.nio.ch.NativeThreadSet::add (155 bytes)
Event: 28.563 Thread 0x0000025bf2942040 nmethod 6934 0x0000025be6a72110 code [0x0000025be6a722a0, 0x0000025be6a724d8]
Event: 28.571 Thread 0x0000025bf2942040 6935       4       jdk.nio.zipfs.ZipFileSystem$IndexNode::name (14 bytes)
Event: 28.581 Thread 0x0000025bf2942040 nmethod 6935 0x0000025be6aba310 code [0x0000025be6aba4a0, 0x0000025be6aba7d8]
Event: 28.592 Thread 0x0000025bf2942040 6936       4       java.lang.ref.Reference::<init> (25 bytes)
Event: 28.594 Thread 0x0000025bf2942040 nmethod 6936 0x0000025be6b69990 code [0x0000025be6b69b20, 0x0000025be6b69d58]
Event: 28.648 Thread 0x0000025bf2942040 6937       4       java.util.LinkedHashMap::valuesToArray (38 bytes)
Event: 28.658 Thread 0x0000025bf2942040 nmethod 6937 0x0000025be6ac6490 code [0x0000025be6ac6620, 0x0000025be6ac6a18]
Event: 28.658 Thread 0x0000025bf2942040 6938       4       sun.nio.fs.WindowsNativeDispatcher::asNativeBuffer (103 bytes)
Event: 28.680 Thread 0x0000025bf29a9970 6939 %     3       sun.nio.fs.WindowsPath::compareTo @ 49 (118 bytes)
Event: 28.684 Thread 0x0000025bf29a9970 nmethod 6939% 0x0000025bdfe0cb10 code [0x0000025bdfe0ce60, 0x0000025bdfe0e4a8]
Event: 28.687 Thread 0x0000025bf2942040 nmethod 6938 0x0000025be6aac110 code [0x0000025be6aac2e0, 0x0000025be6aaca28]
Event: 28.703 Thread 0x0000025bf2942040 6940       4       java.util.LinkedHashMap::valuesToArray (38 bytes)

GC Heap History (20 events):
Event: 23.940 GC heap after
{Heap after GC invocations=13 (full 0):
 garbage-first heap   total 66560K, used 33704K [0x00000000c1200000, 0x0000000100000000)
  region size 1024K, 4 young (4096K), 4 survivors (4096K)
 Metaspace       used 23940K, committed 24128K, reserved 1073152K
  class space    used 2589K, committed 2688K, reserved 1048576K
}
Event: 24.450 GC heap before
{Heap before GC invocations=13 (full 0):
 garbage-first heap   total 66560K, used 44968K [0x00000000c1200000, 0x0000000100000000)
  region size 1024K, 17 young (17408K), 4 survivors (4096K)
 Metaspace       used 24397K, committed 24640K, reserved 1073152K
  class space    used 2616K, committed 2752K, reserved 1048576K
}
Event: 24.472 GC heap after
{Heap after GC invocations=14 (full 0):
 garbage-first heap   total 66560K, used 36795K [0x00000000c1200000, 0x0000000100000000)
  region size 1024K, 3 young (3072K), 3 survivors (3072K)
 Metaspace       used 24397K, committed 24640K, reserved 1073152K
  class space    used 2616K, committed 2752K, reserved 1048576K
}
Event: 24.985 GC heap before
{Heap before GC invocations=15 (full 0):
 garbage-first heap   total 73728K, used 51131K [0x00000000c1200000, 0x0000000100000000)
  region size 1024K, 16 young (16384K), 3 survivors (3072K)
 Metaspace       used 24780K, committed 25024K, reserved 1073152K
  class space    used 2638K, committed 2752K, reserved 1048576K
}
Event: 25.007 GC heap after
{Heap after GC invocations=16 (full 0):
 garbage-first heap   total 73728K, used 39578K [0x00000000c1200000, 0x0000000100000000)
  region size 1024K, 2 young (2048K), 2 survivors (2048K)
 Metaspace       used 24780K, committed 25024K, reserved 1073152K
  class space    used 2638K, committed 2752K, reserved 1048576K
}
Event: 25.665 GC heap before
{Heap before GC invocations=16 (full 0):
 garbage-first heap   total 73728K, used 46746K [0x00000000c1200000, 0x0000000100000000)
  region size 1024K, 10 young (10240K), 2 survivors (2048K)
 Metaspace       used 26259K, committed 26560K, reserved 1073152K
  class space    used 2800K, committed 2944K, reserved 1048576K
}
Event: 25.685 GC heap after
{Heap after GC invocations=17 (full 0):
 garbage-first heap   total 73728K, used 41178K [0x00000000c1200000, 0x0000000100000000)
  region size 1024K, 2 young (2048K), 2 survivors (2048K)
 Metaspace       used 26259K, committed 26560K, reserved 1073152K
  class space    used 2800K, committed 2944K, reserved 1048576K
}
Event: 26.531 GC heap before
{Heap before GC invocations=18 (full 0):
 garbage-first heap   total 80896K, used 58586K [0x00000000c1200000, 0x0000000100000000)
  region size 1024K, 17 young (17408K), 2 survivors (2048K)
 Metaspace       used 26819K, committed 27136K, reserved 1073152K
  class space    used 2845K, committed 3008K, reserved 1048576K
}
Event: 26.544 GC heap after
{Heap after GC invocations=19 (full 0):
 garbage-first heap   total 80896K, used 43143K [0x00000000c1200000, 0x0000000100000000)
  region size 1024K, 3 young (3072K), 3 survivors (3072K)
 Metaspace       used 26819K, committed 27136K, reserved 1073152K
  class space    used 2845K, committed 3008K, reserved 1048576K
}
Event: 26.853 GC heap before
{Heap before GC invocations=19 (full 0):
 garbage-first heap   total 80896K, used 45191K [0x00000000c1200000, 0x0000000100000000)
  region size 1024K, 6 young (6144K), 3 survivors (3072K)
 Metaspace       used 26902K, committed 27200K, reserved 1073152K
  class space    used 2855K, committed 3008K, reserved 1048576K
}
Event: 26.866 GC heap after
{Heap after GC invocations=20 (full 0):
 garbage-first heap   total 103424K, used 42485K [0x00000000c1200000, 0x0000000100000000)
  region size 1024K, 2 young (2048K), 2 survivors (2048K)
 Metaspace       used 26902K, committed 27200K, reserved 1073152K
  class space    used 2855K, committed 3008K, reserved 1048576K
}
Event: 26.976 GC heap before
{Heap before GC invocations=20 (full 0):
 garbage-first heap   total 103424K, used 76277K [0x00000000c1200000, 0x0000000100000000)
  region size 1024K, 35 young (35840K), 2 survivors (2048K)
 Metaspace       used 26902K, committed 27200K, reserved 1073152K
  class space    used 2855K, committed 3008K, reserved 1048576K
}
Event: 26.985 GC heap after
{Heap after GC invocations=21 (full 0):
 garbage-first heap   total 103424K, used 43644K [0x00000000c1200000, 0x0000000100000000)
  region size 1024K, 2 young (2048K), 2 survivors (2048K)
 Metaspace       used 26902K, committed 27200K, reserved 1073152K
  class space    used 2855K, committed 3008K, reserved 1048576K
}
Event: 27.883 GC heap before
{Heap before GC invocations=21 (full 0):
 garbage-first heap   total 103424K, used 79484K [0x00000000c1200000, 0x0000000100000000)
  region size 1024K, 36 young (36864K), 2 survivors (2048K)
 Metaspace       used 26956K, committed 27264K, reserved 1073152K
  class space    used 2857K, committed 3008K, reserved 1048576K
}
Event: 27.899 GC heap after
{Heap after GC invocations=22 (full 0):
 garbage-first heap   total 103424K, used 50729K [0x00000000c1200000, 0x0000000100000000)
  region size 1024K, 5 young (5120K), 5 survivors (5120K)
 Metaspace       used 26956K, committed 27264K, reserved 1073152K
  class space    used 2857K, committed 3008K, reserved 1048576K
}
Event: 27.916 GC heap before
{Heap before GC invocations=22 (full 0):
 garbage-first heap   total 103424K, used 76329K [0x00000000c1200000, 0x0000000100000000)
  region size 1024K, 31 young (31744K), 5 survivors (5120K)
 Metaspace       used 26956K, committed 27264K, reserved 1073152K
  class space    used 2857K, committed 3008K, reserved 1048576K
}
Event: 27.924 GC heap after
{Heap after GC invocations=23 (full 0):
 garbage-first heap   total 103424K, used 51493K [0x00000000c1200000, 0x0000000100000000)
  region size 1024K, 1 young (1024K), 1 survivors (1024K)
 Metaspace       used 26956K, committed 27264K, reserved 1073152K
  class space    used 2857K, committed 3008K, reserved 1048576K
}
Event: 28.660 GC heap before
{Heap before GC invocations=24 (full 0):
 garbage-first heap   total 103424K, used 79141K [0x00000000c1200000, 0x0000000100000000)
  region size 1024K, 28 young (28672K), 1 survivors (1024K)
 Metaspace       used 26991K, committed 27264K, reserved 1073152K
  class space    used 2857K, committed 3008K, reserved 1048576K
}
Event: 28.674 GC heap after
{Heap after GC invocations=25 (full 0):
 garbage-first heap   total 103424K, used 59676K [0x00000000c1200000, 0x0000000100000000)
  region size 1024K, 4 young (4096K), 4 survivors (4096K)
 Metaspace       used 26991K, committed 27264K, reserved 1073152K
  class space    used 2857K, committed 3008K, reserved 1048576K
}
Event: 28.711 GC heap before
{Heap before GC invocations=25 (full 0):
 garbage-first heap   total 103424K, used 60700K [0x00000000c1200000, 0x0000000100000000)
  region size 1024K, 5 young (5120K), 4 survivors (4096K)
 Metaspace       used 26991K, committed 27264K, reserved 1073152K
  class space    used 2857K, committed 3008K, reserved 1048576K
}

Deoptimization events (20 events):
Event: 28.659 Thread 0x0000025bd780ae30 Uncommon trap: trap_request=0xffffffbe fr.pc=0x0000025be6d2b2f4 relative=0x0000000000000254
Event: 28.659 Thread 0x0000025bd780ae30 Uncommon trap: reason=profile_predicate action=maybe_recompile pc=0x0000025be6d2b2f4 method=java.util.LinkedHashMap.valuesToArray([Ljava/lang/Object;)[Ljava/lang/Object; @ 10 c2
Event: 28.659 Thread 0x0000025bd780ae30 DEOPT PACKING pc=0x0000025be6d2b2f4 sp=0x000000e9501fcb60
Event: 28.659 Thread 0x0000025bd780ae30 DEOPT UNPACKING pc=0x0000025bdefcd72e sp=0x000000e9501fcb10 mode 2
Event: 28.680 Thread 0x0000025bd780ae30 Uncommon trap: trap_request=0xffffffd6 fr.pc=0x0000025be6ac6984 relative=0x0000000000000364
Event: 28.680 Thread 0x0000025bd780ae30 Uncommon trap: reason=array_check action=maybe_recompile pc=0x0000025be6ac6984 method=java.util.LinkedHashMap.valuesToArray([Ljava/lang/Object;)[Ljava/lang/Object; @ 25 c2
Event: 28.680 Thread 0x0000025bd780ae30 DEOPT PACKING pc=0x0000025be6ac6984 sp=0x000000e9501fcb50
Event: 28.680 Thread 0x0000025bd780ae30 DEOPT UNPACKING pc=0x0000025bdefcd72e sp=0x000000e9501fcaf8 mode 2
Event: 28.686 Thread 0x0000025bd780ae30 Uncommon trap: trap_request=0xffffffd6 fr.pc=0x0000025be6ac6984 relative=0x0000000000000364
Event: 28.686 Thread 0x0000025bd780ae30 Uncommon trap: reason=array_check action=maybe_recompile pc=0x0000025be6ac6984 method=java.util.LinkedHashMap.valuesToArray([Ljava/lang/Object;)[Ljava/lang/Object; @ 25 c2
Event: 28.686 Thread 0x0000025bd780ae30 DEOPT PACKING pc=0x0000025be6ac6984 sp=0x000000e9501fcb50
Event: 28.686 Thread 0x0000025bd780ae30 DEOPT UNPACKING pc=0x0000025bdefcd72e sp=0x000000e9501fcaf8 mode 2
Event: 28.698 Thread 0x0000025bd780ae30 Uncommon trap: trap_request=0xffffffd6 fr.pc=0x0000025be6ac6984 relative=0x0000000000000364
Event: 28.698 Thread 0x0000025bd780ae30 Uncommon trap: reason=array_check action=maybe_recompile pc=0x0000025be6ac6984 method=java.util.LinkedHashMap.valuesToArray([Ljava/lang/Object;)[Ljava/lang/Object; @ 25 c2
Event: 28.698 Thread 0x0000025bd780ae30 DEOPT PACKING pc=0x0000025be6ac6984 sp=0x000000e9501fcb50
Event: 28.698 Thread 0x0000025bd780ae30 DEOPT UNPACKING pc=0x0000025bdefcd72e sp=0x000000e9501fcaf8 mode 2
Event: 28.703 Thread 0x0000025bd780ae30 Uncommon trap: trap_request=0xffffffbe fr.pc=0x0000025be6d2b2f4 relative=0x0000000000000254
Event: 28.703 Thread 0x0000025bd780ae30 Uncommon trap: reason=profile_predicate action=maybe_recompile pc=0x0000025be6d2b2f4 method=java.util.LinkedHashMap.valuesToArray([Ljava/lang/Object;)[Ljava/lang/Object; @ 10 c2
Event: 28.703 Thread 0x0000025bd780ae30 DEOPT PACKING pc=0x0000025be6d2b2f4 sp=0x000000e9501fcb60
Event: 28.703 Thread 0x0000025bd780ae30 DEOPT UNPACKING pc=0x0000025bdefcd72e sp=0x000000e9501fcb10 mode 2

Classes unloaded (0 events):
No events

Classes redefined (0 events):
No events

Internal exceptions (20 events):
Event: 26.416 Thread 0x0000025bd780ae30 Exception <a 'sun/nio/fs/WindowsException'{0x00000000c5387be0}> (0x00000000c5387be0) 
thrown [t:\workspace\open\src\hotspot\share\prims\jni.cpp, line 579]
Event: 26.426 Thread 0x0000025bd780ae30 Exception <a 'sun/nio/fs/WindowsException'{0x00000000c53f67a8}> (0x00000000c53f67a8) 
thrown [t:\workspace\open\src\hotspot\share\prims\jni.cpp, line 579]
Event: 26.435 Thread 0x0000025bd780ae30 Exception <a 'sun/nio/fs/WindowsException'{0x00000000c5260fa0}> (0x00000000c5260fa0) 
thrown [t:\workspace\open\src\hotspot\share\prims\jni.cpp, line 579]
Event: 26.441 Thread 0x0000025bd780ae30 Exception <a 'sun/nio/fs/WindowsException'{0x00000000c526fde8}> (0x00000000c526fde8) 
thrown [t:\workspace\open\src\hotspot\share\prims\jni.cpp, line 579]
Event: 26.459 Thread 0x0000025bd780ae30 Exception <a 'sun/nio/fs/WindowsException'{0x00000000c52ab5b0}> (0x00000000c52ab5b0) 
thrown [t:\workspace\open\src\hotspot\share\prims\jni.cpp, line 579]
Event: 26.465 Thread 0x0000025bd780ae30 Exception <a 'sun/nio/fs/WindowsException'{0x00000000c52bcd70}> (0x00000000c52bcd70) 
thrown [t:\workspace\open\src\hotspot\share\prims\jni.cpp, line 579]
Event: 26.472 Thread 0x0000025bd780ae30 Exception <a 'sun/nio/fs/WindowsException'{0x00000000c52cba60}> (0x00000000c52cba60) 
thrown [t:\workspace\open\src\hotspot\share\prims\jni.cpp, line 579]
Event: 26.485 Thread 0x0000025bd780ae30 Exception <a 'sun/nio/fs/WindowsException'{0x00000000c52fbd10}> (0x00000000c52fbd10) 
thrown [t:\workspace\open\src\hotspot\share\prims\jni.cpp, line 579]
Event: 26.522 Thread 0x0000025bd780ae30 Exception <a 'sun/nio/fs/WindowsException'{0x00000000c51b4c90}> (0x00000000c51b4c90) 
thrown [t:\workspace\open\src\hotspot\share\prims\jni.cpp, line 579]
Event: 26.546 Thread 0x0000025bd780ae30 Exception <a 'sun/nio/fs/WindowsException'{0x00000000c5f24720}> (0x00000000c5f24720) 
thrown [t:\workspace\open\src\hotspot\share\prims\jni.cpp, line 579]
Event: 27.572 Thread 0x0000025bd780ae30 Exception <a 'sun/nio/fs/WindowsException'{0x00000000c694c0b8}> (0x00000000c694c0b8) 
thrown [t:\workspace\open\src\hotspot\share\prims\jni.cpp, line 579]
Event: 27.572 Thread 0x0000025bd780ae30 Exception <a 'sun/nio/fs/WindowsException'{0x00000000c694c3e0}> (0x00000000c694c3e0) 
thrown [t:\workspace\open\src\hotspot\share\prims\jni.cpp, line 579]
Event: 27.574 Thread 0x0000025bd780ae30 Exception <a 'sun/nio/fs/WindowsException'{0x00000000c69ae088}> (0x00000000c69ae088) 
thrown [t:\workspace\open\src\hotspot\share\prims\jni.cpp, line 579]
Event: 27.575 Thread 0x0000025bd780ae30 Exception <a 'sun/nio/fs/WindowsException'{0x00000000c69ae2b8}> (0x00000000c69ae2b8) 
thrown [t:\workspace\open\src\hotspot\share\prims\jni.cpp, line 579]
Event: 27.740 Thread 0x0000025bd780ae30 Exception <a 'sun/nio/fs/WindowsException'{0x00000000c6338708}> (0x00000000c6338708) 
thrown [t:\workspace\open\src\hotspot\share\prims\jni.cpp, line 579]
Event: 27.740 Thread 0x0000025bd780ae30 Exception <a 'sun/nio/fs/WindowsException'{0x00000000c6338a58}> (0x00000000c6338a58) 
thrown [t:\workspace\open\src\hotspot\share\prims\jni.cpp, line 579]
Event: 27.740 Thread 0x0000025bd780ae30 Exception <a 'sun/nio/fs/WindowsException'{0x00000000c6339bb8}> (0x00000000c6339bb8) 
thrown [t:\workspace\open\src\hotspot\share\prims\jni.cpp, line 579]
Event: 27.740 Thread 0x0000025bd780ae30 Exception <a 'sun/nio/fs/WindowsException'{0x00000000c6339fc8}> (0x00000000c6339fc8) 
thrown [t:\workspace\open\src\hotspot\share\prims\jni.cpp, line 579]
Event: 27.741 Thread 0x0000025bd780ae30 Exception <a 'sun/nio/fs/WindowsException'{0x00000000c633b1a8}> (0x00000000c633b1a8) 
thrown [t:\workspace\open\src\hotspot\share\prims\jni.cpp, line 579]
Event: 27.741 Thread 0x0000025bd780ae30 Exception <a 'sun/nio/fs/WindowsException'{0x00000000c633b520}> (0x00000000c633b520) 
thrown [t:\workspace\open\src\hotspot\share\prims\jni.cpp, line 579]

Events (20 events):
Event: 28.577 Thread 0x0000025bf29b3ef0 flushing nmethod 0x0000025be0128d90
Event: 28.577 Thread 0x0000025bf29b3ef0 flushing nmethod 0x0000025be0138590
Event: 28.577 Thread 0x0000025bf29b3ef0 flushing nmethod 0x0000025be013d610
Event: 28.577 Thread 0x0000025bf29b3ef0 flushing nmethod 0x0000025be013ef90
Event: 28.577 Thread 0x0000025bf29b3ef0 flushing nmethod 0x0000025be0146090
Event: 28.577 Thread 0x0000025bf29b3ef0 flushing nmethod 0x0000025be0149310
Event: 28.577 Thread 0x0000025bf29b3ef0 flushing nmethod 0x0000025be0174190
Event: 28.577 Thread 0x0000025bf29b3ef0 flushing nmethod 0x0000025be01ae510
Event: 28.577 Thread 0x0000025bf29b3ef0 flushing nmethod 0x0000025be01b0310
Event: 28.578 Thread 0x0000025bf29b3ef0 flushing nmethod 0x0000025be01b4090
Event: 28.578 Thread 0x0000025bf29b3ef0 flushing nmethod 0x0000025be01b5b10
Event: 28.578 Thread 0x0000025bf29b3ef0 flushing nmethod 0x0000025be01b5e90
Event: 28.578 Thread 0x0000025bf29b3ef0 flushing nmethod 0x0000025be01b9e10
Event: 28.578 Thread 0x0000025bf29b3ef0 flushing nmethod 0x0000025be01c9e10
Event: 28.578 Thread 0x0000025bf29b3ef0 flushing nmethod 0x0000025be01ed090
Event: 28.578 Thread 0x0000025bf29b3ef0 flushing nmethod 0x0000025be022c510
Event: 28.578 Thread 0x0000025bf29b3ef0 flushing nmethod 0x0000025be022fc10
Event: 28.660 Executing  VM operation: G1CollectForAllocation
Event: 28.674 Executing  VM operation: G1CollectForAllocation done
Event: 28.711 Executing  VM operation: G1CollectForAllocation


Dynamic libraries:
0x00007ff718250000 - 0x00007ff718260000 	C:\Program Files\Java\jdk-16\bin\java.exe
0x00007ff878110000 - 0x00007ff878305000 	C:\Windows\SYSTEM32\ntdll.dll
0x00007ff876e60000 - 0x00007ff876f1d000 	C:\Windows\System32\KERNEL32.DLL
0x00007ff875c70000 - 0x00007ff875f39000 	C:\Windows\System32\KERNELBASE.dll
0x00007ff875ac0000 - 0x00007ff875bc0000 	C:\Windows\System32\ucrtbase.dll
0x00007ff86fd50000 - 0x00007ff86fd69000 	C:\Program Files\Java\jdk-16\bin\VCRUNTIME140.dll
0x00007ff86fd30000 - 0x00007ff86fd48000 	C:\Program Files\Java\jdk-16\bin\jli.dll
0x00007ff876170000 - 0x00007ff87621c000 	C:\Windows\System32\ADVAPI32.dll
0x00007ff877780000 - 0x00007ff87781e000 	C:\Windows\System32\msvcrt.dll
0x00007ff876f20000 - 0x00007ff876fbb000 	C:\Windows\System32\sechost.dll
0x00007ff8772f0000 - 0x00007ff87741a000 	C:\Windows\System32\RPCRT4.dll
0x00007ff864ba0000 - 0x00007ff864e3a000 	C:\Windows\WinSxS\amd64_microsoft.windows.common-controls_6595b64144ccf1df_6.0.19041.1110_none_60b5254171f9507e\COMCTL32.dll
0x00007ff877750000 - 0x00007ff87777a000 	C:\Windows\System32\GDI32.dll
0x00007ff876140000 - 0x00007ff876162000 	C:\Windows\System32\win32u.dll
0x00007ff875f40000 - 0x00007ff87604b000 	C:\Windows\System32\gdi32full.dll
0x00007ff8775b0000 - 0x00007ff877750000 	C:\Windows\System32\USER32.dll
0x00007ff875840000 - 0x00007ff8758dd000 	C:\Windows\System32\msvcp_win.dll
0x00007ff866010000 - 0x00007ff86601a000 	C:\Windows\SYSTEM32\VERSION.dll
0x00007ff8765d0000 - 0x00007ff876600000 	C:\Windows\System32\IMM32.DLL
0x00007ff8701c0000 - 0x00007ff8701cc000 	C:\Program Files\Java\jdk-16\bin\vcruntime140_1.dll
0x00007ff86dfc0000 - 0x00007ff86e051000 	C:\Program Files\Java\jdk-16\bin\msvcp140.dll
0x00007ff845b40000 - 0x00007ff8466eb000 	C:\Program Files\Java\jdk-16\bin\server\jvm.dll
0x00007ff8765c0000 - 0x00007ff8765c8000 	C:\Windows\System32\PSAPI.DLL
0x00007ff864210000 - 0x00007ff864237000 	C:\Windows\SYSTEM32\WINMM.dll
0x00007ff8631f0000 - 0x00007ff8631f9000 	C:\Windows\SYSTEM32\WSOCK32.dll
0x00007ff877d00000 - 0x00007ff877d6b000 	C:\Windows\System32\WS2_32.dll
0x00007ff873710000 - 0x00007ff873722000 	C:\Windows\SYSTEM32\kernel.appcore.dll
0x00007ff870110000 - 0x00007ff87011a000 	C:\Program Files\Java\jdk-16\bin\jimage.dll
0x00007ff862dc0000 - 0x00007ff862fa4000 	C:\Windows\SYSTEM32\DBGHELP.DLL
0x00007ff862fd0000 - 0x00007ff862ffc000 	C:\Windows\SYSTEM32\dbgcore.DLL
0x00007ff876050000 - 0x00007ff8760d3000 	C:\Windows\System32\bcryptPrimitives.dll
0x00007ff86fc40000 - 0x00007ff86fc65000 	C:\Program Files\Java\jdk-16\bin\java.dll
0x00007ff876690000 - 0x00007ff876dcf000 	C:\Windows\System32\SHELL32.dll
0x00007ff873910000 - 0x00007ff8740a0000 	C:\Windows\SYSTEM32\windows.storage.dll
0x00007ff877d70000 - 0x00007ff8780c5000 	C:\Windows\System32\combase.dll
0x00007ff8752a0000 - 0x00007ff8752cc000 	C:\Windows\SYSTEM32\Wldp.dll
0x00007ff877240000 - 0x00007ff8772ee000 	C:\Windows\System32\SHCORE.dll
0x00007ff877550000 - 0x00007ff8775a5000 	C:\Windows\System32\shlwapi.dll
0x00007ff875780000 - 0x00007ff87579f000 	C:\Windows\SYSTEM32\profapi.dll
0x00007ff86e2a0000 - 0x00007ff86e2b9000 	C:\Program Files\Java\jdk-16\bin\net.dll
0x00007ff86d010000 - 0x00007ff86d118000 	C:\Windows\SYSTEM32\WINHTTP.dll
0x00007ff874fb0000 - 0x00007ff87501a000 	C:\Windows\system32\mswsock.dll
0x00007ff86e280000 - 0x00007ff86e293000 	C:\Program Files\Java\jdk-16\bin\nio.dll
0x00007ff86e1b0000 - 0x00007ff86e1c8000 	C:\Program Files\Java\jdk-16\bin\zip.dll
0x00007ff8700c0000 - 0x00007ff8700d0000 	C:\Program Files\Java\jdk-16\bin\verify.dll
0x00007ff86ff70000 - 0x00007ff86ff7a000 	C:\Program Files\Maven\apache-maven-3.8.1\lib\jansi-native\windows64\jansi.dll

dbghelp: loaded successfully - version: 4.0.5 - missing functions: none
symbol engine: initialized successfully - sym options: 0x614 - pdb path: .;C:\Program Files\Java\jdk-16\bin;C:\Windows\SYSTEM32;C:\Windows\WinSxS\amd64_microsoft.windows.common-controls_6595b64144ccf1df_6.0.19041.1110_none_60b5254171f9507e;C:\Program Files\Java\jdk-16\bin\server;C:\Program Files\Maven\apache-maven-3.8.1\lib\jansi-native\windows64

VM Arguments:
jvm_args: -Dclassworlds.conf=C:\Program Files\Maven\apache-maven-3.8.1\bin\..\bin\m2.conf -Dmaven.home=C:\Program Files\Maven\apache-maven-3.8.1\bin\.. -Dlibrary.jansi.path=C:\Program Files\Maven\apache-maven-3.8.1\bin\..\lib\jansi-native -Dmaven.multiModuleProjectDirectory=E:\Simplilearn\CapStone Project\BackEnd\Springboot\Foodbox 
java_command: org.codehaus.plexus.classworlds.launcher.Launcher clean install
java_class_path (initial): C:\Program Files\Maven\apache-maven-3.8.1\bin\..\boot\plexus-classworlds-2.6.0.jar
Launcher Type: SUN_STANDARD

[Global flags]
     intx CICompilerCount                          = 3                                         {product} {ergonomic}
     uint ConcGCThreads                            = 1                                         {product} {ergonomic}
     uint G1ConcRefinementThreads                  = 4                                         {product} {ergonomic}
   size_t G1HeapRegionSize                         = 1048576                                   {product} {ergonomic}
    uintx GCDrainStackTargetSize                   = 64                                        {product} {ergonomic}
   size_t InitialHeapSize                          = 67108864                                  {product} {ergonomic}
   size_t MarkStackSize                            = 4194304                                   {product} {ergonomic}
   size_t MaxHeapSize                              = 1054867456                                {product} {ergonomic}
   size_t MaxNewSize                               = 632291328                                 {product} {ergonomic}
   size_t MinHeapDeltaBytes                        = 1048576                                   {product} {ergonomic}
   size_t MinHeapSize                              = 8388608                                   {product} {ergonomic}
    uintx NonNMethodCodeHeapSize                   = 5832780                                {pd product} {ergonomic}
    uintx NonProfiledCodeHeapSize                  = 122912730                              {pd product} {ergonomic}
    uintx ProfiledCodeHeapSize                     = 122912730                              {pd product} {ergonomic}
    uintx ReservedCodeCacheSize                    = 251658240                              {pd product} {ergonomic}
     bool SegmentedCodeCache                       = true                                      {product} {ergonomic}
   size_t SoftMaxHeapSize                          = 1054867456                             {manageable} {ergonomic}
     bool UseCompressedClassPointers               = true                           {product lp64_product} {ergonomic}
     bool UseCompressedOops                        = true                           {product lp64_product} {ergonomic}
     bool UseG1GC                                  = true                                      {product} {ergonomic}
     bool UseLargePagesIndividualAllocation        = false                                  {pd product} {ergonomic}

Logging:
Log output configuration:
 #0: stdout all=warning uptime,level,tags
 #1: stderr all=off uptime,level,tags

Environment Variables:
JAVA_HOME=C:\Program Files\Java\jdk-16
PATH=C:/Program Files/Java/jdk-16/bin/server;C:/Program Files/Java/jdk-16/bin;C:\Python39\Scripts\;C:\Python39\;C:\Program Files (x86)\Common Files\Oracle\Java\javapath;C:\Program Files\Common Files\Oracle\Java\javapath;C:\Windows\system32;C:\Windows;C:\Windows\System32\Wbem;C:\Windows\System32\WindowsPowerShell\v1.0\;C:\Windows\System32\OpenSSH\;C:\Program Files\Java\jdk-16\bin;C:\Program Files\Java\jre1.8.0_281\bin;C:\Program Files (x86)\HP\IdrsOCR_15.2.10.1114\;C:\Program Files\Git\cmd;C:\ProgramData\chocolatey\bin;C:\Program Files\nodejs\;C:\Program Files\Amazon\AWSCLIV2\;C:\Program Files\PuTTY\;C:\Program Files\Docker\Docker\resources\bin;C:\ProgramData\DockerDesktop\version-bin;C:\Program Files\MySQL\MySQL Shell 8.0\bin\;C:\Users\Admin\AppData\Local\Microsoft\WindowsApps;%CLASSPATH%\servlet-api.jar;%CATALINA_HOME%\bin;%CLASSPATH%\servlet-api.jar;C:\Users\Admin\AppData\Local\Programs\Microsoft VS Code\bin;C:\Users\Admin\AppData\Roaming\npm;C:\Program Files\MongoDB\Server\4.4\bin;C:\Program Files\Maven\apache-maven-3.8.1\bin;C:\ProgramData\Admin\GitHubDesktop\bin;C:\Users\Admin\Desktop;
USERNAME=Admin
OS=Windows_NT
PROCESSOR_IDENTIFIER=Intel64 Family 6 Model 69 Stepping 1, GenuineIntel



---------------  S Y S T E M  ---------------

OS:
 Windows 10 , 64 bit Build 19041 (10.0.19041.1151)
OS uptime: 11 days 22:56 hours
Hyper-V role detected

CPU: total 4 (initial active 4) (2 cores per cpu, 2 threads per core) family 6 model 69 stepping 1 microcode 0x25, cx8, cmov, fxsr, ht, mmx, sse, sse2, sse3, ssse3, sse4.1, sse4.2, popcnt, lzcnt, tsc, tscinvbit, avx, avx2, aes, erms, clmul, bmi1, bmi2, fma, vzeroupper, clflush, hv

Memory: 4k page, system-wide physical 4016M (81M free)
TotalPageFile size 16304M (AvailPageFile size 21M)
current process WorkingSet (physical memory assigned to process): 203M, peak: 203M
current process commit charge ("private bytes"): 253M, peak: 287M

vm_info: Java HotSpot(TM) 64-Bit Server VM (16+36-2231) for windows-amd64 JRE (16+36-2231), built on Feb  8 2021 11:43:10 by "mach5one" with MS VC++ 16.7 (VS2019)

END.
