#
# There is insufficient memory for the Java Runtime Environment to continue.
# Native memory allocation (mmap) failed to map 93323264 bytes for G1 virtual space
# Possible reasons:
#   The system is out of physical RAM or swap space
#   The process is running with CompressedOops enabled, and the Java Heap may be blocking the growth of the native heap
# Possible solutions:
#   Reduce memory load on the system
#   Increase physical memory or swap space
#   Check if swap backing store is full
#   Decrease Java heap size (-Xmx/-Xms)
#   Decrease number of Java threads
#   Decrease Java thread stack sizes (-Xss)
#   Set larger code cache with -XX:ReservedCodeCacheSize=
#   JVM is running with Unscaled Compressed Oops mode in which the Java heap is
#     placed in the first 4GB address space. The Java Heap base address is the
#     maximum limit for the native heap growth. Please use -XX:HeapBaseMinAddress
#     to set the Java Heap base and to place the Java Heap above 4GB virtual address.
# This output file may be truncated or incomplete.
#
#  Out of Memory Error (os_windows.cpp:3466), pid=7928, tid=29580
#
# JRE version: Java(TM) SE Runtime Environment (16.0+36) (build 16+36-2231)
# Java VM: Java HotSpot(TM) 64-Bit Server VM (16+36-2231, mixed mode, sharing, tiered, compressed oops, g1 gc, windows-amd64)
# No core dump will be written. Minidumps are not enabled by default on client versions of Windows
#

---------------  S U M M A R Y ------------

Command Line: -Dclassworlds.conf=C:\Program Files\Maven\apache-maven-3.8.1\bin\..\bin\m2.conf -Dmaven.home=C:\Program Files\Maven\apache-maven-3.8.1\bin\.. -Dlibrary.jansi.path=C:\Program Files\Maven\apache-maven-3.8.1\bin\..\lib\jansi-native -Dmaven.multiModuleProjectDirectory=E:\Simplilearn\CapStone Project\BackEnd\Springboot\Foodbox org.codehaus.plexus.classworlds.launcher.Launcher clean install -DskipTests=true

Host: Intel(R) Core(TM) i3-4005U CPU @ 1.70GHz, 4 cores, 3G,  Windows 10 , 64 bit Build 19041 (10.0.19041.1151)
Time: Tue Aug 31 21:55:33 2021 India Standard Time elapsed time: 21.351207 seconds (0d 0h 0m 21s)

---------------  T H R E A D  ---------------

Current thread (0x0000025f55e333e0):  VMThread "VM Thread" [stack: 0x0000008d8ad00000,0x0000008d8ae00000] [id=29580]

Stack: [0x0000008d8ad00000,0x0000008d8ae00000]
Native frames: (J=compiled Java code, j=interpreted, Vv=VM code, C=native code)
V  [jvm.dll+0x6681da]
V  [jvm.dll+0x7c9d99]
V  [jvm.dll+0x7cb4d3]
V  [jvm.dll+0x7cbb33]
V  [jvm.dll+0x242ee5]
V  [jvm.dll+0x664f99]
V  [jvm.dll+0x659b85]
V  [jvm.dll+0x2fbfcb]
V  [jvm.dll+0x3031c6]
V  [jvm.dll+0x352a0e]
V  [jvm.dll+0x352c3f]
V  [jvm.dll+0x2d3038]
V  [jvm.dll+0x2d0bc5]
V  [jvm.dll+0x2d01fc]
V  [jvm.dll+0x3156a3]
V  [jvm.dll+0x7cff2b]
V  [jvm.dll+0x7d0c24]
V  [jvm.dll+0x7d1129]
V  [jvm.dll+0x7d13e4]
V  [jvm.dll+0x7d14b0]
V  [jvm.dll+0x77952a]
V  [jvm.dll+0x667076]
C  [ucrtbase.dll+0x21bb2]
C  [KERNEL32.DLL+0x17034]
C  [ntdll.dll+0x52651]

VM_Operation (0x0000008d8a7fc4e0): G1TryInitiateConcMark, mode: safepoint, requested by thread 0x0000025f3ad1ab00


---------------  P R O C E S S  ---------------

Threads class SMR info:
_java_thread_list=0x0000025f569310a0, length=12, elements={
0x0000025f3ad1ab00, 0x0000025f55e37030, 0x0000025f55e37ef0, 0x0000025f55e4adf0,
0x0000025f55e4cb60, 0x0000025f55e4f670, 0x0000025f55e50070, 0x0000025f55e56360,
0x0000025f55e5ee60, 0x0000025f55e5f8a0, 0x0000025f5694f830, 0x0000025f56957470
}

Java Threads: ( => current thread )
  0x0000025f3ad1ab00 JavaThread "main" [_thread_blocked, id=6900, stack(0x0000008d8a700000,0x0000008d8a800000)]
  0x0000025f55e37030 JavaThread "Reference Handler" daemon [_thread_blocked, id=25896, stack(0x0000008d8ae00000,0x0000008d8af00000)]
  0x0000025f55e37ef0 JavaThread "Finalizer" daemon [_thread_blocked, id=21048, stack(0x0000008d8af00000,0x0000008d8b000000)]
  0x0000025f55e4adf0 JavaThread "Signal Dispatcher" daemon [_thread_blocked, id=16188, stack(0x0000008d8b000000,0x0000008d8b100000)]
  0x0000025f55e4cb60 JavaThread "Attach Listener" daemon [_thread_blocked, id=16308, stack(0x0000008d8b100000,0x0000008d8b200000)]
  0x0000025f55e4f670 JavaThread "Service Thread" daemon [_thread_blocked, id=30176, stack(0x0000008d8b200000,0x0000008d8b300000)]
  0x0000025f55e50070 JavaThread "Monitor Deflation Thread" daemon [_thread_blocked, id=30684, stack(0x0000008d8b300000,0x0000008d8b400000)]
  0x0000025f55e56360 JavaThread "C2 CompilerThread0" daemon [_thread_in_native, id=21196, stack(0x0000008d8b400000,0x0000008d8b500000)]
  0x0000025f55e5ee60 JavaThread "C1 CompilerThread0" daemon [_thread_blocked, id=22592, stack(0x0000008d8b500000,0x0000008d8b600000)]
  0x0000025f55e5f8a0 JavaThread "Sweeper thread" daemon [_thread_blocked, id=17976, stack(0x0000008d8b600000,0x0000008d8b700000)]
  0x0000025f5694f830 JavaThread "Notification Thread" daemon [_thread_blocked, id=16136, stack(0x0000008d8b700000,0x0000008d8b800000)]
  0x0000025f56957470 JavaThread "Common-Cleaner" daemon [_thread_blocked, id=17188, stack(0x0000008d8b900000,0x0000008d8ba00000)]

Other Threads:
=>0x0000025f55e333e0 VMThread "VM Thread" [stack: 0x0000008d8ad00000,0x0000008d8ae00000] [id=29580]
  0x0000025f56957180 WatcherThread [stack: 0x0000008d8b800000,0x0000008d8b900000] [id=23568]
  0x0000025f3ad4abc0 GCTaskThread "GC Thread#0" [stack: 0x0000008d8a800000,0x0000008d8a900000] [id=21772]
  0x0000025f570c2f40 GCTaskThread "GC Thread#1" [stack: 0x0000008d8ba00000,0x0000008d8bb00000] [id=14812]
  0x0000025f570c3ca0 GCTaskThread "GC Thread#2" [stack: 0x0000008d8bb00000,0x0000008d8bc00000] [id=18104]
  0x0000025f57237bc0 GCTaskThread "GC Thread#3" [stack: 0x0000008d8bc00000,0x0000008d8bd00000] [id=26668]
  0x0000025f3ad53ad0 ConcurrentGCThread "G1 Main Marker" [stack: 0x0000008d8a900000,0x0000008d8aa00000] [id=15664]
  0x0000025f3ad54d60 ConcurrentGCThread "G1 Conc#0" [stack: 0x0000008d8aa00000,0x0000008d8ab00000] [id=18304]
  0x0000025f3ada5470 ConcurrentGCThread "G1 Refine#0" [stack: 0x0000008d8ab00000,0x0000008d8ac00000] [id=22076]
  0x0000025f3ada6f00 ConcurrentGCThread "G1 Service" [stack: 0x0000008d8ac00000,0x0000008d8ad00000] [id=13880]

Threads with active compile tasks:
C2 CompilerThread0    21447 6852       4       java.util.zip.ZipFile$Source::initCEN (805 bytes)

VM state: at safepoint (normal execution)

VM Mutex/Monitor currently owned by a thread:  ([mutex/lock_event])
[0x0000025f3ad17d20] Threads_lock - owner thread: 0x0000025f55e333e0
[0x0000025f3ad16cd0] Heap_lock - owner thread: 0x0000025f3ad1ab00

Heap address: 0x00000000c1200000, size: 1006 MB, Compressed Oops mode: 32-bit
CDS archive(s) mapped at: [0x0000000800000000-0x0000000800bb0000-0x0000000800bb0000), size 12255232, SharedBaseAddress: 0x0000000800000000, ArchiveRelocationMode: 0.
Compressed class space mapped at: 0x0000000800c00000-0x0000000840c00000, reserved size: 1073741824
Narrow klass base: 0x0000000800000000, Narrow klass shift: 3, Narrow klass range: 0x100000000

GC Precious Log:
 CPUs: 4 total, 4 available
 Memory: 4016M
 Large Page Support: Disabled
 NUMA Support: Disabled
 Compressed Oops: Enabled (32-bit)
 Heap Region Size: 1M
 Heap Min Capacity: 8M
 Heap Initial Capacity: 64M
 Heap Max Capacity: 1006M
 Pre-touch: Disabled
 Parallel Workers: 4
 Concurrent Workers: 1
 Concurrent Refinement Workers: 4
 Periodic GC: Disabled

Heap:
 garbage-first heap   total 91136K, used 47834K [0x00000000c1200000, 0x0000000100000000)
  region size 1024K, 4 young (4096K), 4 survivors (4096K)
 Metaspace       used 26942K, committed 27264K, reserved 1073152K
  class space    used 2859K, committed 3008K, reserved 1048576K

Heap Regions: E=young(eden), S=young(survivor), O=old, HS=humongous(starts), HC=humongous(continues), CS=collection set, F=free, OA=open archive, CA=closed archive, TAMS=top-at-mark-start (previous, next)
|   0|0x00000000c1200000, 0x00000000c1300000, 0x00000000c1300000|100%| O|  |TAMS 0x00000000c1300000, 0x00000000c1300000| Untracked 
|   1|0x00000000c1300000, 0x00000000c1400000, 0x00000000c1400000|100%| O|  |TAMS 0x00000000c1400000, 0x00000000c1400000| Untracked 
|   2|0x00000000c1400000, 0x00000000c1500000, 0x00000000c1500000|100%| O|  |TAMS 0x00000000c1500000, 0x00000000c1500000| Untracked 
|   3|0x00000000c1500000, 0x00000000c1600000, 0x00000000c1600000|100%| O|  |TAMS 0x00000000c1600000, 0x00000000c1600000| Untracked 
|   4|0x00000000c1600000, 0x00000000c1700000, 0x00000000c1700000|100%| O|  |TAMS 0x00000000c1700000, 0x00000000c1700000| Untracked 
|   5|0x00000000c1700000, 0x00000000c1800000, 0x00000000c1800000|100%| O|  |TAMS 0x00000000c1800000, 0x00000000c1800000| Untracked 
|   6|0x00000000c1800000, 0x00000000c1900000, 0x00000000c1900000|100%| O|  |TAMS 0x00000000c1900000, 0x00000000c1900000| Untracked 
|   7|0x00000000c1900000, 0x00000000c1a00000, 0x00000000c1a00000|100%| O|  |TAMS 0x00000000c1a00000, 0x00000000c1a00000| Untracked 
|   8|0x00000000c1a00000, 0x00000000c1b00000, 0x00000000c1b00000|100%| O|  |TAMS 0x00000000c1b00000, 0x00000000c1b00000| Untracked 
|   9|0x00000000c1b00000, 0x00000000c1c00000, 0x00000000c1c00000|100%| O|  |TAMS 0x00000000c1c00000, 0x00000000c1c00000| Untracked 
|  10|0x00000000c1c00000, 0x00000000c1d00000, 0x00000000c1d00000|100%|HS|  |TAMS 0x00000000c1c00000, 0x00000000c1d00000| Complete 
|  11|0x00000000c1d00000, 0x00000000c1e00000, 0x00000000c1e00000|100%| O|  |TAMS 0x00000000c1e00000, 0x00000000c1e00000| Untracked 
|  12|0x00000000c1e00000, 0x00000000c1f00000, 0x00000000c1f00000|100%| O|  |TAMS 0x00000000c1f00000, 0x00000000c1f00000| Untracked 
|  13|0x00000000c1f00000, 0x00000000c1ff8e00, 0x00000000c2000000| 97%| O|  |TAMS 0x00000000c1ff8e00, 0x00000000c1ff8e00| Untracked 
|  14|0x00000000c2000000, 0x00000000c2100000, 0x00000000c2100000|100%|HS|  |TAMS 0x00000000c2100000, 0x00000000c2100000| Complete 
|  15|0x00000000c2100000, 0x00000000c2200000, 0x00000000c2200000|100%| O|  |TAMS 0x00000000c2200000, 0x00000000c2200000| Untracked 
|  16|0x00000000c2200000, 0x00000000c2300000, 0x00000000c2300000|100%| O|  |TAMS 0x00000000c2300000, 0x00000000c2300000| Untracked 
|  17|0x00000000c2300000, 0x00000000c2400000, 0x00000000c2400000|100%| O|  |TAMS 0x00000000c2400000, 0x00000000c2400000| Untracked 
|  18|0x00000000c2400000, 0x00000000c2500000, 0x00000000c2500000|100%| O|  |TAMS 0x00000000c2500000, 0x00000000c2500000| Untracked 
|  19|0x00000000c2500000, 0x00000000c2600000, 0x00000000c2600000|100%| O|  |TAMS 0x00000000c2600000, 0x00000000c2600000| Untracked 
|  20|0x00000000c2600000, 0x00000000c2700000, 0x00000000c2700000|100%| O|  |TAMS 0x00000000c2700000, 0x00000000c2700000| Untracked 
|  21|0x00000000c2700000, 0x00000000c2800000, 0x00000000c2800000|100%| O|  |TAMS 0x00000000c27ba400, 0x00000000c2800000| Untracked 
|  22|0x00000000c2800000, 0x00000000c2900000, 0x00000000c2900000|100%| O|  |TAMS 0x00000000c2800000, 0x00000000c2900000| Untracked 
|  23|0x00000000c2900000, 0x00000000c2a00000, 0x00000000c2a00000|100%| O|  |TAMS 0x00000000c2900000, 0x00000000c2a00000| Untracked 
|  24|0x00000000c2a00000, 0x00000000c2b00000, 0x00000000c2b00000|100%| O|  |TAMS 0x00000000c2b00000, 0x00000000c2b00000| Untracked 
|  25|0x00000000c2b00000, 0x00000000c2c00000, 0x00000000c2c00000|100%| O|  |TAMS 0x00000000c2c00000, 0x00000000c2c00000| Untracked 
|  26|0x00000000c2c00000, 0x00000000c2d00000, 0x00000000c2d00000|100%| O|  |TAMS 0x00000000c2d00000, 0x00000000c2d00000| Untracked 
|  27|0x00000000c2d00000, 0x00000000c2e00000, 0x00000000c2e00000|100%| O|  |TAMS 0x00000000c2e00000, 0x00000000c2e00000| Untracked 
|  28|0x00000000c2e00000, 0x00000000c2f00000, 0x00000000c2f00000|100%| O|  |TAMS 0x00000000c2f00000, 0x00000000c2f00000| Untracked 
|  29|0x00000000c2f00000, 0x00000000c3000000, 0x00000000c3000000|100%| O|  |TAMS 0x00000000c2f00000, 0x00000000c3000000| Untracked 
|  30|0x00000000c3000000, 0x00000000c3100000, 0x00000000c3100000|100%| O|  |TAMS 0x00000000c3000000, 0x00000000c3000000| Untracked 
|  31|0x00000000c3100000, 0x00000000c3200000, 0x00000000c3200000|100%| O|  |TAMS 0x00000000c3100000, 0x00000000c3200000| Untracked 
|  32|0x00000000c3200000, 0x00000000c3300000, 0x00000000c3300000|100%| O|  |TAMS 0x00000000c3200000, 0x00000000c3300000| Untracked 
|  33|0x00000000c3300000, 0x00000000c3400000, 0x00000000c3400000|100%| O|  |TAMS 0x00000000c3300000, 0x00000000c3400000| Untracked 
|  34|0x00000000c3400000, 0x00000000c3500000, 0x00000000c3500000|100%|HS|  |TAMS 0x00000000c3400000, 0x00000000c3500000| Complete 
|  35|0x00000000c3500000, 0x00000000c3600000, 0x00000000c3600000|100%|HC|  |TAMS 0x00000000c3500000, 0x00000000c3600000| Complete 
|  36|0x00000000c3600000, 0x00000000c3700000, 0x00000000c3700000|100%| O|  |TAMS 0x00000000c3600000, 0x00000000c3600000| Untracked 
|  37|0x00000000c3700000, 0x00000000c3800000, 0x00000000c3800000|100%| O|  |TAMS 0x00000000c3700000, 0x00000000c3800000| Untracked 
|  38|0x00000000c3800000, 0x00000000c3900000, 0x00000000c3900000|100%| O|  |TAMS 0x00000000c3800000, 0x00000000c3900000| Untracked 
|  39|0x00000000c3900000, 0x00000000c3a00000, 0x00000000c3a00000|100%| O|  |TAMS 0x00000000c3900000, 0x00000000c3a00000| Untracked 
|  40|0x00000000c3a00000, 0x00000000c3b00000, 0x00000000c3b00000|100%| O|  |TAMS 0x00000000c3a00000, 0x00000000c3aba400| Untracked 
|  41|0x00000000c3b00000, 0x00000000c3bbda00, 0x00000000c3c00000| 74%| O|  |TAMS 0x00000000c3b00000, 0x00000000c3b00000| Untracked 
|  42|0x00000000c3c00000, 0x00000000c3c00000, 0x00000000c3d00000|  0%| F|  |TAMS 0x00000000c3c00000, 0x00000000c3c00000| Untracked 
|  43|0x00000000c3d00000, 0x00000000c3d00000, 0x00000000c3e00000|  0%| F|  |TAMS 0x00000000c3d00000, 0x00000000c3d00000| Untracked 
|  44|0x00000000c3e00000, 0x00000000c3e00000, 0x00000000c3f00000|  0%| F|  |TAMS 0x00000000c3e00000, 0x00000000c3e00000| Untracked 
|  45|0x00000000c3f00000, 0x00000000c3f00000, 0x00000000c4000000|  0%| F|  |TAMS 0x00000000c3f00000, 0x00000000c3f00000| Untracked 
|  46|0x00000000c4000000, 0x00000000c4000000, 0x00000000c4100000|  0%| F|  |TAMS 0x00000000c4000000, 0x00000000c4000000| Untracked 
|  47|0x00000000c4100000, 0x00000000c4100000, 0x00000000c4200000|  0%| F|  |TAMS 0x00000000c4100000, 0x00000000c4100000| Untracked 
|  48|0x00000000c4200000, 0x00000000c4200000, 0x00000000c4300000|  0%| F|  |TAMS 0x00000000c4200000, 0x00000000c4200000| Untracked 
|  49|0x00000000c4300000, 0x00000000c4300000, 0x00000000c4400000|  0%| F|  |TAMS 0x00000000c4300000, 0x00000000c4300000| Untracked 
|  50|0x00000000c4400000, 0x00000000c4400000, 0x00000000c4500000|  0%| F|  |TAMS 0x00000000c4400000, 0x00000000c4400000| Untracked 
|  51|0x00000000c4500000, 0x00000000c4500000, 0x00000000c4600000|  0%| F|  |TAMS 0x00000000c4500000, 0x00000000c4500000| Untracked 
|  52|0x00000000c4600000, 0x00000000c4600000, 0x00000000c4700000|  0%| F|  |TAMS 0x00000000c4600000, 0x00000000c4600000| Untracked 
|  53|0x00000000c4700000, 0x00000000c4700000, 0x00000000c4800000|  0%| F|  |TAMS 0x00000000c4700000, 0x00000000c4700000| Untracked 
|  54|0x00000000c4800000, 0x00000000c4800000, 0x00000000c4900000|  0%| F|  |TAMS 0x00000000c4800000, 0x00000000c4800000| Untracked 
|  55|0x00000000c4900000, 0x00000000c4900000, 0x00000000c4a00000|  0%| F|  |TAMS 0x00000000c4900000, 0x00000000c4900000| Untracked 
|  56|0x00000000c4a00000, 0x00000000c4a00000, 0x00000000c4b00000|  0%| F|  |TAMS 0x00000000c4a00000, 0x00000000c4a00000| Untracked 
|  57|0x00000000c4b00000, 0x00000000c4b00000, 0x00000000c4c00000|  0%| F|  |TAMS 0x00000000c4b00000, 0x00000000c4b00000| Untracked 
|  58|0x00000000c4c00000, 0x00000000c4c00000, 0x00000000c4d00000|  0%| F|  |TAMS 0x00000000c4c00000, 0x00000000c4c00000| Untracked 
|  59|0x00000000c4d00000, 0x00000000c4d00000, 0x00000000c4e00000|  0%| F|  |TAMS 0x00000000c4d00000, 0x00000000c4d00000| Untracked 
|  60|0x00000000c4e00000, 0x00000000c4e00000, 0x00000000c4f00000|  0%| F|  |TAMS 0x00000000c4e00000, 0x00000000c4e00000| Untracked 
|  61|0x00000000c4f00000, 0x00000000c4f00000, 0x00000000c5000000|  0%| F|  |TAMS 0x00000000c4f00000, 0x00000000c4f00000| Untracked 
|  62|0x00000000c5000000, 0x00000000c5000000, 0x00000000c5100000|  0%| F|  |TAMS 0x00000000c5000000, 0x00000000c5000000| Untracked 
|  63|0x00000000c5100000, 0x00000000c5100000, 0x00000000c5200000|  0%| F|  |TAMS 0x00000000c5100000, 0x00000000c5100000| Untracked 
|  64|0x00000000c5200000, 0x00000000c5200000, 0x00000000c5300000|  0%| F|  |TAMS 0x00000000c5200000, 0x00000000c5200000| Untracked 
|  65|0x00000000c5300000, 0x00000000c5300000, 0x00000000c5400000|  0%| F|  |TAMS 0x00000000c5300000, 0x00000000c5300000| Untracked 
|  66|0x00000000c5400000, 0x00000000c5400000, 0x00000000c5500000|  0%| F|  |TAMS 0x00000000c5400000, 0x00000000c5400000| Untracked 
|  67|0x00000000c5500000, 0x00000000c5500000, 0x00000000c5600000|  0%| F|  |TAMS 0x00000000c5500000, 0x00000000c5500000| Untracked 
|  68|0x00000000c5600000, 0x00000000c5600000, 0x00000000c5700000|  0%| F|  |TAMS 0x00000000c5600000, 0x00000000c5600000| Untracked 
|  69|0x00000000c5700000, 0x00000000c5700000, 0x00000000c5800000|  0%| F|  |TAMS 0x00000000c5700000, 0x00000000c5700000| Untracked 
|  70|0x00000000c5800000, 0x00000000c5800000, 0x00000000c5900000|  0%| F|  |TAMS 0x00000000c5800000, 0x00000000c5800000| Untracked 
|  71|0x00000000c5900000, 0x00000000c5900000, 0x00000000c5a00000|  0%| F|  |TAMS 0x00000000c5900000, 0x00000000c5900000| Untracked 
|  72|0x00000000c5a00000, 0x00000000c5a00000, 0x00000000c5b00000|  0%| F|  |TAMS 0x00000000c5a00000, 0x00000000c5a00000| Untracked 
|  73|0x00000000c5b00000, 0x00000000c5b00000, 0x00000000c5c00000|  0%| F|  |TAMS 0x00000000c5b00000, 0x00000000c5b00000| Untracked 
|  74|0x00000000c5c00000, 0x00000000c5c00000, 0x00000000c5d00000|  0%| F|  |TAMS 0x00000000c5c00000, 0x00000000c5c00000| Untracked 
|  75|0x00000000c5d00000, 0x00000000c5d00000, 0x00000000c5e00000|  0%| F|  |TAMS 0x00000000c5d00000, 0x00000000c5d00000| Untracked 
|  76|0x00000000c5e00000, 0x00000000c5f00000, 0x00000000c5f00000|100%| S|CS|TAMS 0x00000000c5e00000, 0x00000000c5e00000| Complete 
|  77|0x00000000c5f00000, 0x00000000c6000000, 0x00000000c6000000|100%| S|CS|TAMS 0x00000000c5f00000, 0x00000000c5f00000| Complete 
|  78|0x00000000c6000000, 0x00000000c6100000, 0x00000000c6100000|100%| S|CS|TAMS 0x00000000c6000000, 0x00000000c6000000| Complete 
|  79|0x00000000c6100000, 0x00000000c6200000, 0x00000000c6200000|100%| S|CS|TAMS 0x00000000c6100000, 0x00000000c6100000| Complete 
|  80|0x00000000c6200000, 0x00000000c6200000, 0x00000000c6300000|  0%| F|  |TAMS 0x00000000c6200000, 0x00000000c6200000| Untracked 
|  81|0x00000000c6300000, 0x00000000c6300000, 0x00000000c6400000|  0%| F|  |TAMS 0x00000000c6300000, 0x00000000c6300000| Untracked 
|  82|0x00000000c6400000, 0x00000000c6400000, 0x00000000c6500000|  0%| F|  |TAMS 0x00000000c6400000, 0x00000000c6400000| Untracked 
|  83|0x00000000c6500000, 0x00000000c6500000, 0x00000000c6600000|  0%| F|  |TAMS 0x00000000c6500000, 0x00000000c6500000| Untracked 
|  84|0x00000000c6600000, 0x00000000c6600000, 0x00000000c6700000|  0%| F|  |TAMS 0x00000000c6600000, 0x00000000c6600000| Untracked 
|  85|0x00000000c6700000, 0x00000000c6700000, 0x00000000c6800000|  0%| F|  |TAMS 0x00000000c6700000, 0x00000000c6700000| Untracked 
|  86|0x00000000c6800000, 0x00000000c6800000, 0x00000000c6900000|  0%| F|  |TAMS 0x00000000c6800000, 0x00000000c6800000| Untracked 
|  87|0x00000000c6900000, 0x00000000c6900000, 0x00000000c6a00000|  0%| F|  |TAMS 0x00000000c6900000, 0x00000000c6900000| Untracked 
|1005|0x00000000fff00000, 0x0000000100000000, 0x0000000100000000|100%| O|  |TAMS 0x0000000100000000, 0x0000000100000000| Untracked 

Card table byte_map: [0x0000025f51690000,0x0000025f51890000] _byte_map_base: 0x0000025f51087000

Marking Bits (Prev, Next): (CMBitMap*) 0x0000025f3ad4b2c0, (CMBitMap*) 0x0000025f3ad4b300
 Prev Bits: [0x0000025f51a90000, 0x0000025f52a48000)
 Next Bits: [0x0000025f52a50000, 0x0000025f53a08000)

Polling page: 0x0000025f38c70000

Metaspace:

Usage:
  Non-class:     23.52 MB used.
      Class:      2.79 MB used.
       Both:     26.31 MB used.

Virtual space:
  Non-class space:       24.00 MB reserved,      23.69 MB ( 99%) committed,  3 nodes.
      Class space:        1.00 GB reserved,       2.94 MB ( <1%) committed,  1 nodes.
              Both:        1.02 GB reserved,      26.62 MB (  3%) committed. 

Chunk freelists:
   Non-Class:  144.00 KB
       Class:  1.01 MB
        Both:  1.16 MB

MaxMetaspaceSize: 17179869184.00 GB
CompressedClassSpaceSize: 1.00 GB
 - commit_granule_bytes: 65536.
 - commit_granule_words: 8192.
 - virtual_space_node_default_size: 1048576.
 - enlarge_chunks_in_place: 1.
 - new_chunks_are_fully_committed: 0.
 - uncommit_free_chunks: 1.
 - use_allocation_guard: 0.
 - handle_deallocations: 1.


Internal statistics:

num_allocs_failed_limit: 3.
num_arena_births: 188.
num_arena_deaths: 0.
num_vsnodes_births: 4.
num_vsnodes_deaths: 0.
num_space_committed: 426.
num_space_uncommitted: 0.
num_chunks_returned_to_freelist: 3.
num_chunks_taken_from_freelist: 1154.
num_chunk_merges: 3.
num_chunk_splits: 820.
num_chunks_enlarged: 632.
num_purges: 0.

CodeHeap 'non-profiled nmethods': size=120000Kb used=2701Kb max_used=2701Kb free=117298Kb
 bounds [0x0000025f49f60000, 0x0000025f4a210000, 0x0000025f51490000]
CodeHeap 'profiled nmethods': size=120000Kb used=14687Kb max_used=14687Kb free=105312Kb
 bounds [0x0000025f42a30000, 0x0000025f43890000, 0x0000025f49f60000]
CodeHeap 'non-nmethods': size=5760Kb used=1235Kb max_used=1283Kb free=4524Kb
 bounds [0x0000025f42490000, 0x0000025f42700000, 0x0000025f42a30000]
 total_blobs=7326 nmethods=6788 adapters=448
 compilation: enabled
              stopped_count=0, restarted_count=0
 full_count=0

Compilation events (20 events):
Event: 21.205 Thread 0x0000025f55e5ee60 6900       3       com.sun.tools.javac.file.PathFileObject$SimpleFileObject::getKind (8 bytes)
Event: 21.205 Thread 0x0000025f55e5ee60 nmethod 6900 0x0000025f43881410 code [0x0000025f438815e0, 0x0000025f43881908]
Event: 21.205 Thread 0x0000025f55e5ee60 6901       3       com.sun.tools.javac.file.JRTIndex::isInJRT (36 bytes)
Event: 21.206 Thread 0x0000025f55e5ee60 nmethod 6901 0x0000025f43881a10 code [0x0000025f43881be0, 0x0000025f43882148]
Event: 21.208 Thread 0x0000025f55e56360 nmethod 6871% 0x0000025f4a202690 code [0x0000025f4a202840, 0x0000025f4a202c18]
Event: 21.208 Thread 0x0000025f55e56360 6904       4       com.sun.tools.javac.jvm.ClassFile::internalize (51 bytes)
Event: 21.217 Thread 0x0000025f55e56360 nmethod 6904 0x0000025f4a202f10 code [0x0000025f4a2030a0, 0x0000025f4a203398]
Event: 21.217 Thread 0x0000025f55e56360 6852       4       java.util.zip.ZipFile$Source::initCEN (805 bytes)
Event: 21.265 Thread 0x0000025f55e5ee60 6910       2       sun.nio.ch.FileChannelImpl::<init> (144 bytes)
Event: 21.266 Thread 0x0000025f55e5ee60 nmethod 6910 0x0000025f43882290 code [0x0000025f43882480, 0x0000025f43882cb8]
Event: 21.266 Thread 0x0000025f55e5ee60 6911       2       java.nio.channels.FileChannel::<init> (5 bytes)
Event: 21.266 Thread 0x0000025f55e5ee60 nmethod 6911 0x0000025f43882e90 code [0x0000025f43883020, 0x0000025f438831d8]
Event: 21.266 Thread 0x0000025f55e5ee60 6912       2       java.nio.channels.spi.AbstractInterruptibleChannel::<init> (16 bytes)
Event: 21.267 Thread 0x0000025f55e5ee60 nmethod 6912 0x0000025f43883290 code [0x0000025f43883420, 0x0000025f438835d8]
Event: 21.267 Thread 0x0000025f55e5ee60 6913       2       sun.nio.ch.NativeThreadSet::<init> (17 bytes)
Event: 21.267 Thread 0x0000025f55e5ee60 nmethod 6913 0x0000025f43883690 code [0x0000025f43883820, 0x0000025f43883a18]
Event: 21.278 Thread 0x0000025f55e5ee60 6914 % !   3       java.nio.file.Files::walkFileTree @ 19 (295 bytes)
Event: 21.283 Thread 0x0000025f55e5ee60 nmethod 6914% 0x0000025f43883b10 code [0x0000025f43883f80, 0x0000025f43886328]
Event: 21.283 Thread 0x0000025f55e5ee60 6915  s    2       com.sun.tools.javac.file.FSInfo::getJarFSProvider (64 bytes)
Event: 21.283 Thread 0x0000025f55e5ee60 nmethod 6915 0x0000025f43887510 code [0x0000025f43887720, 0x0000025f43887bb8]

GC Heap History (20 events):
Event: 12.718 GC heap after
{Heap after GC invocations=8 (full 0):
 garbage-first heap   total 78848K, used 16111K [0x00000000c1200000, 0x0000000100000000)
  region size 1024K, 3 young (3072K), 3 survivors (3072K)
 Metaspace       used 18101K, committed 18368K, reserved 1073152K
  class space    used 1991K, committed 2112K, reserved 1048576K
}
Event: 13.329 GC heap before
{Heap before GC invocations=8 (full 0):
 garbage-first heap   total 78848K, used 17135K [0x00000000c1200000, 0x0000000100000000)
  region size 1024K, 5 young (5120K), 3 survivors (3072K)
 Metaspace       used 21022K, committed 21248K, reserved 1073152K
  class space    used 2306K, committed 2432K, reserved 1048576K
}
Event: 13.352 GC heap after
{Heap after GC invocations=9 (full 0):
 garbage-first heap   total 78848K, used 16579K [0x00000000c1200000, 0x0000000100000000)
  region size 1024K, 4 young (4096K), 4 survivors (4096K)
 Metaspace       used 21022K, committed 21248K, reserved 1073152K
  class space    used 2306K, committed 2432K, reserved 1048576K
}
Event: 15.441 GC heap before
{Heap before GC invocations=10 (full 0):
 garbage-first heap   total 61440K, used 50371K [0x00000000c1200000, 0x0000000100000000)
  region size 1024K, 36 young (36864K), 4 survivors (4096K)
 Metaspace       used 23442K, committed 23680K, reserved 1073152K
  class space    used 2554K, committed 2688K, reserved 1048576K
}
Event: 15.469 GC heap after
{Heap after GC invocations=11 (full 0):
 garbage-first heap   total 62464K, used 25110K [0x00000000c1200000, 0x0000000100000000)
  region size 1024K, 5 young (5120K), 5 survivors (5120K)
 Metaspace       used 23442K, committed 23680K, reserved 1073152K
  class space    used 2554K, committed 2688K, reserved 1048576K
}
Event: 15.538 GC heap before
{Heap before GC invocations=11 (full 0):
 garbage-first heap   total 62464K, used 43542K [0x00000000c1200000, 0x0000000100000000)
  region size 1024K, 24 young (24576K), 5 survivors (5120K)
 Metaspace       used 23457K, committed 23680K, reserved 1073152K
  class space    used 2554K, committed 2688K, reserved 1048576K
}
Event: 15.548 GC heap after
{Heap after GC invocations=12 (full 0):
 garbage-first heap   total 62464K, used 25850K [0x00000000c1200000, 0x0000000100000000)
  region size 1024K, 1 young (1024K), 1 survivors (1024K)
 Metaspace       used 23457K, committed 23680K, reserved 1073152K
  class space    used 2554K, committed 2688K, reserved 1048576K
}
Event: 16.223 GC heap before
{Heap before GC invocations=12 (full 0):
 garbage-first heap   total 62464K, used 46330K [0x00000000c1200000, 0x0000000100000000)
  region size 1024K, 21 young (21504K), 1 survivors (1024K)
 Metaspace       used 23519K, committed 23744K, reserved 1073152K
  class space    used 2554K, committed 2688K, reserved 1048576K
}
Event: 16.234 GC heap after
{Heap after GC invocations=13 (full 0):
 garbage-first heap   total 62464K, used 31436K [0x00000000c1200000, 0x0000000100000000)
  region size 1024K, 3 young (3072K), 3 survivors (3072K)
 Metaspace       used 23519K, committed 23744K, reserved 1073152K
  class space    used 2554K, committed 2688K, reserved 1048576K
}
Event: 16.704 GC heap before
{Heap before GC invocations=13 (full 0):
 garbage-first heap   total 62464K, used 46796K [0x00000000c1200000, 0x0000000100000000)
  region size 1024K, 18 young (18432K), 3 survivors (3072K)
 Metaspace       used 24017K, committed 24256K, reserved 1073152K
  class space    used 2601K, committed 2688K, reserved 1048576K
}
Event: 16.725 GC heap after
{Heap after GC invocations=14 (full 0):
 garbage-first heap   total 91136K, used 34093K [0x00000000c1200000, 0x0000000100000000)
  region size 1024K, 3 young (3072K), 3 survivors (3072K)
 Metaspace       used 24017K, committed 24256K, reserved 1073152K
  class space    used 2601K, committed 2688K, reserved 1048576K
}
Event: 19.052 GC heap before
{Heap before GC invocations=15 (full 0):
 garbage-first heap   total 91136K, used 64813K [0x00000000c1200000, 0x0000000100000000)
  region size 1024K, 32 young (32768K), 3 survivors (3072K)
 Metaspace       used 26212K, committed 26496K, reserved 1073152K
  class space    used 2800K, committed 2944K, reserved 1048576K
}
Event: 19.084 GC heap after
{Heap after GC invocations=16 (full 0):
 garbage-first heap   total 91136K, used 39414K [0x00000000c1200000, 0x0000000100000000)
  region size 1024K, 4 young (4096K), 4 survivors (4096K)
 Metaspace       used 26212K, committed 26496K, reserved 1073152K
  class space    used 2800K, committed 2944K, reserved 1048576K
}
Event: 20.573 GC heap before
{Heap before GC invocations=16 (full 0):
 garbage-first heap   total 91136K, used 69110K [0x00000000c1200000, 0x0000000100000000)
  region size 1024K, 31 young (31744K), 4 survivors (4096K)
 Metaspace       used 26887K, committed 27200K, reserved 1073152K
  class space    used 2857K, committed 3008K, reserved 1048576K
}
Event: 20.602 GC heap after
{Heap after GC invocations=17 (full 0):
 garbage-first heap   total 91136K, used 42700K [0x00000000c1200000, 0x0000000100000000)
  region size 1024K, 2 young (2048K), 2 survivors (2048K)
 Metaspace       used 26887K, committed 27200K, reserved 1073152K
  class space    used 2857K, committed 3008K, reserved 1048576K
}
Event: 20.618 GC heap before
{Heap before GC invocations=17 (full 0):
 garbage-first heap   total 91136K, used 68300K [0x00000000c1200000, 0x0000000100000000)
  region size 1024K, 28 young (28672K), 2 survivors (2048K)
 Metaspace       used 26887K, committed 27200K, reserved 1073152K
  class space    used 2857K, committed 3008K, reserved 1048576K
}
Event: 20.630 GC heap after
{Heap after GC invocations=18 (full 0):
 garbage-first heap   total 91136K, used 42700K [0x00000000c1200000, 0x0000000100000000)
  region size 1024K, 2 young (2048K), 2 survivors (2048K)
 Metaspace       used 26887K, committed 27200K, reserved 1073152K
  class space    used 2857K, committed 3008K, reserved 1048576K
}
Event: 21.046 GC heap before
{Heap before GC invocations=18 (full 0):
 garbage-first heap   total 91136K, used 53964K [0x00000000c1200000, 0x0000000100000000)
  region size 1024K, 14 young (14336K), 2 survivors (2048K)
 Metaspace       used 26913K, committed 27200K, reserved 1073152K
  class space    used 2859K, committed 3008K, reserved 1048576K
}
Event: 21.058 GC heap after
{Heap after GC invocations=19 (full 0):
 garbage-first heap   total 91136K, used 42016K [0x00000000c1200000, 0x0000000100000000)
  region size 1024K, 3 young (3072K), 3 survivors (3072K)
 Metaspace       used 26913K, committed 27200K, reserved 1073152K
  class space    used 2859K, committed 3008K, reserved 1048576K
}
Event: 21.286 GC heap before
{Heap before GC invocations=19 (full 0):
 garbage-first heap   total 91136K, used 50208K [0x00000000c1200000, 0x0000000100000000)
  region size 1024K, 11 young (11264K), 3 survivors (3072K)
 Metaspace       used 26942K, committed 27264K, reserved 1073152K
  class space    used 2859K, committed 3008K, reserved 1048576K
}

Deoptimization events (20 events):
Event: 20.918 Thread 0x0000025f3ad1ab00 DEOPT PACKING pc=0x0000025f43202bf6 sp=0x0000008d8a7fc9c0
Event: 20.918 Thread 0x0000025f3ad1ab00 DEOPT UNPACKING pc=0x0000025f424ddece sp=0x0000008d8a7fbf60 mode 0
Event: 21.037 Thread 0x0000025f3ad1ab00 Uncommon trap: trap_request=0xffffffde fr.pc=0x0000025f49f8e37c relative=0x00000000000010fc
Event: 21.037 Thread 0x0000025f3ad1ab00 Uncommon trap: reason=class_check action=maybe_recompile pc=0x0000025f49f8e37c method=jdk.internal.loader.URLClassPath.getLoader(I)Ljdk/internal/loader/URLClassPath$Loader; @ 88 c2
Event: 21.037 Thread 0x0000025f3ad1ab00 DEOPT PACKING pc=0x0000025f49f8e37c sp=0x0000008d8a7fd170
Event: 21.037 Thread 0x0000025f3ad1ab00 DEOPT UNPACKING pc=0x0000025f424dd72e sp=0x0000008d8a7fd170 mode 2
Event: 21.038 Thread 0x0000025f3ad1ab00 Uncommon trap: trap_request=0xffffffde fr.pc=0x0000025f49f8e37c relative=0x00000000000010fc
Event: 21.038 Thread 0x0000025f3ad1ab00 Uncommon trap: reason=class_check action=maybe_recompile pc=0x0000025f49f8e37c method=jdk.internal.loader.URLClassPath.getLoader(I)Ljdk/internal/loader/URLClassPath$Loader; @ 88 c2
Event: 21.038 Thread 0x0000025f3ad1ab00 DEOPT PACKING pc=0x0000025f49f8e37c sp=0x0000008d8a7fd170
Event: 21.038 Thread 0x0000025f3ad1ab00 DEOPT UNPACKING pc=0x0000025f424dd72e sp=0x0000008d8a7fd170 mode 2
Event: 21.062 Thread 0x0000025f3ad1ab00 DEOPT PACKING pc=0x0000025f43202bf6 sp=0x0000008d8a7fc7e0
Event: 21.062 Thread 0x0000025f3ad1ab00 DEOPT UNPACKING pc=0x0000025f424ddece sp=0x0000008d8a7fbd80 mode 0
Event: 21.096 Thread 0x0000025f3ad1ab00 DEOPT PACKING pc=0x0000025f43202bf6 sp=0x0000008d8a7fc770
Event: 21.096 Thread 0x0000025f3ad1ab00 DEOPT UNPACKING pc=0x0000025f424ddece sp=0x0000008d8a7fbd10 mode 0
Event: 21.127 Thread 0x0000025f3ad1ab00 DEOPT PACKING pc=0x0000025f43202bf6 sp=0x0000008d8a7fc770
Event: 21.127 Thread 0x0000025f3ad1ab00 DEOPT UNPACKING pc=0x0000025f424ddece sp=0x0000008d8a7fbd10 mode 0
Event: 21.131 Thread 0x0000025f3ad1ab00 DEOPT PACKING pc=0x0000025f432b215f sp=0x0000008d8a7fc980
Event: 21.131 Thread 0x0000025f3ad1ab00 DEOPT UNPACKING pc=0x0000025f424ddece sp=0x0000008d8a7fbf48 mode 0
Event: 21.147 Thread 0x0000025f3ad1ab00 DEOPT PACKING pc=0x0000025f43202bf6 sp=0x0000008d8a7fc770
Event: 21.147 Thread 0x0000025f3ad1ab00 DEOPT UNPACKING pc=0x0000025f424ddece sp=0x0000008d8a7fbd10 mode 0

Classes unloaded (0 events):
No events

Classes redefined (0 events):
No events

Internal exceptions (20 events):
Event: 20.048 Thread 0x0000025f3ad1ab00 Exception <a 'sun/nio/fs/WindowsException'{0x00000000c5ca0b68}> (0x00000000c5ca0b68) 
thrown [t:\workspace\open\src\hotspot\share\prims\jni.cpp, line 579]
Event: 20.057 Thread 0x0000025f3ad1ab00 Exception <a 'sun/nio/fs/WindowsException'{0x00000000c5b0f718}> (0x00000000c5b0f718) 
thrown [t:\workspace\open\src\hotspot\share\prims\jni.cpp, line 579]
Event: 20.065 Thread 0x0000025f3ad1ab00 Exception <a 'sun/nio/fs/WindowsException'{0x00000000c5b79848}> (0x00000000c5b79848) 
thrown [t:\workspace\open\src\hotspot\share\prims\jni.cpp, line 579]
Event: 20.071 Thread 0x0000025f3ad1ab00 Exception <a 'sun/nio/fs/WindowsException'{0x00000000c5b888d0}> (0x00000000c5b888d0) 
thrown [t:\workspace\open\src\hotspot\share\prims\jni.cpp, line 579]
Event: 20.095 Thread 0x0000025f3ad1ab00 Exception <a 'sun/nio/fs/WindowsException'{0x00000000c5bc4260}> (0x00000000c5bc4260) 
thrown [t:\workspace\open\src\hotspot\share\prims\jni.cpp, line 579]
Event: 20.102 Thread 0x0000025f3ad1ab00 Exception <a 'sun/nio/fs/WindowsException'{0x00000000c5bd5a20}> (0x00000000c5bd5a20) 
thrown [t:\workspace\open\src\hotspot\share\prims\jni.cpp, line 579]
Event: 20.111 Thread 0x0000025f3ad1ab00 Exception <a 'sun/nio/fs/WindowsException'{0x00000000c5be4770}> (0x00000000c5be4770) 
thrown [t:\workspace\open\src\hotspot\share\prims\jni.cpp, line 579]
Event: 20.124 Thread 0x0000025f3ad1ab00 Exception <a 'sun/nio/fs/WindowsException'{0x00000000c5a14f18}> (0x00000000c5a14f18) 
thrown [t:\workspace\open\src\hotspot\share\prims\jni.cpp, line 579]
Event: 20.160 Thread 0x0000025f3ad1ab00 Exception <a 'sun/nio/fs/WindowsException'{0x00000000c5acdd78}> (0x00000000c5acdd78) 
thrown [t:\workspace\open\src\hotspot\share\prims\jni.cpp, line 579]
Event: 20.171 Thread 0x0000025f3ad1ab00 Exception <a 'sun/nio/fs/WindowsException'{0x00000000c593d5b0}> (0x00000000c593d5b0) 
thrown [t:\workspace\open\src\hotspot\share\prims\jni.cpp, line 579]
Event: 21.012 Thread 0x0000025f3ad1ab00 Exception <a 'sun/nio/fs/WindowsException'{0x00000000c5fb28e8}> (0x00000000c5fb28e8) 
thrown [t:\workspace\open\src\hotspot\share\prims\jni.cpp, line 579]
Event: 21.012 Thread 0x0000025f3ad1ab00 Exception <a 'sun/nio/fs/WindowsException'{0x00000000c5fb2c10}> (0x00000000c5fb2c10) 
thrown [t:\workspace\open\src\hotspot\share\prims\jni.cpp, line 579]
Event: 21.017 Thread 0x0000025f3ad1ab00 Exception <a 'sun/nio/fs/WindowsException'{0x00000000c5e14bf0}> (0x00000000c5e14bf0) 
thrown [t:\workspace\open\src\hotspot\share\prims\jni.cpp, line 579]
Event: 21.017 Thread 0x0000025f3ad1ab00 Exception <a 'sun/nio/fs/WindowsException'{0x00000000c5e14e20}> (0x00000000c5e14e20) 
thrown [t:\workspace\open\src\hotspot\share\prims\jni.cpp, line 579]
Event: 21.179 Thread 0x0000025f3ad1ab00 Exception <a 'sun/nio/fs/WindowsException'{0x00000000c6414df0}> (0x00000000c6414df0) 
thrown [t:\workspace\open\src\hotspot\share\prims\jni.cpp, line 579]
Event: 21.179 Thread 0x0000025f3ad1ab00 Exception <a 'sun/nio/fs/WindowsException'{0x00000000c6415140}> (0x00000000c6415140) 
thrown [t:\workspace\open\src\hotspot\share\prims\jni.cpp, line 579]
Event: 21.179 Thread 0x0000025f3ad1ab00 Exception <a 'sun/nio/fs/WindowsException'{0x00000000c64162a0}> (0x00000000c64162a0) 
thrown [t:\workspace\open\src\hotspot\share\prims\jni.cpp, line 579]
Event: 21.180 Thread 0x0000025f3ad1ab00 Exception <a 'sun/nio/fs/WindowsException'{0x00000000c64166b0}> (0x00000000c64166b0) 
thrown [t:\workspace\open\src\hotspot\share\prims\jni.cpp, line 579]
Event: 21.180 Thread 0x0000025f3ad1ab00 Exception <a 'sun/nio/fs/WindowsException'{0x00000000c6417890}> (0x00000000c6417890) 
thrown [t:\workspace\open\src\hotspot\share\prims\jni.cpp, line 579]
Event: 21.180 Thread 0x0000025f3ad1ab00 Exception <a 'sun/nio/fs/WindowsException'{0x00000000c6417c08}> (0x00000000c6417c08) 
thrown [t:\workspace\open\src\hotspot\share\prims\jni.cpp, line 579]

Events (20 events):
Event: 19.670 Executing  VM operation: ICBufferFull done
Event: 20.103 Executing  VM operation: ICBufferFull
Event: 20.104 Executing  VM operation: ICBufferFull done
Event: 20.177 loading class java/util/EnumMap$Values
Event: 20.178 loading class java/util/EnumMap$Values done
Event: 20.178 loading class java/util/EnumMap$ValueIterator
Event: 20.178 loading class java/util/EnumMap$ValueIterator done
Event: 20.184 loading class java/util/WeakHashMap$KeyIterator
Event: 20.184 loading class java/util/WeakHashMap$HashIterator
Event: 20.186 loading class java/util/WeakHashMap$HashIterator done
Event: 20.186 loading class java/util/WeakHashMap$KeyIterator done
Event: 20.194 loading class java/text/MessageFormat$Field
Event: 20.195 loading class java/text/MessageFormat$Field done
Event: 20.573 Executing  VM operation: G1CollectForAllocation
Event: 20.603 Executing  VM operation: G1CollectForAllocation done
Event: 20.618 Executing  VM operation: G1CollectForAllocation
Event: 20.630 Executing  VM operation: G1CollectForAllocation done
Event: 21.045 Executing  VM operation: G1TryInitiateConcMark
Event: 21.058 Executing  VM operation: G1TryInitiateConcMark done
Event: 21.286 Executing  VM operation: G1TryInitiateConcMark


Dynamic libraries:
0x00007ff66e120000 - 0x00007ff66e130000 	C:\Program Files\Java\jdk-16\bin\java.exe
0x00007ff878110000 - 0x00007ff878305000 	C:\Windows\SYSTEM32\ntdll.dll
0x00007ff876e60000 - 0x00007ff876f1d000 	C:\Windows\System32\KERNEL32.DLL
0x00007ff875c70000 - 0x00007ff875f39000 	C:\Windows\System32\KERNELBASE.dll
0x00007ff875ac0000 - 0x00007ff875bc0000 	C:\Windows\System32\ucrtbase.dll
0x00007ff86fd30000 - 0x00007ff86fd48000 	C:\Program Files\Java\jdk-16\bin\jli.dll
0x00007ff86fd50000 - 0x00007ff86fd69000 	C:\Program Files\Java\jdk-16\bin\VCRUNTIME140.dll
0x00007ff876170000 - 0x00007ff87621c000 	C:\Windows\System32\ADVAPI32.dll
0x00007ff877780000 - 0x00007ff87781e000 	C:\Windows\System32\msvcrt.dll
0x00007ff876f20000 - 0x00007ff876fbb000 	C:\Windows\System32\sechost.dll
0x00007ff8772f0000 - 0x00007ff87741a000 	C:\Windows\System32\RPCRT4.dll
0x00007ff8775b0000 - 0x00007ff877750000 	C:\Windows\System32\USER32.dll
0x00007ff876140000 - 0x00007ff876162000 	C:\Windows\System32\win32u.dll
0x00007ff864ba0000 - 0x00007ff864e3a000 	C:\Windows\WinSxS\amd64_microsoft.windows.common-controls_6595b64144ccf1df_6.0.19041.1110_none_60b5254171f9507e\COMCTL32.dll
0x00007ff877750000 - 0x00007ff87777a000 	C:\Windows\System32\GDI32.dll
0x00007ff875f40000 - 0x00007ff87604b000 	C:\Windows\System32\gdi32full.dll
0x00007ff875840000 - 0x00007ff8758dd000 	C:\Windows\System32\msvcp_win.dll
0x00007ff866010000 - 0x00007ff86601a000 	C:\Windows\SYSTEM32\VERSION.dll
0x00007ff8765d0000 - 0x00007ff876600000 	C:\Windows\System32\IMM32.DLL
0x00007ff8701c0000 - 0x00007ff8701cc000 	C:\Program Files\Java\jdk-16\bin\vcruntime140_1.dll
0x00007ff86dfc0000 - 0x00007ff86e051000 	C:\Program Files\Java\jdk-16\bin\msvcp140.dll
0x00007ff845b40000 - 0x00007ff8466eb000 	C:\Program Files\Java\jdk-16\bin\server\jvm.dll
0x00007ff8765c0000 - 0x00007ff8765c8000 	C:\Windows\System32\PSAPI.DLL
0x00007ff864210000 - 0x00007ff864237000 	C:\Windows\SYSTEM32\WINMM.dll
0x00007ff8631f0000 - 0x00007ff8631f9000 	C:\Windows\SYSTEM32\WSOCK32.dll
0x00007ff877d00000 - 0x00007ff877d6b000 	C:\Windows\System32\WS2_32.dll
0x00007ff873710000 - 0x00007ff873722000 	C:\Windows\SYSTEM32\kernel.appcore.dll
0x00007ff870110000 - 0x00007ff87011a000 	C:\Program Files\Java\jdk-16\bin\jimage.dll
0x00007ff862dc0000 - 0x00007ff862fa4000 	C:\Windows\SYSTEM32\DBGHELP.DLL
0x00007ff862fd0000 - 0x00007ff862ffc000 	C:\Windows\SYSTEM32\dbgcore.DLL
0x00007ff876050000 - 0x00007ff8760d3000 	C:\Windows\System32\bcryptPrimitives.dll
0x00007ff86fc40000 - 0x00007ff86fc65000 	C:\Program Files\Java\jdk-16\bin\java.dll
0x00007ff876690000 - 0x00007ff876dcf000 	C:\Windows\System32\SHELL32.dll
0x00007ff873910000 - 0x00007ff8740a0000 	C:\Windows\SYSTEM32\windows.storage.dll
0x00007ff877d70000 - 0x00007ff8780c5000 	C:\Windows\System32\combase.dll
0x00007ff8752a0000 - 0x00007ff8752cc000 	C:\Windows\SYSTEM32\Wldp.dll
0x00007ff877240000 - 0x00007ff8772ee000 	C:\Windows\System32\SHCORE.dll
0x00007ff877550000 - 0x00007ff8775a5000 	C:\Windows\System32\shlwapi.dll
0x00007ff875780000 - 0x00007ff87579f000 	C:\Windows\SYSTEM32\profapi.dll
0x00007ff86e2a0000 - 0x00007ff86e2b9000 	C:\Program Files\Java\jdk-16\bin\net.dll
0x00007ff86d010000 - 0x00007ff86d118000 	C:\Windows\SYSTEM32\WINHTTP.dll
0x00007ff874fb0000 - 0x00007ff87501a000 	C:\Windows\system32\mswsock.dll
0x00007ff86e280000 - 0x00007ff86e293000 	C:\Program Files\Java\jdk-16\bin\nio.dll
0x00007ff86e1b0000 - 0x00007ff86e1c8000 	C:\Program Files\Java\jdk-16\bin\zip.dll
0x00007ff8700c0000 - 0x00007ff8700d0000 	C:\Program Files\Java\jdk-16\bin\verify.dll
0x00007ff86fb30000 - 0x00007ff86fb3a000 	C:\Program Files\Maven\apache-maven-3.8.1\lib\jansi-native\windows64\jansi.dll

dbghelp: loaded successfully - version: 4.0.5 - missing functions: none
symbol engine: initialized successfully - sym options: 0x614 - pdb path: .;C:\Program Files\Java\jdk-16\bin;C:\Windows\SYSTEM32;C:\Windows\WinSxS\amd64_microsoft.windows.common-controls_6595b64144ccf1df_6.0.19041.1110_none_60b5254171f9507e;C:\Program Files\Java\jdk-16\bin\server;C:\Program Files\Maven\apache-maven-3.8.1\lib\jansi-native\windows64

VM Arguments:
jvm_args: -Dclassworlds.conf=C:\Program Files\Maven\apache-maven-3.8.1\bin\..\bin\m2.conf -Dmaven.home=C:\Program Files\Maven\apache-maven-3.8.1\bin\.. -Dlibrary.jansi.path=C:\Program Files\Maven\apache-maven-3.8.1\bin\..\lib\jansi-native -Dmaven.multiModuleProjectDirectory=E:\Simplilearn\CapStone Project\BackEnd\Springboot\Foodbox 
java_command: org.codehaus.plexus.classworlds.launcher.Launcher clean install -DskipTests=true
java_class_path (initial): C:\Program Files\Maven\apache-maven-3.8.1\bin\..\boot\plexus-classworlds-2.6.0.jar
Launcher Type: SUN_STANDARD

[Global flags]
     intx CICompilerCount                          = 3                                         {product} {ergonomic}
     uint ConcGCThreads                            = 1                                         {product} {ergonomic}
     uint G1ConcRefinementThreads                  = 4                                         {product} {ergonomic}
   size_t G1HeapRegionSize                         = 1048576                                   {product} {ergonomic}
    uintx GCDrainStackTargetSize                   = 64                                        {product} {ergonomic}
   size_t InitialHeapSize                          = 67108864                                  {product} {ergonomic}
   size_t MarkStackSize                            = 4194304                                   {product} {ergonomic}
   size_t MaxHeapSize                              = 1054867456                                {product} {ergonomic}
   size_t MaxNewSize                               = 632291328                                 {product} {ergonomic}
   size_t MinHeapDeltaBytes                        = 1048576                                   {product} {ergonomic}
   size_t MinHeapSize                              = 8388608                                   {product} {ergonomic}
    uintx NonNMethodCodeHeapSize                   = 5832780                                {pd product} {ergonomic}
    uintx NonProfiledCodeHeapSize                  = 122912730                              {pd product} {ergonomic}
    uintx ProfiledCodeHeapSize                     = 122912730                              {pd product} {ergonomic}
    uintx ReservedCodeCacheSize                    = 251658240                              {pd product} {ergonomic}
     bool SegmentedCodeCache                       = true                                      {product} {ergonomic}
   size_t SoftMaxHeapSize                          = 1054867456                             {manageable} {ergonomic}
     bool UseCompressedClassPointers               = true                           {product lp64_product} {ergonomic}
     bool UseCompressedOops                        = true                           {product lp64_product} {ergonomic}
     bool UseG1GC                                  = true                                      {product} {ergonomic}
     bool UseLargePagesIndividualAllocation        = false                                  {pd product} {ergonomic}

Logging:
Log output configuration:
 #0: stdout all=warning uptime,level,tags
 #1: stderr all=off uptime,level,tags

Environment Variables:
JAVA_HOME=C:\Program Files\Java\jdk-16
PATH=C:/Program Files/Java/jdk-16/bin/server;C:/Program Files/Java/jdk-16/bin;C:\Python39\Scripts\;C:\Python39\;C:\Program Files (x86)\Common Files\Oracle\Java\javapath;C:\Program Files\Common Files\Oracle\Java\javapath;C:\Windows\system32;C:\Windows;C:\Windows\System32\Wbem;C:\Windows\System32\WindowsPowerShell\v1.0\;C:\Windows\System32\OpenSSH\;C:\Program Files\Java\jdk-16\bin;C:\Program Files\Java\jre1.8.0_281\bin;C:\Program Files (x86)\HP\IdrsOCR_15.2.10.1114\;C:\Program Files\Git\cmd;C:\ProgramData\chocolatey\bin;C:\Program Files\nodejs\;C:\Program Files\Amazon\AWSCLIV2\;C:\Program Files\PuTTY\;C:\Program Files\Docker\Docker\resources\bin;C:\ProgramData\DockerDesktop\version-bin;C:\Program Files\MySQL\MySQL Shell 8.0\bin\;C:\Users\Admin\AppData\Local\Microsoft\WindowsApps;%CLASSPATH%\servlet-api.jar;%CATALINA_HOME%\bin;%CLASSPATH%\servlet-api.jar;C:\Users\Admin\AppData\Local\Programs\Microsoft VS Code\bin;C:\Users\Admin\AppData\Roaming\npm;C:\Program Files\MongoDB\Server\4.4\bin;C:\Program Files\Maven\apache-maven-3.8.1\bin;C:\ProgramData\Admin\GitHubDesktop\bin;C:\Users\Admin\Desktop;
USERNAME=Admin
OS=Windows_NT
PROCESSOR_IDENTIFIER=Intel64 Family 6 Model 69 Stepping 1, GenuineIntel



---------------  S Y S T E M  ---------------

OS:
 Windows 10 , 64 bit Build 19041 (10.0.19041.1151)
OS uptime: 12 days 1:52 hours
Hyper-V role detected

CPU: total 4 (initial active 4) (2 cores per cpu, 2 threads per core) family 6 model 69 stepping 1 microcode 0x25, cx8, cmov, fxsr, ht, mmx, sse, sse2, sse3, ssse3, sse4.1, sse4.2, popcnt, lzcnt, tsc, tscinvbit, avx, avx2, aes, erms, clmul, bmi1, bmi2, fma, vzeroupper, clflush, hv

Memory: 4k page, system-wide physical 4016M (134M free)
TotalPageFile size 16304M (AvailPageFile size 91M)
current process WorkingSet (physical memory assigned to process): 199M, peak: 200M
current process commit charge ("private bytes"): 245M, peak: 333M

vm_info: Java HotSpot(TM) 64-Bit Server VM (16+36-2231) for windows-amd64 JRE (16+36-2231), built on Feb  8 2021 11:43:10 by "mach5one" with MS VC++ 16.7 (VS2019)

END.
