#
# There is insufficient memory for the Java Runtime Environment to continue.
# Native memory allocation (malloc) failed to allocate 32744 bytes for ChunkPool::allocate
# Possible reasons:
#   The system is out of physical RAM or swap space
#   The process is running with CompressedOops enabled, and the Java Heap may be blocking the growth of the native heap
# Possible solutions:
#   Reduce memory load on the system
#   Increase physical memory or swap space
#   Check if swap backing store is full
#   Decrease Java heap size (-Xmx/-Xms)
#   Decrease number of Java threads
#   Decrease Java thread stack sizes (-Xss)
#   Set larger code cache with -XX:ReservedCodeCacheSize=
#   JVM is running with Unscaled Compressed Oops mode in which the Java heap is
#     placed in the first 4GB address space. The Java Heap base address is the
#     maximum limit for the native heap growth. Please use -XX:HeapBaseMinAddress
#     to set the Java Heap base and to place the Java Heap above 4GB virtual address.
# This output file may be truncated or incomplete.
#
#  Out of Memory Error (arena.cpp:79), pid=18104, tid=24640
#
# JRE version: Java(TM) SE Runtime Environment (16.0+36) (build 16+36-2231)
# Java VM: Java HotSpot(TM) 64-Bit Server VM (16+36-2231, mixed mode, sharing, tiered, compressed oops, g1 gc, windows-amd64)
# No core dump will be written. Minidumps are not enabled by default on client versions of Windows
#

---------------  S U M M A R Y ------------

Command Line: -Dclassworlds.conf=C:\Program Files\Maven\apache-maven-3.8.1\bin\..\bin\m2.conf -Dmaven.home=C:\Program Files\Maven\apache-maven-3.8.1\bin\.. -Dlibrary.jansi.path=C:\Program Files\Maven\apache-maven-3.8.1\bin\..\lib\jansi-native -Dmaven.multiModuleProjectDirectory=E:\Simplilearn\CapStone Project\BackEnd\Springboot\Foodbox org.codehaus.plexus.classworlds.launcher.Launcher clean install -DskipTests=true

Host: Intel(R) Core(TM) i3-4005U CPU @ 1.70GHz, 4 cores, 3G,  Windows 10 , 64 bit Build 19041 (10.0.19041.1151)
Time: Tue Aug 31 22:04:02 2021 India Standard Time elapsed time: 29.437504 seconds (0d 0h 0m 29s)

---------------  T H R E A D  ---------------

Current thread (0x000002586d165940):  JavaThread "C2 CompilerThread0" daemon [_thread_in_native, id=24640, stack(0x000000fe67500000,0x000000fe67600000)]


Current CompileTask:
C2:  29438 7608   !   4       java.lang.ClassLoader::loadClass (122 bytes)

Stack: [0x000000fe67500000,0x000000fe67600000]
Native frames: (J=compiled Java code, j=interpreted, Vv=VM code, C=native code)
V  [jvm.dll+0x6681da]
V  [jvm.dll+0x7c9d99]
V  [jvm.dll+0x7cb4d3]
V  [jvm.dll+0x7cbb33]
V  [jvm.dll+0x242ee5]
V  [jvm.dll+0xae25f]
V  [jvm.dll+0xae5ac]
V  [jvm.dll+0x35fbe2]
V  [jvm.dll+0x557656]
V  [jvm.dll+0x324e20]
V  [jvm.dll+0x32429a]
V  [jvm.dll+0x215f2c]
V  [jvm.dll+0x215340]
V  [jvm.dll+0x1a1d8b]
V  [jvm.dll+0x225398]
V  [jvm.dll+0x2233dc]
V  [jvm.dll+0x77f9e2]
V  [jvm.dll+0x77952a]
V  [jvm.dll+0x667076]
C  [ucrtbase.dll+0x21bb2]
C  [KERNEL32.DLL+0x17034]
C  [ntdll.dll+0x52651]


---------------  P R O C E S S  ---------------

Threads class SMR info:
_java_thread_list=0x000002586f4d6190, length=12, elements={
0x000002585202b190, 0x000002586d1419a0, 0x000002586d143280, 0x000002586d1582b0,
0x000002586d159ec0, 0x000002586d15d170, 0x000002586d15db70, 0x000002586d165940,
0x000002586d166430, 0x000002586d169620, 0x000002586dc47dc0, 0x000002586dc52600
}

Java Threads: ( => current thread )
  0x000002585202b190 JavaThread "main" [_thread_in_Java, id=9760, stack(0x000000fe66800000,0x000000fe66900000)]
  0x000002586d1419a0 JavaThread "Reference Handler" daemon [_thread_blocked, id=23988, stack(0x000000fe66f00000,0x000000fe67000000)]
  0x000002586d143280 JavaThread "Finalizer" daemon [_thread_blocked, id=21864, stack(0x000000fe67000000,0x000000fe67100000)]
  0x000002586d1582b0 JavaThread "Signal Dispatcher" daemon [_thread_blocked, id=23260, stack(0x000000fe67100000,0x000000fe67200000)]
  0x000002586d159ec0 JavaThread "Attach Listener" daemon [_thread_blocked, id=25020, stack(0x000000fe67200000,0x000000fe67300000)]
  0x000002586d15d170 JavaThread "Service Thread" daemon [_thread_blocked, id=17476, stack(0x000000fe67300000,0x000000fe67400000)]
  0x000002586d15db70 JavaThread "Monitor Deflation Thread" daemon [_thread_blocked, id=3956, stack(0x000000fe67400000,0x000000fe67500000)]
=>0x000002586d165940 JavaThread "C2 CompilerThread0" daemon [_thread_in_native, id=24640, stack(0x000000fe67500000,0x000000fe67600000)]
  0x000002586d166430 JavaThread "C1 CompilerThread0" daemon [_thread_blocked, id=824, stack(0x000000fe67600000,0x000000fe67700000)]
  0x000002586d169620 JavaThread "Sweeper thread" daemon [_thread_blocked, id=18860, stack(0x000000fe67700000,0x000000fe67800000)]
  0x000002586dc47dc0 JavaThread "Notification Thread" daemon [_thread_blocked, id=4204, stack(0x000000fe67800000,0x000000fe67900000)]
  0x000002586dc52600 JavaThread "Common-Cleaner" daemon [_thread_blocked, id=18316, stack(0x000000fe67a00000,0x000000fe67b00000)]

Other Threads:
  0x000002586d13d5b0 VMThread "VM Thread" [stack: 0x000000fe66e00000,0x000000fe66f00000] [id=8820]
  0x000002586dc52310 WatcherThread [stack: 0x000000fe67900000,0x000000fe67a00000] [id=24000]
  0x000002585205b250 GCTaskThread "GC Thread#0" [stack: 0x000000fe66900000,0x000000fe66a00000] [id=30092]
  0x000002586e3ac0b0 GCTaskThread "GC Thread#1" [stack: 0x000000fe67b00000,0x000000fe67c00000] [id=17980]
  0x000002586e396690 GCTaskThread "GC Thread#2" [stack: 0x000000fe67c00000,0x000000fe67d00000] [id=20700]
  0x000002586e3e7cc0 GCTaskThread "GC Thread#3" [stack: 0x000000fe67d00000,0x000000fe67e00000] [id=5712]
  0x00000258520648f0 ConcurrentGCThread "G1 Main Marker" [stack: 0x000000fe66a00000,0x000000fe66b00000] [id=25700]
  0x00000258520653e0 ConcurrentGCThread "G1 Conc#0" [stack: 0x000000fe66b00000,0x000000fe66c00000] [id=12068]
  0x00000258520b2310 ConcurrentGCThread "G1 Refine#0" [stack: 0x000000fe66c00000,0x000000fe66d00000] [id=10332]
  0x000002586e3e7fd0 ConcurrentGCThread "G1 Refine#1" [stack: 0x000000fe67e00000,0x000000fe67f00000] [id=14408]
  0x00000258520b2e10 ConcurrentGCThread "G1 Service" [stack: 0x000000fe66d00000,0x000000fe66e00000] [id=28300]

Threads with active compile tasks:
C2 CompilerThread0    29576 7608   !   4       java.lang.ClassLoader::loadClass (122 bytes)

VM state: not at safepoint (normal execution)

VM Mutex/Monitor currently owned by a thread: None

Heap address: 0x00000000c1200000, size: 1006 MB, Compressed Oops mode: 32-bit
CDS archive(s) mapped at: [0x0000000800000000-0x0000000800bb0000-0x0000000800bb0000), size 12255232, SharedBaseAddress: 0x0000000800000000, ArchiveRelocationMode: 0.
Compressed class space mapped at: 0x0000000800c00000-0x0000000840c00000, reserved size: 1073741824
Narrow klass base: 0x0000000800000000, Narrow klass shift: 3, Narrow klass range: 0x100000000

GC Precious Log:
 CPUs: 4 total, 4 available
 Memory: 4016M
 Large Page Support: Disabled
 NUMA Support: Disabled
 Compressed Oops: Enabled (32-bit)
 Heap Region Size: 1M
 Heap Min Capacity: 8M
 Heap Initial Capacity: 64M
 Heap Max Capacity: 1006M
 Pre-touch: Disabled
 Parallel Workers: 4
 Concurrent Workers: 1
 Concurrent Refinement Workers: 4
 Periodic GC: Disabled

Heap:
 garbage-first heap   total 203776K, used 125802K [0x00000000c1200000, 0x0000000100000000)
  region size 1024K, 78 young (79872K), 1 survivors (1024K)
 Metaspace       used 31286K, committed 31616K, reserved 1081344K
  class space    used 3347K, committed 3520K, reserved 1048576K

Heap Regions: E=young(eden), S=young(survivor), O=old, HS=humongous(starts), HC=humongous(continues), CS=collection set, F=free, OA=open archive, CA=closed archive, TAMS=top-at-mark-start (previous, next)
|   0|0x00000000c1200000, 0x00000000c1300000, 0x00000000c1300000|100%| O|  |TAMS 0x00000000c1300000, 0x00000000c1200000| Untracked 
|   1|0x00000000c1300000, 0x00000000c1400000, 0x00000000c1400000|100%| O|  |TAMS 0x00000000c1400000, 0x00000000c1300000| Untracked 
|   2|0x00000000c1400000, 0x00000000c1500000, 0x00000000c1500000|100%| O|  |TAMS 0x00000000c1500000, 0x00000000c1400000| Untracked 
|   3|0x00000000c1500000, 0x00000000c1600000, 0x00000000c1600000|100%| O|  |TAMS 0x00000000c1600000, 0x00000000c1500000| Untracked 
|   4|0x00000000c1600000, 0x00000000c1600000, 0x00000000c1700000|  0%| F|  |TAMS 0x00000000c1600000, 0x00000000c1600000| Untracked 
|   5|0x00000000c1700000, 0x00000000c1800000, 0x00000000c1800000|100%| O|  |TAMS 0x00000000c1800000, 0x00000000c1700000| Untracked 
|   6|0x00000000c1800000, 0x00000000c1900000, 0x00000000c1900000|100%| O|  |TAMS 0x00000000c1900000, 0x00000000c1800000| Untracked 
|   7|0x00000000c1900000, 0x00000000c1a00000, 0x00000000c1a00000|100%| O|  |TAMS 0x00000000c1a00000, 0x00000000c1900000| Untracked 
|   8|0x00000000c1a00000, 0x00000000c1b00000, 0x00000000c1b00000|100%| O|  |TAMS 0x00000000c1b00000, 0x00000000c1a00000| Untracked 
|   9|0x00000000c1b00000, 0x00000000c1c00000, 0x00000000c1c00000|100%| O|  |TAMS 0x00000000c1c00000, 0x00000000c1b00000| Untracked 
|  10|0x00000000c1c00000, 0x00000000c1d00000, 0x00000000c1d00000|100%| O|  |TAMS 0x00000000c1d00000, 0x00000000c1c00000| Untracked 
|  11|0x00000000c1d00000, 0x00000000c1e00000, 0x00000000c1e00000|100%| O|  |TAMS 0x00000000c1e00000, 0x00000000c1d00000| Untracked 
|  12|0x00000000c1e00000, 0x00000000c1e00000, 0x00000000c1f00000|  0%| F|  |TAMS 0x00000000c1e00000, 0x00000000c1e00000| Untracked 
|  13|0x00000000c1f00000, 0x00000000c2000000, 0x00000000c2000000|100%| O|  |TAMS 0x00000000c2000000, 0x00000000c1f00000| Untracked 
|  14|0x00000000c2000000, 0x00000000c2100000, 0x00000000c2100000|100%|HS|  |TAMS 0x00000000c2100000, 0x00000000c2000000| Complete 
|  15|0x00000000c2100000, 0x00000000c2200000, 0x00000000c2200000|100%|HS|  |TAMS 0x00000000c2200000, 0x00000000c2100000| Complete 
|  16|0x00000000c2200000, 0x00000000c2200000, 0x00000000c2300000|  0%| F|  |TAMS 0x00000000c2200000, 0x00000000c2200000| Untracked 
|  17|0x00000000c2300000, 0x00000000c2300000, 0x00000000c2400000|  0%| F|  |TAMS 0x00000000c2300000, 0x00000000c2300000| Untracked 
|  18|0x00000000c2400000, 0x00000000c2500000, 0x00000000c2500000|100%| O|  |TAMS 0x00000000c2500000, 0x00000000c2400000| Untracked 
|  19|0x00000000c2500000, 0x00000000c2600000, 0x00000000c2600000|100%| O|  |TAMS 0x00000000c2600000, 0x00000000c2500000| Untracked 
|  20|0x00000000c2600000, 0x00000000c2700000, 0x00000000c2700000|100%| O|  |TAMS 0x00000000c2700000, 0x00000000c2600000| Untracked 
|  21|0x00000000c2700000, 0x00000000c2700000, 0x00000000c2800000|  0%| F|  |TAMS 0x00000000c2700000, 0x00000000c2700000| Untracked 
|  22|0x00000000c2800000, 0x00000000c2900000, 0x00000000c2900000|100%| O|  |TAMS 0x00000000c2900000, 0x00000000c2800000| Untracked 
|  23|0x00000000c2900000, 0x00000000c2a00000, 0x00000000c2a00000|100%| O|  |TAMS 0x00000000c2a00000, 0x00000000c2900000| Untracked 
|  24|0x00000000c2a00000, 0x00000000c2b00000, 0x00000000c2b00000|100%| O|  |TAMS 0x00000000c2b00000, 0x00000000c2a00000| Untracked 
|  25|0x00000000c2b00000, 0x00000000c2c00000, 0x00000000c2c00000|100%| O|  |TAMS 0x00000000c2c00000, 0x00000000c2b00000| Untracked 
|  26|0x00000000c2c00000, 0x00000000c2c00000, 0x00000000c2d00000|  0%| F|  |TAMS 0x00000000c2c00000, 0x00000000c2c00000| Untracked 
|  27|0x00000000c2d00000, 0x00000000c2d00000, 0x00000000c2e00000|  0%| F|  |TAMS 0x00000000c2d00000, 0x00000000c2d00000| Untracked 
|  28|0x00000000c2e00000, 0x00000000c2f00000, 0x00000000c2f00000|100%| O|  |TAMS 0x00000000c2e00000, 0x00000000c2e00000| Untracked 
|  29|0x00000000c2f00000, 0x00000000c3000000, 0x00000000c3000000|100%| O|  |TAMS 0x00000000c2f00000, 0x00000000c2f00000| Untracked 
|  30|0x00000000c3000000, 0x00000000c3100000, 0x00000000c3100000|100%| O|  |TAMS 0x00000000c3000000, 0x00000000c3000000| Untracked 
|  31|0x00000000c3100000, 0x00000000c3200000, 0x00000000c3200000|100%| O|  |TAMS 0x00000000c3200000, 0x00000000c3100000| Untracked 
|  32|0x00000000c3200000, 0x00000000c3300000, 0x00000000c3300000|100%| O|  |TAMS 0x00000000c3300000, 0x00000000c3200000| Untracked 
|  33|0x00000000c3300000, 0x00000000c3400000, 0x00000000c3400000|100%| O|  |TAMS 0x00000000c3400000, 0x00000000c3300000| Untracked 
|  34|0x00000000c3400000, 0x00000000c3400000, 0x00000000c3500000|  0%| F|  |TAMS 0x00000000c3400000, 0x00000000c3400000| Untracked 
|  35|0x00000000c3500000, 0x00000000c3500000, 0x00000000c3600000|  0%| F|  |TAMS 0x00000000c3500000, 0x00000000c3500000| Untracked 
|  36|0x00000000c3600000, 0x00000000c3600000, 0x00000000c3700000|  0%| F|  |TAMS 0x00000000c3600000, 0x00000000c3600000| Untracked 
|  37|0x00000000c3700000, 0x00000000c3700000, 0x00000000c3800000|  0%| F|  |TAMS 0x00000000c3700000, 0x00000000c3700000| Untracked 
|  38|0x00000000c3800000, 0x00000000c3800000, 0x00000000c3900000|  0%| F|  |TAMS 0x00000000c3800000, 0x00000000c3800000| Untracked 
|  39|0x00000000c3900000, 0x00000000c3a00000, 0x00000000c3a00000|100%| O|  |TAMS 0x00000000c3900000, 0x00000000c3900000| Untracked 
|  40|0x00000000c3a00000, 0x00000000c3b00000, 0x00000000c3b00000|100%|HS|  |TAMS 0x00000000c3b00000, 0x00000000c3a00000| Complete 
|  41|0x00000000c3b00000, 0x00000000c3c00000, 0x00000000c3c00000|100%|HC|  |TAMS 0x00000000c3c00000, 0x00000000c3b00000| Complete 
|  42|0x00000000c3c00000, 0x00000000c3d00000, 0x00000000c3d00000|100%|HS|  |TAMS 0x00000000c3c00000, 0x00000000c3c00000| Complete 
|  43|0x00000000c3d00000, 0x00000000c3d00000, 0x00000000c3e00000|  0%| F|  |TAMS 0x00000000c3d00000, 0x00000000c3d00000| Untracked 
|  44|0x00000000c3e00000, 0x00000000c3e00000, 0x00000000c3f00000|  0%| F|  |TAMS 0x00000000c3e00000, 0x00000000c3e00000| Untracked 
|  45|0x00000000c3f00000, 0x00000000c3f00000, 0x00000000c4000000|  0%| F|  |TAMS 0x00000000c3f00000, 0x00000000c3f00000| Untracked 
|  46|0x00000000c4000000, 0x00000000c4000000, 0x00000000c4100000|  0%| F|  |TAMS 0x00000000c4000000, 0x00000000c4000000| Untracked 
|  47|0x00000000c4100000, 0x00000000c4100000, 0x00000000c4200000|  0%| F|  |TAMS 0x00000000c4100000, 0x00000000c4100000| Untracked 
|  48|0x00000000c4200000, 0x00000000c4300000, 0x00000000c4300000|100%| O|  |TAMS 0x00000000c4300000, 0x00000000c4200000| Untracked 
|  49|0x00000000c4300000, 0x00000000c4400000, 0x00000000c4400000|100%| O|  |TAMS 0x00000000c4400000, 0x00000000c4300000| Untracked 
|  50|0x00000000c4400000, 0x00000000c4400000, 0x00000000c4500000|  0%| F|  |TAMS 0x00000000c4400000, 0x00000000c4400000| Untracked 
|  51|0x00000000c4500000, 0x00000000c4500000, 0x00000000c4600000|  0%| F|  |TAMS 0x00000000c4500000, 0x00000000c4500000| Untracked 
|  52|0x00000000c4600000, 0x00000000c4700000, 0x00000000c4700000|100%| O|  |TAMS 0x00000000c4600000, 0x00000000c4600000| Untracked 
|  53|0x00000000c4700000, 0x00000000c4800000, 0x00000000c4800000|100%| O|  |TAMS 0x00000000c4700000, 0x00000000c4700000| Untracked 
|  54|0x00000000c4800000, 0x00000000c4900000, 0x00000000c4900000|100%| O|  |TAMS 0x00000000c4800000, 0x00000000c4800000| Untracked 
|  55|0x00000000c4900000, 0x00000000c4a00000, 0x00000000c4a00000|100%| O|  |TAMS 0x00000000c4900000, 0x00000000c4900000| Untracked 
|  56|0x00000000c4a00000, 0x00000000c4b00000, 0x00000000c4b00000|100%| O|  |TAMS 0x00000000c4a00000, 0x00000000c4a00000| Untracked 
|  57|0x00000000c4b00000, 0x00000000c4c00000, 0x00000000c4c00000|100%| O|  |TAMS 0x00000000c4b00000, 0x00000000c4b00000| Untracked 
|  58|0x00000000c4c00000, 0x00000000c4d00000, 0x00000000c4d00000|100%| O|  |TAMS 0x00000000c4c00000, 0x00000000c4c00000| Untracked 
|  59|0x00000000c4d00000, 0x00000000c4e00000, 0x00000000c4e00000|100%| O|  |TAMS 0x00000000c4d00000, 0x00000000c4d00000| Untracked 
|  60|0x00000000c4e00000, 0x00000000c4f00000, 0x00000000c4f00000|100%| O|  |TAMS 0x00000000c4e00000, 0x00000000c4e00000| Untracked 
|  61|0x00000000c4f00000, 0x00000000c5000000, 0x00000000c5000000|100%| O|  |TAMS 0x00000000c4f00000, 0x00000000c4f00000| Untracked 
|  62|0x00000000c5000000, 0x00000000c5100000, 0x00000000c5100000|100%| O|  |TAMS 0x00000000c5000000, 0x00000000c5000000| Untracked 
|  63|0x00000000c5100000, 0x00000000c5200000, 0x00000000c5200000|100%| O|  |TAMS 0x00000000c5100000, 0x00000000c5100000| Untracked 
|  64|0x00000000c5200000, 0x00000000c5300000, 0x00000000c5300000|100%| O|  |TAMS 0x00000000c5200000, 0x00000000c5200000| Untracked 
|  65|0x00000000c5300000, 0x00000000c5400000, 0x00000000c5400000|100%| O|  |TAMS 0x00000000c5300000, 0x00000000c5300000| Untracked 
|  66|0x00000000c5400000, 0x00000000c54cee00, 0x00000000c5500000| 80%| O|  |TAMS 0x00000000c5400000, 0x00000000c5400000| Untracked 
|  67|0x00000000c5500000, 0x00000000c5500000, 0x00000000c5600000|  0%| F|  |TAMS 0x00000000c5500000, 0x00000000c5500000| Untracked 
|  68|0x00000000c5600000, 0x00000000c5600000, 0x00000000c5700000|  0%| F|  |TAMS 0x00000000c5600000, 0x00000000c5600000| Untracked 
|  69|0x00000000c5700000, 0x00000000c5700000, 0x00000000c5800000|  0%| F|  |TAMS 0x00000000c5700000, 0x00000000c5700000| Untracked 
|  70|0x00000000c5800000, 0x00000000c5800000, 0x00000000c5900000|  0%| F|  |TAMS 0x00000000c5800000, 0x00000000c5800000| Untracked 
|  71|0x00000000c5900000, 0x00000000c5900000, 0x00000000c5a00000|  0%| F|  |TAMS 0x00000000c5900000, 0x00000000c5900000| Untracked 
|  72|0x00000000c5a00000, 0x00000000c5a00000, 0x00000000c5b00000|  0%| F|  |TAMS 0x00000000c5a00000, 0x00000000c5a00000| Untracked 
|  73|0x00000000c5b00000, 0x00000000c5b00000, 0x00000000c5c00000|  0%| F|  |TAMS 0x00000000c5b00000, 0x00000000c5b00000| Untracked 
|  74|0x00000000c5c00000, 0x00000000c5c00000, 0x00000000c5d00000|  0%| F|  |TAMS 0x00000000c5c00000, 0x00000000c5c00000| Untracked 
|  75|0x00000000c5d00000, 0x00000000c5d00000, 0x00000000c5e00000|  0%| F|  |TAMS 0x00000000c5d00000, 0x00000000c5d00000| Untracked 
|  76|0x00000000c5e00000, 0x00000000c5e00000, 0x00000000c5f00000|  0%| F|  |TAMS 0x00000000c5e00000, 0x00000000c5e00000| Untracked 
|  77|0x00000000c5f00000, 0x00000000c5f00000, 0x00000000c6000000|  0%| F|  |TAMS 0x00000000c5f00000, 0x00000000c5f00000| Untracked 
|  78|0x00000000c6000000, 0x00000000c6000000, 0x00000000c6100000|  0%| F|  |TAMS 0x00000000c6000000, 0x00000000c6000000| Untracked 
|  79|0x00000000c6100000, 0x00000000c6100000, 0x00000000c6200000|  0%| F|  |TAMS 0x00000000c6100000, 0x00000000c6100000| Untracked 
|  80|0x00000000c6200000, 0x00000000c6200000, 0x00000000c6300000|  0%| F|  |TAMS 0x00000000c6200000, 0x00000000c6200000| Untracked 
|  81|0x00000000c6300000, 0x00000000c6300000, 0x00000000c6400000|  0%| F|  |TAMS 0x00000000c6300000, 0x00000000c6300000| Untracked 
|  82|0x00000000c6400000, 0x00000000c6400000, 0x00000000c6500000|  0%| F|  |TAMS 0x00000000c6400000, 0x00000000c6400000| Untracked 
|  83|0x00000000c6500000, 0x00000000c6500000, 0x00000000c6600000|  0%| F|  |TAMS 0x00000000c6500000, 0x00000000c6500000| Untracked 
|  84|0x00000000c6600000, 0x00000000c6600000, 0x00000000c6700000|  0%| F|  |TAMS 0x00000000c6600000, 0x00000000c6600000| Untracked 
|  85|0x00000000c6700000, 0x00000000c6700000, 0x00000000c6800000|  0%| F|  |TAMS 0x00000000c6700000, 0x00000000c6700000| Untracked 
|  86|0x00000000c6800000, 0x00000000c6800000, 0x00000000c6900000|  0%| F|  |TAMS 0x00000000c6800000, 0x00000000c6800000| Untracked 
|  87|0x00000000c6900000, 0x00000000c6900000, 0x00000000c6a00000|  0%| F|  |TAMS 0x00000000c6900000, 0x00000000c6900000| Untracked 
|  88|0x00000000c6a00000, 0x00000000c6a00000, 0x00000000c6b00000|  0%| F|  |TAMS 0x00000000c6a00000, 0x00000000c6a00000| Untracked 
|  89|0x00000000c6b00000, 0x00000000c6b00000, 0x00000000c6c00000|  0%| F|  |TAMS 0x00000000c6b00000, 0x00000000c6b00000| Untracked 
|  90|0x00000000c6c00000, 0x00000000c6c00000, 0x00000000c6d00000|  0%| F|  |TAMS 0x00000000c6c00000, 0x00000000c6c00000| Untracked 
|  91|0x00000000c6d00000, 0x00000000c6d00000, 0x00000000c6e00000|  0%| F|  |TAMS 0x00000000c6d00000, 0x00000000c6d00000| Untracked 
|  92|0x00000000c6e00000, 0x00000000c6e00000, 0x00000000c6f00000|  0%| F|  |TAMS 0x00000000c6e00000, 0x00000000c6e00000| Untracked 
|  93|0x00000000c6f00000, 0x00000000c6f00000, 0x00000000c7000000|  0%| F|  |TAMS 0x00000000c6f00000, 0x00000000c6f00000| Untracked 
|  94|0x00000000c7000000, 0x00000000c7000000, 0x00000000c7100000|  0%| F|  |TAMS 0x00000000c7000000, 0x00000000c7000000| Untracked 
|  95|0x00000000c7100000, 0x00000000c7100000, 0x00000000c7200000|  0%| F|  |TAMS 0x00000000c7100000, 0x00000000c7100000| Untracked 
|  96|0x00000000c7200000, 0x00000000c7200000, 0x00000000c7300000|  0%| F|  |TAMS 0x00000000c7200000, 0x00000000c7200000| Untracked 
|  97|0x00000000c7300000, 0x00000000c7300000, 0x00000000c7400000|  0%| F|  |TAMS 0x00000000c7300000, 0x00000000c7300000| Untracked 
|  98|0x00000000c7400000, 0x00000000c7400000, 0x00000000c7500000|  0%| F|  |TAMS 0x00000000c7400000, 0x00000000c7400000| Untracked 
|  99|0x00000000c7500000, 0x00000000c7500000, 0x00000000c7600000|  0%| F|  |TAMS 0x00000000c7500000, 0x00000000c7500000| Untracked 
| 100|0x00000000c7600000, 0x00000000c7600000, 0x00000000c7700000|  0%| F|  |TAMS 0x00000000c7600000, 0x00000000c7600000| Untracked 
| 101|0x00000000c7700000, 0x00000000c7700000, 0x00000000c7800000|  0%| F|  |TAMS 0x00000000c7700000, 0x00000000c7700000| Untracked 
| 102|0x00000000c7800000, 0x00000000c7800000, 0x00000000c7900000|  0%| F|  |TAMS 0x00000000c7800000, 0x00000000c7800000| Untracked 
| 103|0x00000000c7900000, 0x00000000c7900000, 0x00000000c7a00000|  0%| F|  |TAMS 0x00000000c7900000, 0x00000000c7900000| Untracked 
| 104|0x00000000c7a00000, 0x00000000c7a00000, 0x00000000c7b00000|  0%| F|  |TAMS 0x00000000c7a00000, 0x00000000c7a00000| Untracked 
| 105|0x00000000c7b00000, 0x00000000c7b00000, 0x00000000c7c00000|  0%| F|  |TAMS 0x00000000c7b00000, 0x00000000c7b00000| Untracked 
| 106|0x00000000c7c00000, 0x00000000c7c00000, 0x00000000c7d00000|  0%| F|  |TAMS 0x00000000c7c00000, 0x00000000c7c00000| Untracked 
| 107|0x00000000c7d00000, 0x00000000c7d00000, 0x00000000c7e00000|  0%| F|  |TAMS 0x00000000c7d00000, 0x00000000c7d00000| Untracked 
| 108|0x00000000c7e00000, 0x00000000c7e00000, 0x00000000c7f00000|  0%| F|  |TAMS 0x00000000c7e00000, 0x00000000c7e00000| Untracked 
| 109|0x00000000c7f00000, 0x00000000c7f00000, 0x00000000c8000000|  0%| F|  |TAMS 0x00000000c7f00000, 0x00000000c7f00000| Untracked 
| 110|0x00000000c8000000, 0x00000000c8000000, 0x00000000c8100000|  0%| F|  |TAMS 0x00000000c8000000, 0x00000000c8000000| Untracked 
| 111|0x00000000c8100000, 0x00000000c8100000, 0x00000000c8200000|  0%| F|  |TAMS 0x00000000c8100000, 0x00000000c8100000| Untracked 
| 112|0x00000000c8200000, 0x00000000c8200000, 0x00000000c8300000|  0%| F|  |TAMS 0x00000000c8200000, 0x00000000c8200000| Untracked 
| 113|0x00000000c8300000, 0x00000000c8300000, 0x00000000c8400000|  0%| F|  |TAMS 0x00000000c8300000, 0x00000000c8300000| Untracked 
| 114|0x00000000c8400000, 0x00000000c8400000, 0x00000000c8500000|  0%| F|  |TAMS 0x00000000c8400000, 0x00000000c8400000| Untracked 
| 115|0x00000000c8500000, 0x00000000c8500000, 0x00000000c8600000|  0%| F|  |TAMS 0x00000000c8500000, 0x00000000c8500000| Untracked 
| 116|0x00000000c8600000, 0x00000000c8600000, 0x00000000c8700000|  0%| F|  |TAMS 0x00000000c8600000, 0x00000000c8600000| Untracked 
| 117|0x00000000c8700000, 0x00000000c8700000, 0x00000000c8800000|  0%| F|  |TAMS 0x00000000c8700000, 0x00000000c8700000| Untracked 
| 118|0x00000000c8800000, 0x00000000c8800000, 0x00000000c8900000|  0%| F|  |TAMS 0x00000000c8800000, 0x00000000c8800000| Untracked 
| 119|0x00000000c8900000, 0x00000000c8900000, 0x00000000c8a00000|  0%| F|  |TAMS 0x00000000c8900000, 0x00000000c8900000| Untracked 
| 120|0x00000000c8a00000, 0x00000000c8a00000, 0x00000000c8b00000|  0%| F|  |TAMS 0x00000000c8a00000, 0x00000000c8a00000| Untracked 
| 121|0x00000000c8b00000, 0x00000000c8b80ed8, 0x00000000c8c00000| 50%| E|  |TAMS 0x00000000c8b00000, 0x00000000c8b00000| Complete 
| 122|0x00000000c8c00000, 0x00000000c8d00000, 0x00000000c8d00000|100%| E|CS|TAMS 0x00000000c8c00000, 0x00000000c8c00000| Complete 
| 123|0x00000000c8d00000, 0x00000000c8e00000, 0x00000000c8e00000|100%| E|CS|TAMS 0x00000000c8d00000, 0x00000000c8d00000| Complete 
| 124|0x00000000c8e00000, 0x00000000c8f00000, 0x00000000c8f00000|100%| E|CS|TAMS 0x00000000c8e00000, 0x00000000c8e00000| Complete 
| 125|0x00000000c8f00000, 0x00000000c9000000, 0x00000000c9000000|100%| E|CS|TAMS 0x00000000c8f00000, 0x00000000c8f00000| Complete 
| 126|0x00000000c9000000, 0x00000000c9100000, 0x00000000c9100000|100%| E|CS|TAMS 0x00000000c9000000, 0x00000000c9000000| Complete 
| 127|0x00000000c9100000, 0x00000000c9200000, 0x00000000c9200000|100%| E|CS|TAMS 0x00000000c9100000, 0x00000000c9100000| Complete 
| 128|0x00000000c9200000, 0x00000000c9300000, 0x00000000c9300000|100%| E|CS|TAMS 0x00000000c9200000, 0x00000000c9200000| Complete 
| 129|0x00000000c9300000, 0x00000000c9400000, 0x00000000c9400000|100%| E|CS|TAMS 0x00000000c9300000, 0x00000000c9300000| Complete 
| 130|0x00000000c9400000, 0x00000000c9500000, 0x00000000c9500000|100%| E|CS|TAMS 0x00000000c9400000, 0x00000000c9400000| Complete 
| 131|0x00000000c9500000, 0x00000000c9600000, 0x00000000c9600000|100%| E|CS|TAMS 0x00000000c9500000, 0x00000000c9500000| Complete 
| 132|0x00000000c9600000, 0x00000000c9700000, 0x00000000c9700000|100%| E|CS|TAMS 0x00000000c9600000, 0x00000000c9600000| Complete 
| 133|0x00000000c9700000, 0x00000000c9800000, 0x00000000c9800000|100%| E|  |TAMS 0x00000000c9700000, 0x00000000c9700000| Complete 
| 134|0x00000000c9800000, 0x00000000c9900000, 0x00000000c9900000|100%| E|CS|TAMS 0x00000000c9800000, 0x00000000c9800000| Complete 
| 135|0x00000000c9900000, 0x00000000c9a00000, 0x00000000c9a00000|100%| E|CS|TAMS 0x00000000c9900000, 0x00000000c9900000| Complete 
| 136|0x00000000c9a00000, 0x00000000c9b00000, 0x00000000c9b00000|100%| E|CS|TAMS 0x00000000c9a00000, 0x00000000c9a00000| Complete 
| 137|0x00000000c9b00000, 0x00000000c9c00000, 0x00000000c9c00000|100%| E|CS|TAMS 0x00000000c9b00000, 0x00000000c9b00000| Complete 
| 138|0x00000000c9c00000, 0x00000000c9d00000, 0x00000000c9d00000|100%| E|CS|TAMS 0x00000000c9c00000, 0x00000000c9c00000| Complete 
| 139|0x00000000c9d00000, 0x00000000c9e00000, 0x00000000c9e00000|100%| E|CS|TAMS 0x00000000c9d00000, 0x00000000c9d00000| Complete 
| 140|0x00000000c9e00000, 0x00000000c9f00000, 0x00000000c9f00000|100%| E|CS|TAMS 0x00000000c9e00000, 0x00000000c9e00000| Complete 
| 141|0x00000000c9f00000, 0x00000000ca000000, 0x00000000ca000000|100%| E|CS|TAMS 0x00000000c9f00000, 0x00000000c9f00000| Complete 
| 142|0x00000000ca000000, 0x00000000ca100000, 0x00000000ca100000|100%| E|CS|TAMS 0x00000000ca000000, 0x00000000ca000000| Complete 
| 143|0x00000000ca100000, 0x00000000ca200000, 0x00000000ca200000|100%| E|CS|TAMS 0x00000000ca100000, 0x00000000ca100000| Complete 
| 144|0x00000000ca200000, 0x00000000ca300000, 0x00000000ca300000|100%| E|CS|TAMS 0x00000000ca200000, 0x00000000ca200000| Complete 
| 145|0x00000000ca300000, 0x00000000ca400000, 0x00000000ca400000|100%| E|CS|TAMS 0x00000000ca300000, 0x00000000ca300000| Complete 
| 146|0x00000000ca400000, 0x00000000ca500000, 0x00000000ca500000|100%| E|CS|TAMS 0x00000000ca400000, 0x00000000ca400000| Complete 
| 147|0x00000000ca500000, 0x00000000ca600000, 0x00000000ca600000|100%| E|CS|TAMS 0x00000000ca500000, 0x00000000ca500000| Complete 
| 148|0x00000000ca600000, 0x00000000ca700000, 0x00000000ca700000|100%| E|CS|TAMS 0x00000000ca600000, 0x00000000ca600000| Complete 
| 149|0x00000000ca700000, 0x00000000ca800000, 0x00000000ca800000|100%| E|CS|TAMS 0x00000000ca700000, 0x00000000ca700000| Complete 
| 150|0x00000000ca800000, 0x00000000ca900000, 0x00000000ca900000|100%| E|CS|TAMS 0x00000000ca800000, 0x00000000ca800000| Complete 
| 151|0x00000000ca900000, 0x00000000caa00000, 0x00000000caa00000|100%| E|CS|TAMS 0x00000000ca900000, 0x00000000ca900000| Complete 
| 152|0x00000000caa00000, 0x00000000cab00000, 0x00000000cab00000|100%| E|CS|TAMS 0x00000000caa00000, 0x00000000caa00000| Complete 
| 153|0x00000000cab00000, 0x00000000cac00000, 0x00000000cac00000|100%| E|CS|TAMS 0x00000000cab00000, 0x00000000cab00000| Complete 
| 154|0x00000000cac00000, 0x00000000cad00000, 0x00000000cad00000|100%| E|CS|TAMS 0x00000000cac00000, 0x00000000cac00000| Complete 
| 155|0x00000000cad00000, 0x00000000cae00000, 0x00000000cae00000|100%| E|CS|TAMS 0x00000000cad00000, 0x00000000cad00000| Complete 
| 156|0x00000000cae00000, 0x00000000caf00000, 0x00000000caf00000|100%| E|CS|TAMS 0x00000000cae00000, 0x00000000cae00000| Complete 
| 157|0x00000000caf00000, 0x00000000cb000000, 0x00000000cb000000|100%| E|CS|TAMS 0x00000000caf00000, 0x00000000caf00000| Complete 
| 158|0x00000000cb000000, 0x00000000cb100000, 0x00000000cb100000|100%| E|CS|TAMS 0x00000000cb000000, 0x00000000cb000000| Complete 
| 159|0x00000000cb100000, 0x00000000cb200000, 0x00000000cb200000|100%| E|CS|TAMS 0x00000000cb100000, 0x00000000cb100000| Complete 
| 160|0x00000000cb200000, 0x00000000cb300000, 0x00000000cb300000|100%| E|CS|TAMS 0x00000000cb200000, 0x00000000cb200000| Complete 
| 161|0x00000000cb300000, 0x00000000cb400000, 0x00000000cb400000|100%| E|CS|TAMS 0x00000000cb300000, 0x00000000cb300000| Complete 
| 162|0x00000000cb400000, 0x00000000cb500000, 0x00000000cb500000|100%| E|CS|TAMS 0x00000000cb400000, 0x00000000cb400000| Complete 
| 163|0x00000000cb500000, 0x00000000cb600000, 0x00000000cb600000|100%| E|CS|TAMS 0x00000000cb500000, 0x00000000cb500000| Complete 
| 164|0x00000000cb600000, 0x00000000cb700000, 0x00000000cb700000|100%| E|CS|TAMS 0x00000000cb600000, 0x00000000cb600000| Complete 
| 165|0x00000000cb700000, 0x00000000cb800000, 0x00000000cb800000|100%| E|CS|TAMS 0x00000000cb700000, 0x00000000cb700000| Complete 
| 166|0x00000000cb800000, 0x00000000cb900000, 0x00000000cb900000|100%| E|CS|TAMS 0x00000000cb800000, 0x00000000cb800000| Complete 
| 167|0x00000000cb900000, 0x00000000cba00000, 0x00000000cba00000|100%| E|CS|TAMS 0x00000000cb900000, 0x00000000cb900000| Complete 
| 168|0x00000000cba00000, 0x00000000cbb00000, 0x00000000cbb00000|100%| E|CS|TAMS 0x00000000cba00000, 0x00000000cba00000| Complete 
| 169|0x00000000cbb00000, 0x00000000cbc00000, 0x00000000cbc00000|100%| E|CS|TAMS 0x00000000cbb00000, 0x00000000cbb00000| Complete 
| 170|0x00000000cbc00000, 0x00000000cbd00000, 0x00000000cbd00000|100%| E|CS|TAMS 0x00000000cbc00000, 0x00000000cbc00000| Complete 
| 171|0x00000000cbd00000, 0x00000000cbe00000, 0x00000000cbe00000|100%| E|CS|TAMS 0x00000000cbd00000, 0x00000000cbd00000| Complete 
| 172|0x00000000cbe00000, 0x00000000cbf00000, 0x00000000cbf00000|100%| E|CS|TAMS 0x00000000cbe00000, 0x00000000cbe00000| Complete 
| 173|0x00000000cbf00000, 0x00000000cc000000, 0x00000000cc000000|100%| E|CS|TAMS 0x00000000cbf00000, 0x00000000cbf00000| Complete 
| 174|0x00000000cc000000, 0x00000000cc100000, 0x00000000cc100000|100%| E|CS|TAMS 0x00000000cc000000, 0x00000000cc000000| Complete 
| 175|0x00000000cc100000, 0x00000000cc200000, 0x00000000cc200000|100%| E|CS|TAMS 0x00000000cc100000, 0x00000000cc100000| Complete 
| 176|0x00000000cc200000, 0x00000000cc300000, 0x00000000cc300000|100%| E|CS|TAMS 0x00000000cc200000, 0x00000000cc200000| Complete 
| 177|0x00000000cc300000, 0x00000000cc400000, 0x00000000cc400000|100%| E|CS|TAMS 0x00000000cc300000, 0x00000000cc300000| Complete 
| 178|0x00000000cc400000, 0x00000000cc500000, 0x00000000cc500000|100%| E|CS|TAMS 0x00000000cc400000, 0x00000000cc400000| Complete 
| 179|0x00000000cc500000, 0x00000000cc600000, 0x00000000cc600000|100%| E|CS|TAMS 0x00000000cc500000, 0x00000000cc500000| Complete 
| 180|0x00000000cc600000, 0x00000000cc700000, 0x00000000cc700000|100%| E|CS|TAMS 0x00000000cc600000, 0x00000000cc600000| Complete 
| 181|0x00000000cc700000, 0x00000000cc800000, 0x00000000cc800000|100%| E|CS|TAMS 0x00000000cc700000, 0x00000000cc700000| Complete 
| 182|0x00000000cc800000, 0x00000000cc900000, 0x00000000cc900000|100%| E|CS|TAMS 0x00000000cc800000, 0x00000000cc800000| Complete 
| 183|0x00000000cc900000, 0x00000000cca00000, 0x00000000cca00000|100%| E|CS|TAMS 0x00000000cc900000, 0x00000000cc900000| Complete 
| 184|0x00000000cca00000, 0x00000000ccb00000, 0x00000000ccb00000|100%| E|CS|TAMS 0x00000000cca00000, 0x00000000cca00000| Complete 
| 185|0x00000000ccb00000, 0x00000000ccc00000, 0x00000000ccc00000|100%| E|CS|TAMS 0x00000000ccb00000, 0x00000000ccb00000| Complete 
| 186|0x00000000ccc00000, 0x00000000ccd00000, 0x00000000ccd00000|100%| E|CS|TAMS 0x00000000ccc00000, 0x00000000ccc00000| Complete 
| 187|0x00000000ccd00000, 0x00000000cce00000, 0x00000000cce00000|100%| E|CS|TAMS 0x00000000ccd00000, 0x00000000ccd00000| Complete 
| 188|0x00000000cce00000, 0x00000000ccf00000, 0x00000000ccf00000|100%| E|CS|TAMS 0x00000000cce00000, 0x00000000cce00000| Complete 
| 189|0x00000000ccf00000, 0x00000000cd000000, 0x00000000cd000000|100%| E|CS|TAMS 0x00000000ccf00000, 0x00000000ccf00000| Complete 
| 190|0x00000000cd000000, 0x00000000cd100000, 0x00000000cd100000|100%| E|CS|TAMS 0x00000000cd000000, 0x00000000cd000000| Complete 
| 191|0x00000000cd100000, 0x00000000cd200000, 0x00000000cd200000|100%| E|CS|TAMS 0x00000000cd100000, 0x00000000cd100000| Complete 
| 192|0x00000000cd200000, 0x00000000cd300000, 0x00000000cd300000|100%| E|CS|TAMS 0x00000000cd200000, 0x00000000cd200000| Complete 
| 193|0x00000000cd300000, 0x00000000cd400000, 0x00000000cd400000|100%| E|CS|TAMS 0x00000000cd300000, 0x00000000cd300000| Complete 
| 194|0x00000000cd400000, 0x00000000cd500000, 0x00000000cd500000|100%| E|CS|TAMS 0x00000000cd400000, 0x00000000cd400000| Complete 
| 195|0x00000000cd500000, 0x00000000cd600000, 0x00000000cd600000|100%| E|CS|TAMS 0x00000000cd500000, 0x00000000cd500000| Complete 
| 196|0x00000000cd600000, 0x00000000cd60ba88, 0x00000000cd700000|  4%| S|CS|TAMS 0x00000000cd600000, 0x00000000cd600000| Complete 
| 197|0x00000000cd700000, 0x00000000cd800000, 0x00000000cd800000|100%| E|CS|TAMS 0x00000000cd700000, 0x00000000cd700000| Complete 
| 198|0x00000000cd800000, 0x00000000cd900000, 0x00000000cd900000|100%| E|CS|TAMS 0x00000000cd800000, 0x00000000cd800000| Complete 

Card table byte_map: [0x00000258689a0000,0x0000025868ba0000] _byte_map_base: 0x0000025868397000

Marking Bits (Prev, Next): (CMBitMap*) 0x000002585205b940, (CMBitMap*) 0x000002585205b980
 Prev Bits: [0x0000025868da0000, 0x0000025869d58000)
 Next Bits: [0x0000025869d60000, 0x000002586ad18000)

Polling page: 0x000002584ff70000

Metaspace:

Usage:
  Non-class:     27.28 MB used.
      Class:      3.27 MB used.
       Both:     30.55 MB used.

Virtual space:
  Non-class space:       32.00 MB reserved,      27.44 MB ( 86%) committed,  4 nodes.
      Class space:        1.00 GB reserved,       3.44 MB ( <1%) committed,  1 nodes.
              Both:        1.03 GB reserved,      30.88 MB (  3%) committed. 

Chunk freelists:
   Non-Class:  192.00 KB
       Class:  560.00 KB
        Both:  752.00 KB

MaxMetaspaceSize: 17179869184.00 GB
CompressedClassSpaceSize: 1.00 GB
 - commit_granule_bytes: 65536.
 - commit_granule_words: 8192.
 - virtual_space_node_default_size: 1048576.
 - enlarge_chunks_in_place: 1.
 - new_chunks_are_fully_committed: 0.
 - uncommit_free_chunks: 1.
 - use_allocation_guard: 0.
 - handle_deallocations: 1.


Internal statistics:

num_allocs_failed_limit: 3.
num_arena_births: 218.
num_arena_deaths: 0.
num_vsnodes_births: 5.
num_vsnodes_deaths: 0.
num_space_committed: 494.
num_space_uncommitted: 0.
num_chunks_returned_to_freelist: 3.
num_chunks_taken_from_freelist: 1332.
num_chunk_merges: 3.
num_chunk_splits: 953.
num_chunks_enlarged: 759.
num_purges: 0.

CodeHeap 'non-profiled nmethods': size=120000Kb used=2841Kb max_used=2973Kb free=117158Kb
 bounds [0x0000025861270000, 0x0000025861570000, 0x00000258687a0000]
CodeHeap 'profiled nmethods': size=120000Kb used=13849Kb max_used=14872Kb free=106150Kb
 bounds [0x0000025859d40000, 0x000002585abd0000, 0x0000025861270000]
CodeHeap 'non-nmethods': size=5760Kb used=1248Kb max_used=1295Kb free=4511Kb
 bounds [0x00000258597a0000, 0x0000025859a10000, 0x0000025859d40000]
 total_blobs=7322 nmethods=6767 adapters=467
 compilation: enabled
              stopped_count=0, restarted_count=0
 full_count=0

Compilation events (20 events):
Event: 28.873 Thread 0x000002586d166430 7754       2       java.util.zip.ZipUtils::javaEpochToLocalDateTime (13 bytes)
Event: 28.874 Thread 0x000002586d166430 nmethod 7754 0x000002585a77cb90 code [0x000002585a77cd60, 0x000002585a77cfa8]
Event: 28.874 Thread 0x000002586d166430 7755       2       java.util.zip.ZipUtils::javaToDosTime (57 bytes)
Event: 28.874 Thread 0x000002586d166430 nmethod 7755 0x000002585a1a9c90 code [0x000002585a1a9e20, 0x000002585a1a9f78]
Event: 28.907 Thread 0x000002586d166430 7756   !   2       java.util.zip.Deflater::reset (64 bytes)
Event: 28.908 Thread 0x000002586d166430 nmethod 7756 0x000002585a77c510 code [0x000002585a77c6e0, 0x000002585a77c9f8]
Event: 28.909 Thread 0x000002586d166430 7758       2       org.apache.commons.compress.archivers.zip.StreamCompressor::writeDeflated (119 bytes)
Event: 28.911 Thread 0x000002586d166430 nmethod 7758 0x000002585a77b990 code [0x000002585a77bbc0, 0x000002585a77c148]
Event: 28.913 Thread 0x000002586d166430 7759       2       java.util.Arrays::equals (43 bytes)
Event: 28.914 Thread 0x000002586d166430 nmethod 7759 0x000002585a77b510 code [0x000002585a77b6c0, 0x000002585a77b8a8]
Event: 28.928 Thread 0x000002586d166430 7760       2       org.apache.commons.compress.archivers.zip.ZipArchiveEntry::setMethod (37 bytes)
Event: 28.928 Thread 0x000002586d166430 nmethod 7760 0x000002585a77ae90 code [0x000002585a77b080, 0x000002585a77b368]
Event: 28.941 Thread 0x000002586d166430 7761       2       org.apache.commons.compress.archivers.zip.ZipArchiveOutputStream::usesDataDescriptor (23 bytes)
Event: 28.942 Thread 0x000002586d166430 nmethod 7761 0x000002585a77aa90 code [0x000002585a77ac20, 0x000002585a77ad58]
Event: 28.948 Thread 0x000002586d166430 7762       2       java.util.zip.ZipInputStream::read (304 bytes)
Event: 28.950 Thread 0x000002586d166430 nmethod 7762 0x000002585a3c5090 code [0x000002585a3c53a0, 0x000002585a3c5e58]
Event: 28.952 Thread 0x000002586d166430 7763       2       java.io.ByteArrayOutputStream::ensureCapacity (32 bytes)
Event: 28.952 Thread 0x000002586d166430 nmethod 7763 0x000002585a3c4b10 code [0x000002585a3c4cc0, 0x000002585a3c4f78]
Event: 29.070 Thread 0x000002586d166430 7764       2       java.util.zip.ZipInputStream::readFully (44 bytes)
Event: 29.070 Thread 0x000002586d166430 nmethod 7764 0x000002585a3c4510 code [0x000002585a3c46e0, 0x000002585a3c4978]

GC Heap History (20 events):
Event: 21.723 GC heap before
{Heap before GC invocations=14 (full 0):
 garbage-first heap   total 78848K, used 43479K [0x00000000c1200000, 0x0000000100000000)
  region size 1024K, 8 young (8192K), 4 survivors (4096K)
 Metaspace       used 26252K, committed 26560K, reserved 1073152K
  class space    used 2801K, committed 2944K, reserved 1048576K
}
Event: 21.744 GC heap after
{Heap after GC invocations=15 (full 0):
 garbage-first heap   total 78848K, used 40842K [0x00000000c1200000, 0x0000000100000000)
  region size 1024K, 1 young (1024K), 1 survivors (1024K)
 Metaspace       used 26252K, committed 26560K, reserved 1073152K
  class space    used 2801K, committed 2944K, reserved 1048576K
}
Event: 22.848 GC heap before
{Heap before GC invocations=16 (full 0):
 garbage-first heap   total 78848K, used 60298K [0x00000000c1200000, 0x0000000100000000)
  region size 1024K, 19 young (19456K), 1 survivors (1024K)
 Metaspace       used 26909K, committed 27264K, reserved 1073152K
  class space    used 2856K, committed 3008K, reserved 1048576K
}
Event: 22.860 GC heap after
{Heap after GC invocations=17 (full 0):
 garbage-first heap   total 78848K, used 41966K [0x00000000c1200000, 0x0000000100000000)
  region size 1024K, 2 young (2048K), 2 survivors (2048K)
 Metaspace       used 26909K, committed 27264K, reserved 1073152K
  class space    used 2856K, committed 3008K, reserved 1048576K
}
Event: 22.891 GC heap before
{Heap before GC invocations=17 (full 0):
 garbage-first heap   total 78848K, used 62446K [0x00000000c1200000, 0x0000000100000000)
  region size 1024K, 22 young (22528K), 2 survivors (2048K)
 Metaspace       used 26909K, committed 27264K, reserved 1073152K
  class space    used 2856K, committed 3008K, reserved 1048576K
}
Event: 22.902 GC heap after
{Heap after GC invocations=18 (full 0):
 garbage-first heap   total 99328K, used 43327K [0x00000000c1200000, 0x0000000100000000)
  region size 1024K, 2 young (2048K), 2 survivors (2048K)
 Metaspace       used 26909K, committed 27264K, reserved 1073152K
  class space    used 2856K, committed 3008K, reserved 1048576K
}
Event: 23.665 GC heap before
{Heap before GC invocations=19 (full 0):
 garbage-first heap   total 99328K, used 76095K [0x00000000c1200000, 0x0000000100000000)
  region size 1024K, 34 young (34816K), 2 survivors (2048K)
 Metaspace       used 26960K, committed 27264K, reserved 1073152K
  class space    used 2858K, committed 3008K, reserved 1048576K
}
Event: 23.678 GC heap after
{Heap after GC invocations=20 (full 0):
 garbage-first heap   total 99328K, used 48059K [0x00000000c1200000, 0x0000000100000000)
  region size 1024K, 5 young (5120K), 5 survivors (5120K)
 Metaspace       used 26960K, committed 27264K, reserved 1073152K
  class space    used 2858K, committed 3008K, reserved 1048576K
}
Event: 23.706 GC heap before
{Heap before GC invocations=20 (full 0):
 garbage-first heap   total 99328K, used 49083K [0x00000000c1200000, 0x0000000100000000)
  region size 1024K, 6 young (6144K), 5 survivors (5120K)
 Metaspace       used 26966K, committed 27264K, reserved 1073152K
  class space    used 2858K, committed 3008K, reserved 1048576K
}
Event: 23.726 GC heap after
{Heap after GC invocations=21 (full 0):
 garbage-first heap   total 99328K, used 43796K [0x00000000c1200000, 0x0000000100000000)
  region size 1024K, 1 young (1024K), 1 survivors (1024K)
 Metaspace       used 26966K, committed 27264K, reserved 1073152K
  class space    used 2858K, committed 3008K, reserved 1048576K
}
Event: 23.782 GC heap before
{Heap before GC invocations=21 (full 0):
 garbage-first heap   total 99328K, used 75540K [0x00000000c1200000, 0x0000000100000000)
  region size 1024K, 32 young (32768K), 1 survivors (1024K)
 Metaspace       used 26968K, committed 27264K, reserved 1073152K
  class space    used 2858K, committed 3008K, reserved 1048576K
}
Event: 23.787 GC heap after
{Heap after GC invocations=22 (full 0):
 garbage-first heap   total 99328K, used 45730K [0x00000000c1200000, 0x0000000100000000)
  region size 1024K, 2 young (2048K), 2 survivors (2048K)
 Metaspace       used 26968K, committed 27264K, reserved 1073152K
  class space    used 2858K, committed 3008K, reserved 1048576K
}
Event: 24.243 GC heap before
{Heap before GC invocations=22 (full 0):
 garbage-first heap   total 99328K, used 75426K [0x00000000c1200000, 0x0000000100000000)
  region size 1024K, 32 young (32768K), 2 survivors (2048K)
 Metaspace       used 27000K, committed 27328K, reserved 1073152K
  class space    used 2858K, committed 3008K, reserved 1048576K
}
Event: 24.259 GC heap after
{Heap after GC invocations=23 (full 0):
 garbage-first heap   total 99328K, used 53106K [0x00000000c1200000, 0x0000000100000000)
  region size 1024K, 4 young (4096K), 4 survivors (4096K)
 Metaspace       used 27000K, committed 27328K, reserved 1073152K
  class space    used 2858K, committed 3008K, reserved 1048576K
}
Event: 24.898 GC heap before
{Heap before GC invocations=23 (full 0):
 garbage-first heap   total 99328K, used 75634K [0x00000000c1200000, 0x0000000100000000)
  region size 1024K, 26 young (26624K), 4 survivors (4096K)
 Metaspace       used 27235K, committed 27520K, reserved 1081344K
  class space    used 2870K, committed 3008K, reserved 1048576K
}
Event: 24.912 GC heap after
{Heap after GC invocations=24 (full 0):
 garbage-first heap   total 203776K, used 55241K [0x00000000c1200000, 0x0000000100000000)
  region size 1024K, 3 young (3072K), 3 survivors (3072K)
 Metaspace       used 27235K, committed 27520K, reserved 1081344K
  class space    used 2870K, committed 3008K, reserved 1048576K
}
Event: 27.839 GC heap before
{Heap before GC invocations=25 (full 0):
 garbage-first heap   total 203776K, used 173001K [0x00000000c1200000, 0x0000000100000000)
  region size 1024K, 94 young (96256K), 3 survivors (3072K)
 Metaspace       used 30344K, committed 30720K, reserved 1081344K
  class space    used 3242K, committed 3392K, reserved 1048576K
}
Event: 28.012 GC heap after
{Heap after GC invocations=26 (full 0):
 garbage-first heap   total 203776K, used 60385K [0x00000000c1200000, 0x0000000100000000)
  region size 1024K, 7 young (7168K), 7 survivors (7168K)
 Metaspace       used 30344K, committed 30720K, reserved 1081344K
  class space    used 3242K, committed 3392K, reserved 1048576K
}
Event: 28.014 GC heap before
{Heap before GC invocations=26 (full 0):
 garbage-first heap   total 203776K, used 61409K [0x00000000c1200000, 0x0000000100000000)
  region size 1024K, 9 young (9216K), 7 survivors (7168K)
 Metaspace       used 30344K, committed 30720K, reserved 1081344K
  class space    used 3242K, committed 3392K, reserved 1048576K
}
Event: 28.063 GC heap after
{Heap after GC invocations=27 (full 0):
 garbage-first heap   total 203776K, used 49002K [0x00000000c1200000, 0x0000000100000000)
  region size 1024K, 1 young (1024K), 1 survivors (1024K)
 Metaspace       used 30344K, committed 30720K, reserved 1081344K
  class space    used 3242K, committed 3392K, reserved 1048576K
}

Deoptimization events (20 events):
Event: 28.371 Thread 0x000002585202b190 DEOPT PACKING pc=0x000002586144a0e4 sp=0x000000fe668fdae0
Event: 28.371 Thread 0x000002585202b190 DEOPT UNPACKING pc=0x00000258597ed72e sp=0x000000fe668fdaa8 mode 2
Event: 28.596 Thread 0x000002585202b190 Uncommon trap: trap_request=0xffffffec fr.pc=0x000002586133449c relative=0x000000000000007c
Event: 28.596 Thread 0x000002585202b190 Uncommon trap: reason=null_assert_or_unreached0 action=make_not_entrant pc=0x000002586133449c method=java.util.jar.JarFile.maybeInstantiateVerifier()V @ 4 c2
Event: 28.596 Thread 0x000002585202b190 DEOPT PACKING pc=0x000002586133449c sp=0x000000fe668fdb20
Event: 28.596 Thread 0x000002585202b190 DEOPT UNPACKING pc=0x00000258597ed72e sp=0x000000fe668fdab0 mode 2
Event: 28.772 Thread 0x000002585202b190 DEOPT PACKING pc=0x0000025859e8fba5 sp=0x000000fe668fd580
Event: 28.772 Thread 0x000002585202b190 DEOPT UNPACKING pc=0x00000258597edece sp=0x000000fe668fca58 mode 0
Event: 28.790 Thread 0x000002585202b190 Uncommon trap: trap_request=0xffffff45 fr.pc=0x00000258614b07f8 relative=0x00000000000001d8
Event: 28.790 Thread 0x000002585202b190 Uncommon trap: reason=unstable_if action=reinterpret pc=0x00000258614b07f8 method=jdk.internal.util.ArraysSupport.mismatch([B[BI)I @ 60 c2
Event: 28.790 Thread 0x000002585202b190 DEOPT PACKING pc=0x00000258614b07f8 sp=0x000000fe668fdd10
Event: 28.790 Thread 0x000002585202b190 DEOPT UNPACKING pc=0x00000258597ed72e sp=0x000000fe668fdc58 mode 2
Event: 28.793 Thread 0x000002585202b190 Uncommon trap: trap_request=0xffffff45 fr.pc=0x00000258614bbdec relative=0x00000000000001cc
Event: 28.793 Thread 0x000002585202b190 Uncommon trap: reason=unstable_if action=reinterpret pc=0x00000258614bbdec method=java.util.concurrent.TimeUnit.toMillis(J)J @ 18 c2
Event: 28.793 Thread 0x000002585202b190 DEOPT PACKING pc=0x00000258614bbdec sp=0x000000fe668fdc90
Event: 28.793 Thread 0x000002585202b190 DEOPT UNPACKING pc=0x00000258597ed72e sp=0x000000fe668fdbb0 mode 2
Event: 28.794 Thread 0x000002585202b190 Uncommon trap: trap_request=0xffffff45 fr.pc=0x00000258614aff4c relative=0x000000000000012c
Event: 28.794 Thread 0x000002585202b190 Uncommon trap: reason=unstable_if action=reinterpret pc=0x00000258614aff4c method=java.util.concurrent.TimeUnit.toMillis(J)J @ 18 c2
Event: 28.794 Thread 0x000002585202b190 DEOPT PACKING pc=0x00000258614aff4c sp=0x000000fe668fd9f0
Event: 28.794 Thread 0x000002585202b190 DEOPT UNPACKING pc=0x00000258597ed72e sp=0x000000fe668fd968 mode 2

Classes unloaded (0 events):
No events

Classes redefined (0 events):
No events

Internal exceptions (20 events):
Event: 24.463 Thread 0x000002585202b190 Exception <a 'sun/nio/fs/WindowsException'{0x00000000c69516e0}> (0x00000000c69516e0) 
thrown [t:\workspace\open\src\hotspot\share\prims\jni.cpp, line 579]
Event: 24.463 Thread 0x000002585202b190 Exception <a 'sun/nio/fs/WindowsException'{0x00000000c6952680}> (0x00000000c6952680) 
thrown [t:\workspace\open\src\hotspot\share\prims\jni.cpp, line 579]
Event: 24.463 Thread 0x000002585202b190 Exception <a 'sun/nio/fs/WindowsException'{0x00000000c6952a40}> (0x00000000c6952a40) 
thrown [t:\workspace\open\src\hotspot\share\prims\jni.cpp, line 579]
Event: 24.464 Thread 0x000002585202b190 Exception <a 'sun/nio/fs/WindowsException'{0x00000000c695fbf8}> (0x00000000c695fbf8) 
thrown [t:\workspace\open\src\hotspot\share\prims\jni.cpp, line 579]
Event: 24.464 Thread 0x000002585202b190 Exception <a 'sun/nio/fs/WindowsException'{0x00000000c695ff70}> (0x00000000c695ff70) 
thrown [t:\workspace\open\src\hotspot\share\prims\jni.cpp, line 579]
Event: 24.465 Thread 0x000002585202b190 Exception <a 'sun/nio/fs/WindowsException'{0x00000000c69877f0}> (0x00000000c69877f0) 
thrown [t:\workspace\open\src\hotspot\share\prims\jni.cpp, line 579]
Event: 24.465 Thread 0x000002585202b190 Exception <a 'sun/nio/fs/WindowsException'{0x00000000c6987bb0}> (0x00000000c6987bb0) 
thrown [t:\workspace\open\src\hotspot\share\prims\jni.cpp, line 579]
Event: 24.465 Thread 0x000002585202b190 Exception <a 'sun/nio/fs/WindowsException'{0x00000000c6988c10}> (0x00000000c6988c10) 
thrown [t:\workspace\open\src\hotspot\share\prims\jni.cpp, line 579]
Event: 24.465 Thread 0x000002585202b190 Exception <a 'sun/nio/fs/WindowsException'{0x00000000c6989090}> (0x00000000c6989090) 
thrown [t:\workspace\open\src\hotspot\share\prims\jni.cpp, line 579]
Event: 24.489 Thread 0x000002585202b190 Exception <a 'sun/nio/fs/WindowsException'{0x00000000c67d6e40}> (0x00000000c67d6e40) 
thrown [t:\workspace\open\src\hotspot\share\prims\jni.cpp, line 579]
Event: 24.489 Thread 0x000002585202b190 Exception <a 'sun/nio/fs/WindowsException'{0x00000000c67d75a0}> (0x00000000c67d75a0) 
thrown [t:\workspace\open\src\hotspot\share\prims\jni.cpp, line 579]
Event: 24.490 Thread 0x000002585202b190 Exception <a 'sun/nio/fs/WindowsException'{0x00000000c67d7b60}> (0x00000000c67d7b60) 
thrown [t:\workspace\open\src\hotspot\share\prims\jni.cpp, line 579]
Event: 24.490 Thread 0x000002585202b190 Exception <a 'sun/nio/fs/WindowsException'{0x00000000c67d82a0}> (0x00000000c67d82a0) 
thrown [t:\workspace\open\src\hotspot\share\prims\jni.cpp, line 579]
Event: 24.490 Thread 0x000002585202b190 Exception <a 'sun/nio/fs/WindowsException'{0x00000000c67d85c0}> (0x00000000c67d85c0) 
thrown [t:\workspace\open\src\hotspot\share\prims\jni.cpp, line 579]
Event: 24.490 Thread 0x000002585202b190 Exception <a 'sun/nio/fs/WindowsException'{0x00000000c67d9270}> (0x00000000c67d9270) 
thrown [t:\workspace\open\src\hotspot\share\prims\jni.cpp, line 579]
Event: 25.065 Thread 0x000002585202b190 Exception <a 'java/lang/NoSuchMethodError'{0x00000000cd4be3f0}: 'java.lang.String org.apache.maven.execution.MavenExecutionRequest.getFailureBehavior()'> (0x00000000cd4be3f0) 
thrown [t:\workspace\open\src\hotspot\share\interpreter\linkResolver.cpp, line 886]
Event: 25.088 Thread 0x000002586fa7c060 Exception <a 'java/lang/NoSuchMethodError'{0x00000000cd5c8240}: 'java.lang.Object java.lang.invoke.DirectMethodHandle$Holder.invokeStaticInit(java.lang.Object, java.lang.Object, long, java.lang.Object)'> (0x00000000cd5c8240) 
thrown [t:\workspace\open\src\hotspot\share\interpreter\linkResolver.cpp, line 790]
Event: 25.089 Thread 0x000002586fa7c060 Exception <a 'java/lang/NoSuchMethodError'{0x00000000cd5cecd0}: 'java.lang.Object java.lang.invoke.DirectMethodHandle$Holder.newInvokeSpecial(java.lang.Object, java.lang.Object, long)'> (0x00000000cd5cecd0) 
thrown [t:\workspace\open\src\hotspot\share\interpreter\linkResolver.cpp, line 790]
Event: 25.089 Thread 0x000002586fa7c060 Exception <a 'java/lang/NoSuchMethodError'{0x00000000cd5d2a40}: 'java.lang.Object java.lang.invoke.Invokers$Holder.linkToTargetMethod(java.lang.Object, long, java.lang.Object)'> (0x00000000cd5d2a40) 
thrown [t:\workspace\open\src\hotspot\share\interpreter\linkResolver.cpp, line 790]
Event: 27.399 Thread 0x000002585202b190 Exception <a 'java/lang/NoClassDefFoundError'{0x00000000c91d9860}: org/sonatype/aether/graph/DependencyNode> (0x00000000c91d9860) 
thrown [t:\workspace\open\src\hotspot\share\classfile\systemDictionary.cpp, line 245]

Events (20 events):
Event: 27.800 Executing  VM operation: G1CollectForAllocation
Event: 28.013 Executing  VM operation: G1CollectForAllocation done
Event: 28.014 Executing  VM operation: G1CollectForAllocation
Event: 28.064 Executing  VM operation: G1CollectForAllocation done
Event: 28.383 loading class java/lang/invoke/DirectMethodHandle$Special
Event: 28.384 loading class java/lang/invoke/DirectMethodHandle$Special done
Event: 28.526 loading class java/util/jar/JarInputStream
Event: 28.526 loading class java/util/zip/ZipInputStream
Event: 28.527 loading class java/util/zip/ZipInputStream done
Event: 28.527 loading class java/util/jar/JarInputStream done
Event: 28.593 loading class java/util/zip/ZipFile$ZipEntryIterator
Event: 28.593 loading class java/util/zip/ZipFile$ZipEntryIterator done
Event: 28.596 loading class sun/security/util/ManifestEntryVerifier
Event: 28.597 loading class sun/security/util/ManifestEntryVerifier done
Event: 28.704 loading class java/io/PushbackInputStream
Event: 28.704 loading class java/io/PushbackInputStream done
Event: 28.705 loading class sun/security/util/SignatureFileVerifier
Event: 28.706 loading class sun/security/util/SignatureFileVerifier done
Event: 29.068 Executing  VM operation: Cleanup
Event: 29.068 Executing  VM operation: Cleanup done


Dynamic libraries:
0x00007ff717310000 - 0x00007ff717320000 	C:\Program Files\Java\jdk-16\bin\java.exe
0x00007ff878110000 - 0x00007ff878305000 	C:\Windows\SYSTEM32\ntdll.dll
0x00007ff876e60000 - 0x00007ff876f1d000 	C:\Windows\System32\KERNEL32.DLL
0x00007ff875c70000 - 0x00007ff875f39000 	C:\Windows\System32\KERNELBASE.dll
0x00007ff875ac0000 - 0x00007ff875bc0000 	C:\Windows\System32\ucrtbase.dll
0x00007ff86fd50000 - 0x00007ff86fd69000 	C:\Program Files\Java\jdk-16\bin\VCRUNTIME140.dll
0x00007ff86fd30000 - 0x00007ff86fd48000 	C:\Program Files\Java\jdk-16\bin\jli.dll
0x00007ff876170000 - 0x00007ff87621c000 	C:\Windows\System32\ADVAPI32.dll
0x00007ff877780000 - 0x00007ff87781e000 	C:\Windows\System32\msvcrt.dll
0x00007ff876f20000 - 0x00007ff876fbb000 	C:\Windows\System32\sechost.dll
0x00007ff8772f0000 - 0x00007ff87741a000 	C:\Windows\System32\RPCRT4.dll
0x00007ff8775b0000 - 0x00007ff877750000 	C:\Windows\System32\USER32.dll
0x00007ff876140000 - 0x00007ff876162000 	C:\Windows\System32\win32u.dll
0x00007ff877750000 - 0x00007ff87777a000 	C:\Windows\System32\GDI32.dll
0x00007ff875f40000 - 0x00007ff87604b000 	C:\Windows\System32\gdi32full.dll
0x00007ff864ba0000 - 0x00007ff864e3a000 	C:\Windows\WinSxS\amd64_microsoft.windows.common-controls_6595b64144ccf1df_6.0.19041.1110_none_60b5254171f9507e\COMCTL32.dll
0x00007ff875840000 - 0x00007ff8758dd000 	C:\Windows\System32\msvcp_win.dll
0x00007ff866010000 - 0x00007ff86601a000 	C:\Windows\SYSTEM32\VERSION.dll
0x00007ff8765d0000 - 0x00007ff876600000 	C:\Windows\System32\IMM32.DLL
0x00007ff8701c0000 - 0x00007ff8701cc000 	C:\Program Files\Java\jdk-16\bin\vcruntime140_1.dll
0x00007ff86dfc0000 - 0x00007ff86e051000 	C:\Program Files\Java\jdk-16\bin\msvcp140.dll
0x00007ff845b40000 - 0x00007ff8466eb000 	C:\Program Files\Java\jdk-16\bin\server\jvm.dll
0x00007ff8765c0000 - 0x00007ff8765c8000 	C:\Windows\System32\PSAPI.DLL
0x00007ff8631f0000 - 0x00007ff8631f9000 	C:\Windows\SYSTEM32\WSOCK32.dll
0x00007ff877d00000 - 0x00007ff877d6b000 	C:\Windows\System32\WS2_32.dll
0x00007ff864210000 - 0x00007ff864237000 	C:\Windows\SYSTEM32\WINMM.dll
0x00007ff873710000 - 0x00007ff873722000 	C:\Windows\SYSTEM32\kernel.appcore.dll
0x00007ff870110000 - 0x00007ff87011a000 	C:\Program Files\Java\jdk-16\bin\jimage.dll
0x00007ff862dc0000 - 0x00007ff862fa4000 	C:\Windows\SYSTEM32\DBGHELP.DLL
0x00007ff862fd0000 - 0x00007ff862ffc000 	C:\Windows\SYSTEM32\dbgcore.DLL
0x00007ff876050000 - 0x00007ff8760d3000 	C:\Windows\System32\bcryptPrimitives.dll
0x00007ff86fc40000 - 0x00007ff86fc65000 	C:\Program Files\Java\jdk-16\bin\java.dll
0x00007ff876690000 - 0x00007ff876dcf000 	C:\Windows\System32\SHELL32.dll
0x00007ff873910000 - 0x00007ff8740a0000 	C:\Windows\SYSTEM32\windows.storage.dll
0x00007ff877d70000 - 0x00007ff8780c5000 	C:\Windows\System32\combase.dll
0x00007ff8752a0000 - 0x00007ff8752cc000 	C:\Windows\SYSTEM32\Wldp.dll
0x00007ff877240000 - 0x00007ff8772ee000 	C:\Windows\System32\SHCORE.dll
0x00007ff877550000 - 0x00007ff8775a5000 	C:\Windows\System32\shlwapi.dll
0x00007ff875780000 - 0x00007ff87579f000 	C:\Windows\SYSTEM32\profapi.dll
0x00007ff86e2a0000 - 0x00007ff86e2b9000 	C:\Program Files\Java\jdk-16\bin\net.dll
0x00007ff86d010000 - 0x00007ff86d118000 	C:\Windows\SYSTEM32\WINHTTP.dll
0x00007ff874fb0000 - 0x00007ff87501a000 	C:\Windows\system32\mswsock.dll
0x00007ff86e280000 - 0x00007ff86e293000 	C:\Program Files\Java\jdk-16\bin\nio.dll
0x00007ff86e1b0000 - 0x00007ff86e1c8000 	C:\Program Files\Java\jdk-16\bin\zip.dll
0x00007ff8700c0000 - 0x00007ff8700d0000 	C:\Program Files\Java\jdk-16\bin\verify.dll
0x00007ff86fb30000 - 0x00007ff86fb3a000 	C:\Program Files\Maven\apache-maven-3.8.1\lib\jansi-native\windows64\jansi.dll

dbghelp: loaded successfully - version: 4.0.5 - missing functions: none
symbol engine: initialized successfully - sym options: 0x614 - pdb path: .;C:\Program Files\Java\jdk-16\bin;C:\Windows\SYSTEM32;C:\Windows\WinSxS\amd64_microsoft.windows.common-controls_6595b64144ccf1df_6.0.19041.1110_none_60b5254171f9507e;C:\Program Files\Java\jdk-16\bin\server;C:\Program Files\Maven\apache-maven-3.8.1\lib\jansi-native\windows64

VM Arguments:
jvm_args: -Dclassworlds.conf=C:\Program Files\Maven\apache-maven-3.8.1\bin\..\bin\m2.conf -Dmaven.home=C:\Program Files\Maven\apache-maven-3.8.1\bin\.. -Dlibrary.jansi.path=C:\Program Files\Maven\apache-maven-3.8.1\bin\..\lib\jansi-native -Dmaven.multiModuleProjectDirectory=E:\Simplilearn\CapStone Project\BackEnd\Springboot\Foodbox 
java_command: org.codehaus.plexus.classworlds.launcher.Launcher clean install -DskipTests=true
java_class_path (initial): C:\Program Files\Maven\apache-maven-3.8.1\bin\..\boot\plexus-classworlds-2.6.0.jar
Launcher Type: SUN_STANDARD

[Global flags]
     intx CICompilerCount                          = 3                                         {product} {ergonomic}
     uint ConcGCThreads                            = 1                                         {product} {ergonomic}
     uint G1ConcRefinementThreads                  = 4                                         {product} {ergonomic}
   size_t G1HeapRegionSize                         = 1048576                                   {product} {ergonomic}
    uintx GCDrainStackTargetSize                   = 64                                        {product} {ergonomic}
   size_t InitialHeapSize                          = 67108864                                  {product} {ergonomic}
   size_t MarkStackSize                            = 4194304                                   {product} {ergonomic}
   size_t MaxHeapSize                              = 1054867456                                {product} {ergonomic}
   size_t MaxNewSize                               = 632291328                                 {product} {ergonomic}
   size_t MinHeapDeltaBytes                        = 1048576                                   {product} {ergonomic}
   size_t MinHeapSize                              = 8388608                                   {product} {ergonomic}
    uintx NonNMethodCodeHeapSize                   = 5832780                                {pd product} {ergonomic}
    uintx NonProfiledCodeHeapSize                  = 122912730                              {pd product} {ergonomic}
    uintx ProfiledCodeHeapSize                     = 122912730                              {pd product} {ergonomic}
    uintx ReservedCodeCacheSize                    = 251658240                              {pd product} {ergonomic}
     bool SegmentedCodeCache                       = true                                      {product} {ergonomic}
   size_t SoftMaxHeapSize                          = 1054867456                             {manageable} {ergonomic}
     bool UseCompressedClassPointers               = true                           {product lp64_product} {ergonomic}
     bool UseCompressedOops                        = true                           {product lp64_product} {ergonomic}
     bool UseG1GC                                  = true                                      {product} {ergonomic}
     bool UseLargePagesIndividualAllocation        = false                                  {pd product} {ergonomic}

Logging:
Log output configuration:
 #0: stdout all=warning uptime,level,tags
 #1: stderr all=off uptime,level,tags

Environment Variables:
JAVA_HOME=C:\Program Files\Java\jdk-16
PATH=C:/Program Files/Java/jdk-16/bin/server;C:/Program Files/Java/jdk-16/bin;C:\Python39\Scripts\;C:\Python39\;C:\Program Files (x86)\Common Files\Oracle\Java\javapath;C:\Program Files\Common Files\Oracle\Java\javapath;C:\Windows\system32;C:\Windows;C:\Windows\System32\Wbem;C:\Windows\System32\WindowsPowerShell\v1.0\;C:\Windows\System32\OpenSSH\;C:\Program Files\Java\jdk-16\bin;C:\Program Files\Java\jre1.8.0_281\bin;C:\Program Files (x86)\HP\IdrsOCR_15.2.10.1114\;C:\Program Files\Git\cmd;C:\ProgramData\chocolatey\bin;C:\Program Files\nodejs\;C:\Program Files\Amazon\AWSCLIV2\;C:\Program Files\PuTTY\;C:\Program Files\Docker\Docker\resources\bin;C:\ProgramData\DockerDesktop\version-bin;C:\Program Files\MySQL\MySQL Shell 8.0\bin\;C:\Users\Admin\AppData\Local\Microsoft\WindowsApps;%CLASSPATH%\servlet-api.jar;%CATALINA_HOME%\bin;%CLASSPATH%\servlet-api.jar;C:\Users\Admin\AppData\Local\Programs\Microsoft VS Code\bin;C:\Users\Admin\AppData\Roaming\npm;C:\Program Files\MongoDB\Server\4.4\bin;C:\Program Files\Maven\apache-maven-3.8.1\bin;C:\ProgramData\Admin\GitHubDesktop\bin;C:\Users\Admin\Desktop;
USERNAME=Admin
OS=Windows_NT
PROCESSOR_IDENTIFIER=Intel64 Family 6 Model 69 Stepping 1, GenuineIntel



---------------  S Y S T E M  ---------------

OS:
 Windows 10 , 64 bit Build 19041 (10.0.19041.1151)
OS uptime: 12 days 2:00 hours
Hyper-V role detected

CPU: total 4 (initial active 4) (2 cores per cpu, 2 threads per core) family 6 model 69 stepping 1 microcode 0x25, cx8, cmov, fxsr, ht, mmx, sse, sse2, sse3, ssse3, sse4.1, sse4.2, popcnt, lzcnt, tsc, tscinvbit, avx, avx2, aes, erms, clmul, bmi1, bmi2, fma, vzeroupper, clflush, hv

Memory: 4k page, system-wide physical 4016M (192M free)
TotalPageFile size 16304M (AvailPageFile size 0M)
current process WorkingSet (physical memory assigned to process): 311M, peak: 311M
current process commit charge ("private bytes"): 400M, peak: 400M

vm_info: Java HotSpot(TM) 64-Bit Server VM (16+36-2231) for windows-amd64 JRE (16+36-2231), built on Feb  8 2021 11:43:10 by "mach5one" with MS VC++ 16.7 (VS2019)

END.
