#
# There is insufficient memory for the Java Runtime Environment to continue.
# Native memory allocation (mmap) failed to map 199229440 bytes for G1 virtual space
# Possible reasons:
#   The system is out of physical RAM or swap space
#   The process is running with CompressedOops enabled, and the Java Heap may be blocking the growth of the native heap
# Possible solutions:
#   Reduce memory load on the system
#   Increase physical memory or swap space
#   Check if swap backing store is full
#   Decrease Java heap size (-Xmx/-Xms)
#   Decrease number of Java threads
#   Decrease Java thread stack sizes (-Xss)
#   Set larger code cache with -XX:ReservedCodeCacheSize=
#   JVM is running with Unscaled Compressed Oops mode in which the Java heap is
#     placed in the first 4GB address space. The Java Heap base address is the
#     maximum limit for the native heap growth. Please use -XX:HeapBaseMinAddress
#     to set the Java Heap base and to place the Java Heap above 4GB virtual address.
# This output file may be truncated or incomplete.
#
#  Out of Memory Error (os_windows.cpp:3466), pid=25380, tid=6776
#
# JRE version: Java(TM) SE Runtime Environment (16.0+36) (build 16+36-2231)
# Java VM: Java HotSpot(TM) 64-Bit Server VM (16+36-2231, mixed mode, sharing, tiered, compressed oops, g1 gc, windows-amd64)
# No core dump will be written. Minidumps are not enabled by default on client versions of Windows
#

---------------  S U M M A R Y ------------

Command Line: -Dclassworlds.conf=C:\Program Files\Maven\apache-maven-3.8.1\bin\..\bin\m2.conf -Dmaven.home=C:\Program Files\Maven\apache-maven-3.8.1\bin\.. -Dlibrary.jansi.path=C:\Program Files\Maven\apache-maven-3.8.1\bin\..\lib\jansi-native -Dmaven.multiModuleProjectDirectory=E:\Simplilearn\CapStone Project\BackEnd\Springboot\Foodbox org.codehaus.plexus.classworlds.launcher.Launcher clean install -DskipTests=true

Host: Intel(R) Core(TM) i3-4005U CPU @ 1.70GHz, 4 cores, 3G,  Windows 10 , 64 bit Build 19041 (10.0.19041.1151)
Time: Tue Aug 31 22:05:27 2021 India Standard Time elapsed time: 17.967279 seconds (0d 0h 0m 17s)

---------------  T H R E A D  ---------------

Current thread (0x000002cdfc074940):  VMThread "VM Thread" [stack: 0x000000d5a7d00000,0x000000d5a7e00000] [id=6776]

Stack: [0x000000d5a7d00000,0x000000d5a7e00000]
Native frames: (J=compiled Java code, j=interpreted, Vv=VM code, C=native code)
V  [jvm.dll+0x6681da]
V  [jvm.dll+0x7c9d99]
V  [jvm.dll+0x7cb4d3]
V  [jvm.dll+0x7cbb33]
V  [jvm.dll+0x242ee5]
V  [jvm.dll+0x664f99]
V  [jvm.dll+0x659b85]
V  [jvm.dll+0x2fbfcb]
V  [jvm.dll+0x3031c6]
V  [jvm.dll+0x352a0e]
V  [jvm.dll+0x352c3f]
V  [jvm.dll+0x2d3038]
V  [jvm.dll+0x2d0bc5]
V  [jvm.dll+0x2d01fc]
V  [jvm.dll+0x3152e2]
V  [jvm.dll+0x7cff2b]
V  [jvm.dll+0x7d0c24]
V  [jvm.dll+0x7d1129]
V  [jvm.dll+0x7d13e4]
V  [jvm.dll+0x7d14b0]
V  [jvm.dll+0x77952a]
V  [jvm.dll+0x667076]
C  [ucrtbase.dll+0x21bb2]
C  [KERNEL32.DLL+0x17034]
C  [ntdll.dll+0x52651]

VM_Operation (0x000000d5a77fb580): G1CollectForAllocation, mode: safepoint, requested by thread 0x000002cdeff5bad0


---------------  P R O C E S S  ---------------

Threads class SMR info:
_java_thread_list=0x000002cdfcc3bed0, length=12, elements={
0x000002cdeff5bad0, 0x000002cdfc0783a0, 0x000002cdfc079260, 0x000002cdfc08d960,
0x000002cdfc08f570, 0x000002cdfc092080, 0x000002cdfc092a80, 0x000002cdfc098cc0,
0x000002cdfc0a3100, 0x000002cdfc0a6270, 0x000002cdfcc5e120, 0x000002cdfcc63f00
}

Java Threads: ( => current thread )
  0x000002cdeff5bad0 JavaThread "main" [_thread_blocked, id=24280, stack(0x000000d5a7700000,0x000000d5a7800000)]
  0x000002cdfc0783a0 JavaThread "Reference Handler" daemon [_thread_blocked, id=14344, stack(0x000000d5a7e00000,0x000000d5a7f00000)]
  0x000002cdfc079260 JavaThread "Finalizer" daemon [_thread_blocked, id=19476, stack(0x000000d5a7f00000,0x000000d5a8000000)]
  0x000002cdfc08d960 JavaThread "Signal Dispatcher" daemon [_thread_blocked, id=29104, stack(0x000000d5a8000000,0x000000d5a8100000)]
  0x000002cdfc08f570 JavaThread "Attach Listener" daemon [_thread_blocked, id=13456, stack(0x000000d5a8100000,0x000000d5a8200000)]
  0x000002cdfc092080 JavaThread "Service Thread" daemon [_thread_blocked, id=16340, stack(0x000000d5a8200000,0x000000d5a8300000)]
  0x000002cdfc092a80 JavaThread "Monitor Deflation Thread" daemon [_thread_blocked, id=15200, stack(0x000000d5a8300000,0x000000d5a8400000)]
  0x000002cdfc098cc0 JavaThread "C2 CompilerThread0" daemon [_thread_blocked, id=9136, stack(0x000000d5a8400000,0x000000d5a8500000)]
  0x000002cdfc0a3100 JavaThread "C1 CompilerThread0" daemon [_thread_blocked, id=19568, stack(0x000000d5a8500000,0x000000d5a8600000)]
  0x000002cdfc0a6270 JavaThread "Sweeper thread" daemon [_thread_blocked, id=26064, stack(0x000000d5a8600000,0x000000d5a8700000)]
  0x000002cdfcc5e120 JavaThread "Notification Thread" daemon [_thread_blocked, id=26932, stack(0x000000d5a8700000,0x000000d5a8800000)]
  0x000002cdfcc63f00 JavaThread "Common-Cleaner" daemon [_thread_blocked, id=30520, stack(0x000000d5a8900000,0x000000d5a8a00000)]

Other Threads:
=>0x000002cdfc074940 VMThread "VM Thread" [stack: 0x000000d5a7d00000,0x000000d5a7e00000] [id=6776]
  0x000002cdfcc5fa60 WatcherThread [stack: 0x000000d5a8800000,0x000000d5a8900000] [id=5420]
  0x000002cdeff8bad0 GCTaskThread "GC Thread#0" [stack: 0x000000d5a7800000,0x000000d5a7900000] [id=22880]
  0x000002cdfd428190 GCTaskThread "GC Thread#1" [stack: 0x000000d5a8a00000,0x000000d5a8b00000] [id=22912]
  0x000002cdfd4284a0 GCTaskThread "GC Thread#2" [stack: 0x000000d5a8b00000,0x000000d5a8c00000] [id=8388]
  0x000002cdfd443020 GCTaskThread "GC Thread#3" [stack: 0x000000d5a8c00000,0x000000d5a8d00000] [id=26876]
  0x000002cdeff949d0 ConcurrentGCThread "G1 Main Marker" [stack: 0x000000d5a7900000,0x000000d5a7a00000] [id=25028]
  0x000002cdeff95c60 ConcurrentGCThread "G1 Conc#0" [stack: 0x000000d5a7a00000,0x000000d5a7b00000] [id=11112]
  0x000002cdeffe4210 ConcurrentGCThread "G1 Refine#0" [stack: 0x000000d5a7b00000,0x000000d5a7c00000] [id=10460]
  0x000002cd8fccac20 ConcurrentGCThread "G1 Refine#1" [stack: 0x000000d5a8d00000,0x000000d5a8e00000] [id=5824]
  0x000002cdeffe4d10 ConcurrentGCThread "G1 Service" [stack: 0x000000d5a7c00000,0x000000d5a7d00000] [id=21288]

Threads with active compile tasks:
C2 CompilerThread0    18044 6842   !   4       java.nio.file.FileTreeWalker::visit (204 bytes)
C1 CompilerThread0    18044 6865 % !   3       jdk.nio.zipfs.ZipFileSystem::buildNodeTree @ 80 (123 bytes)

VM state: at safepoint (normal execution)

VM Mutex/Monitor currently owned by a thread:  ([mutex/lock_event])
[0x000002cdeff579d0] Threads_lock - owner thread: 0x000002cdfc074940
[0x000002cdeff582d0] Heap_lock - owner thread: 0x000002cdeff5bad0

Heap address: 0x00000000c1200000, size: 1006 MB, Compressed Oops mode: 32-bit
CDS archive(s) mapped at: [0x0000000800000000-0x0000000800bb0000-0x0000000800bb0000), size 12255232, SharedBaseAddress: 0x0000000800000000, ArchiveRelocationMode: 0.
Compressed class space mapped at: 0x0000000800c00000-0x0000000840c00000, reserved size: 1073741824
Narrow klass base: 0x0000000800000000, Narrow klass shift: 3, Narrow klass range: 0x100000000

GC Precious Log:
 CPUs: 4 total, 4 available
 Memory: 4016M
 Large Page Support: Disabled
 NUMA Support: Disabled
 Compressed Oops: Enabled (32-bit)
 Heap Region Size: 1M
 Heap Min Capacity: 8M
 Heap Initial Capacity: 64M
 Heap Max Capacity: 1006M
 Pre-touch: Disabled
 Parallel Workers: 4
 Concurrent Workers: 1
 Concurrent Refinement Workers: 4
 Periodic GC: Disabled

Heap:
 garbage-first heap   total 97280K, used 47730K [0x00000000c1200000, 0x0000000100000000)
  region size 1024K, 4 young (4096K), 4 survivors (4096K)
 Metaspace       used 26937K, committed 27264K, reserved 1073152K
  class space    used 2859K, committed 3008K, reserved 1048576K

Heap Regions: E=young(eden), S=young(survivor), O=old, HS=humongous(starts), HC=humongous(continues), CS=collection set, F=free, OA=open archive, CA=closed archive, TAMS=top-at-mark-start (previous, next)
|   0|0x00000000c1200000, 0x00000000c1300000, 0x00000000c1300000|100%| O|  |TAMS 0x00000000c1300000, 0x00000000c1200000| Untracked 
|   1|0x00000000c1300000, 0x00000000c1400000, 0x00000000c1400000|100%| O|  |TAMS 0x00000000c1400000, 0x00000000c1300000| Untracked 
|   2|0x00000000c1400000, 0x00000000c1500000, 0x00000000c1500000|100%| O|  |TAMS 0x00000000c1500000, 0x00000000c1400000| Untracked 
|   3|0x00000000c1500000, 0x00000000c1600000, 0x00000000c1600000|100%| O|  |TAMS 0x00000000c1600000, 0x00000000c1500000| Untracked 
|   4|0x00000000c1600000, 0x00000000c1700000, 0x00000000c1700000|100%| O|  |TAMS 0x00000000c1700000, 0x00000000c1600000| Untracked 
|   5|0x00000000c1700000, 0x00000000c1800000, 0x00000000c1800000|100%| O|  |TAMS 0x00000000c1800000, 0x00000000c1700000| Untracked 
|   6|0x00000000c1800000, 0x00000000c1900000, 0x00000000c1900000|100%| O|  |TAMS 0x00000000c1900000, 0x00000000c1800000| Untracked 
|   7|0x00000000c1900000, 0x00000000c1a00000, 0x00000000c1a00000|100%| O|  |TAMS 0x00000000c1a00000, 0x00000000c1900000| Untracked 
|   8|0x00000000c1a00000, 0x00000000c1b00000, 0x00000000c1b00000|100%| O|  |TAMS 0x00000000c1b00000, 0x00000000c1a00000| Untracked 
|   9|0x00000000c1b00000, 0x00000000c1c00000, 0x00000000c1c00000|100%| O|  |TAMS 0x00000000c1c00000, 0x00000000c1b00000| Untracked 
|  10|0x00000000c1c00000, 0x00000000c1d00000, 0x00000000c1d00000|100%| O|  |TAMS 0x00000000c1d00000, 0x00000000c1c00000| Untracked 
|  11|0x00000000c1d00000, 0x00000000c1e00000, 0x00000000c1e00000|100%| O|  |TAMS 0x00000000c1e00000, 0x00000000c1d00000| Untracked 
|  12|0x00000000c1e00000, 0x00000000c1f00000, 0x00000000c1f00000|100%| O|  |TAMS 0x00000000c1f00000, 0x00000000c1e00000| Untracked 
|  13|0x00000000c1f00000, 0x00000000c2000000, 0x00000000c2000000|100%| O|  |TAMS 0x00000000c2000000, 0x00000000c1f00000| Untracked 
|  14|0x00000000c2000000, 0x00000000c209c800, 0x00000000c2100000| 61%| O|  |TAMS 0x00000000c2000000, 0x00000000c2000000| Untracked 
|  15|0x00000000c2100000, 0x00000000c2200000, 0x00000000c2200000|100%|HS|  |TAMS 0x00000000c2200000, 0x00000000c2100000| Complete 
|  16|0x00000000c2200000, 0x00000000c2300000, 0x00000000c2300000|100%| O|  |TAMS 0x00000000c2300000, 0x00000000c2200000| Untracked 
|  17|0x00000000c2300000, 0x00000000c2400000, 0x00000000c2400000|100%| O|  |TAMS 0x00000000c2400000, 0x00000000c2300000| Untracked 
|  18|0x00000000c2400000, 0x00000000c2500000, 0x00000000c2500000|100%| O|  |TAMS 0x00000000c2500000, 0x00000000c2400000| Untracked 
|  19|0x00000000c2500000, 0x00000000c2600000, 0x00000000c2600000|100%| O|  |TAMS 0x00000000c2600000, 0x00000000c2500000| Untracked 
|  20|0x00000000c2600000, 0x00000000c2700000, 0x00000000c2700000|100%| O|  |TAMS 0x00000000c2700000, 0x00000000c2600000| Untracked 
|  21|0x00000000c2700000, 0x00000000c2800000, 0x00000000c2800000|100%| O|  |TAMS 0x00000000c2800000, 0x00000000c2700000| Untracked 
|  22|0x00000000c2800000, 0x00000000c2900000, 0x00000000c2900000|100%| O|  |TAMS 0x00000000c2900000, 0x00000000c2800000| Untracked 
|  23|0x00000000c2900000, 0x00000000c2a00000, 0x00000000c2a00000|100%| O|  |TAMS 0x00000000c2a00000, 0x00000000c2900000| Untracked 
|  24|0x00000000c2a00000, 0x00000000c2b00000, 0x00000000c2b00000|100%| O|  |TAMS 0x00000000c2b00000, 0x00000000c2a00000| Untracked 
|  25|0x00000000c2b00000, 0x00000000c2c00000, 0x00000000c2c00000|100%| O|  |TAMS 0x00000000c2c00000, 0x00000000c2b00000| Untracked 
|  26|0x00000000c2c00000, 0x00000000c2c00000, 0x00000000c2d00000|  0%| F|  |TAMS 0x00000000c2c00000, 0x00000000c2c00000| Untracked 
|  27|0x00000000c2d00000, 0x00000000c2d00000, 0x00000000c2e00000|  0%| F|  |TAMS 0x00000000c2d00000, 0x00000000c2d00000| Untracked 
|  28|0x00000000c2e00000, 0x00000000c2e00000, 0x00000000c2f00000|  0%| F|  |TAMS 0x00000000c2e00000, 0x00000000c2e00000| Untracked 
|  29|0x00000000c2f00000, 0x00000000c3000000, 0x00000000c3000000|100%|HS|  |TAMS 0x00000000c2f00000, 0x00000000c2f00000| Complete 
|  30|0x00000000c3000000, 0x00000000c3000000, 0x00000000c3100000|  0%| F|  |TAMS 0x00000000c3000000, 0x00000000c3000000| Untracked 
|  31|0x00000000c3100000, 0x00000000c3100000, 0x00000000c3200000|  0%| F|  |TAMS 0x00000000c3100000, 0x00000000c3100000| Untracked 
|  32|0x00000000c3200000, 0x00000000c3300000, 0x00000000c3300000|100%| O|  |TAMS 0x00000000c3300000, 0x00000000c3200000| Untracked 
|  33|0x00000000c3300000, 0x00000000c3400000, 0x00000000c3400000|100%| O|  |TAMS 0x00000000c3400000, 0x00000000c3300000| Untracked 
|  34|0x00000000c3400000, 0x00000000c3500000, 0x00000000c3500000|100%| O|  |TAMS 0x00000000c3500000, 0x00000000c3400000| Untracked 
|  35|0x00000000c3500000, 0x00000000c3600000, 0x00000000c3600000|100%| O|  |TAMS 0x00000000c3600000, 0x00000000c3500000| Untracked 
|  36|0x00000000c3600000, 0x00000000c3700000, 0x00000000c3700000|100%|HS|  |TAMS 0x00000000c3700000, 0x00000000c3600000| Complete 
|  37|0x00000000c3700000, 0x00000000c3800000, 0x00000000c3800000|100%|HC|  |TAMS 0x00000000c3800000, 0x00000000c3700000| Complete 
|  38|0x00000000c3800000, 0x00000000c3900000, 0x00000000c3900000|100%|HS|  |TAMS 0x00000000c3800000, 0x00000000c3800000| Complete 
|  39|0x00000000c3900000, 0x00000000c3900000, 0x00000000c3a00000|  0%| F|  |TAMS 0x00000000c3900000, 0x00000000c3900000| Untracked 
|  40|0x00000000c3a00000, 0x00000000c3a00000, 0x00000000c3b00000|  0%| F|  |TAMS 0x00000000c3a00000, 0x00000000c3a00000| Untracked 
|  41|0x00000000c3b00000, 0x00000000c3b00000, 0x00000000c3c00000|  0%| F|  |TAMS 0x00000000c3b00000, 0x00000000c3b00000| Untracked 
|  42|0x00000000c3c00000, 0x00000000c3c00000, 0x00000000c3d00000|  0%| F|  |TAMS 0x00000000c3c00000, 0x00000000c3c00000| Untracked 
|  43|0x00000000c3d00000, 0x00000000c3e00000, 0x00000000c3e00000|100%| O|  |TAMS 0x00000000c3d16600, 0x00000000c3d00000| Untracked 
|  44|0x00000000c3e00000, 0x00000000c3f00000, 0x00000000c3f00000|100%| O|  |TAMS 0x00000000c3e00000, 0x00000000c3e00000| Untracked 
|  45|0x00000000c3f00000, 0x00000000c4000000, 0x00000000c4000000|100%| O|  |TAMS 0x00000000c3f00000, 0x00000000c3f00000| Untracked 
|  46|0x00000000c4000000, 0x00000000c4100000, 0x00000000c4100000|100%| O|  |TAMS 0x00000000c4000000, 0x00000000c4000000| Untracked 
|  47|0x00000000c4100000, 0x00000000c4200000, 0x00000000c4200000|100%| O|  |TAMS 0x00000000c4100000, 0x00000000c4100000| Untracked 
|  48|0x00000000c4200000, 0x00000000c4300000, 0x00000000c4300000|100%| O|  |TAMS 0x00000000c4200000, 0x00000000c4200000| Untracked 
|  49|0x00000000c4300000, 0x00000000c4400000, 0x00000000c4400000|100%| O|  |TAMS 0x00000000c4300000, 0x00000000c4300000| Untracked 
|  50|0x00000000c4400000, 0x00000000c4500000, 0x00000000c4500000|100%| O|  |TAMS 0x00000000c4400000, 0x00000000c4400000| Untracked 
|  51|0x00000000c4500000, 0x00000000c4600000, 0x00000000c4600000|100%| O|  |TAMS 0x00000000c4500000, 0x00000000c4500000| Untracked 
|  52|0x00000000c4600000, 0x00000000c4600000, 0x00000000c4700000|  0%| F|  |TAMS 0x00000000c4600000, 0x00000000c4600000| Untracked 
|  53|0x00000000c4700000, 0x00000000c4700000, 0x00000000c4800000|  0%| F|  |TAMS 0x00000000c4700000, 0x00000000c4700000| Untracked 
|  54|0x00000000c4800000, 0x00000000c4800000, 0x00000000c4900000|  0%| F|  |TAMS 0x00000000c4800000, 0x00000000c4800000| Untracked 
|  55|0x00000000c4900000, 0x00000000c4900000, 0x00000000c4a00000|  0%| F|  |TAMS 0x00000000c4900000, 0x00000000c4900000| Untracked 
|  56|0x00000000c4a00000, 0x00000000c4a00000, 0x00000000c4b00000|  0%| F|  |TAMS 0x00000000c4a00000, 0x00000000c4a00000| Untracked 
|  57|0x00000000c4b00000, 0x00000000c4b00000, 0x00000000c4c00000|  0%| F|  |TAMS 0x00000000c4b00000, 0x00000000c4b00000| Untracked 
|  58|0x00000000c4c00000, 0x00000000c4c00000, 0x00000000c4d00000|  0%| F|  |TAMS 0x00000000c4c00000, 0x00000000c4c00000| Untracked 
|  59|0x00000000c4d00000, 0x00000000c4d00000, 0x00000000c4e00000|  0%| F|  |TAMS 0x00000000c4d00000, 0x00000000c4d00000| Untracked 
|  60|0x00000000c4e00000, 0x00000000c4f00000, 0x00000000c4f00000|100%| S|CS|TAMS 0x00000000c4e00000, 0x00000000c4e00000| Complete 
|  61|0x00000000c4f00000, 0x00000000c5000000, 0x00000000c5000000|100%| S|CS|TAMS 0x00000000c4f00000, 0x00000000c4f00000| Complete 
|  62|0x00000000c5000000, 0x00000000c5100000, 0x00000000c5100000|100%| S|CS|TAMS 0x00000000c5000000, 0x00000000c5000000| Complete 
|  63|0x00000000c5100000, 0x00000000c5200000, 0x00000000c5200000|100%| S|CS|TAMS 0x00000000c5100000, 0x00000000c5100000| Complete 
|  64|0x00000000c5200000, 0x00000000c5200000, 0x00000000c5300000|  0%| F|  |TAMS 0x00000000c5200000, 0x00000000c5200000| Untracked 
|  65|0x00000000c5300000, 0x00000000c5300000, 0x00000000c5400000|  0%| F|  |TAMS 0x00000000c5300000, 0x00000000c5300000| Untracked 
|  66|0x00000000c5400000, 0x00000000c5400000, 0x00000000c5500000|  0%| F|  |TAMS 0x00000000c5400000, 0x00000000c5400000| Untracked 
|  67|0x00000000c5500000, 0x00000000c5500000, 0x00000000c5600000|  0%| F|  |TAMS 0x00000000c5500000, 0x00000000c5500000| Untracked 
|  68|0x00000000c5600000, 0x00000000c5600000, 0x00000000c5700000|  0%| F|  |TAMS 0x00000000c5600000, 0x00000000c5600000| Untracked 
|  69|0x00000000c5700000, 0x00000000c5700000, 0x00000000c5800000|  0%| F|  |TAMS 0x00000000c5700000, 0x00000000c5700000| Untracked 
|  70|0x00000000c5800000, 0x00000000c5800000, 0x00000000c5900000|  0%| F|  |TAMS 0x00000000c5800000, 0x00000000c5800000| Untracked 
|  71|0x00000000c5900000, 0x00000000c5900000, 0x00000000c5a00000|  0%| F|  |TAMS 0x00000000c5900000, 0x00000000c5900000| Untracked 
|  72|0x00000000c5a00000, 0x00000000c5a00000, 0x00000000c5b00000|  0%| F|  |TAMS 0x00000000c5a00000, 0x00000000c5a00000| Untracked 
|  73|0x00000000c5b00000, 0x00000000c5b00000, 0x00000000c5c00000|  0%| F|  |TAMS 0x00000000c5b00000, 0x00000000c5b00000| Untracked 
|  74|0x00000000c5c00000, 0x00000000c5c00000, 0x00000000c5d00000|  0%| F|  |TAMS 0x00000000c5c00000, 0x00000000c5c00000| Untracked 
|  75|0x00000000c5d00000, 0x00000000c5d00000, 0x00000000c5e00000|  0%| F|  |TAMS 0x00000000c5d00000, 0x00000000c5d00000| Untracked 
|  76|0x00000000c5e00000, 0x00000000c5e00000, 0x00000000c5f00000|  0%| F|  |TAMS 0x00000000c5e00000, 0x00000000c5e00000| Untracked 
|  77|0x00000000c5f00000, 0x00000000c5f00000, 0x00000000c6000000|  0%| F|  |TAMS 0x00000000c5f00000, 0x00000000c5f00000| Untracked 
|  78|0x00000000c6000000, 0x00000000c6000000, 0x00000000c6100000|  0%| F|  |TAMS 0x00000000c6000000, 0x00000000c6000000| Untracked 
|  79|0x00000000c6100000, 0x00000000c6100000, 0x00000000c6200000|  0%| F|  |TAMS 0x00000000c6100000, 0x00000000c6100000| Untracked 
|  80|0x00000000c6200000, 0x00000000c6200000, 0x00000000c6300000|  0%| F|  |TAMS 0x00000000c6200000, 0x00000000c6200000| Untracked 
|  81|0x00000000c6300000, 0x00000000c6300000, 0x00000000c6400000|  0%| F|  |TAMS 0x00000000c6300000, 0x00000000c6300000| Untracked 
|  82|0x00000000c6400000, 0x00000000c6400000, 0x00000000c6500000|  0%| F|  |TAMS 0x00000000c6400000, 0x00000000c6400000| Untracked 
|  83|0x00000000c6500000, 0x00000000c6500000, 0x00000000c6600000|  0%| F|  |TAMS 0x00000000c6500000, 0x00000000c6500000| Untracked 
|  84|0x00000000c6600000, 0x00000000c6600000, 0x00000000c6700000|  0%| F|  |TAMS 0x00000000c6600000, 0x00000000c6600000| Untracked 
|  85|0x00000000c6700000, 0x00000000c6700000, 0x00000000c6800000|  0%| F|  |TAMS 0x00000000c6700000, 0x00000000c6700000| Untracked 
|  86|0x00000000c6800000, 0x00000000c6800000, 0x00000000c6900000|  0%| F|  |TAMS 0x00000000c6800000, 0x00000000c6800000| Untracked 
|  87|0x00000000c6900000, 0x00000000c6900000, 0x00000000c6a00000|  0%| F|  |TAMS 0x00000000c6900000, 0x00000000c6900000| Untracked 
|  88|0x00000000c6a00000, 0x00000000c6a00000, 0x00000000c6b00000|  0%| F|  |TAMS 0x00000000c6a00000, 0x00000000c6a00000| Untracked 
|  89|0x00000000c6b00000, 0x00000000c6b00000, 0x00000000c6c00000|  0%| F|  |TAMS 0x00000000c6b00000, 0x00000000c6b00000| Untracked 
|  90|0x00000000c6c00000, 0x00000000c6c00000, 0x00000000c6d00000|  0%| F|  |TAMS 0x00000000c6c00000, 0x00000000c6c00000| Untracked 
|  91|0x00000000c6d00000, 0x00000000c6d00000, 0x00000000c6e00000|  0%| F|  |TAMS 0x00000000c6d00000, 0x00000000c6d00000| Untracked 
|  92|0x00000000c6e00000, 0x00000000c6e00000, 0x00000000c6f00000|  0%| F|  |TAMS 0x00000000c6e00000, 0x00000000c6e00000| Untracked 
|  93|0x00000000c6f00000, 0x00000000c6f00000, 0x00000000c7000000|  0%| F|  |TAMS 0x00000000c6f00000, 0x00000000c6f00000| Untracked 
|  94|0x00000000c7000000, 0x00000000c7000000, 0x00000000c7100000|  0%| F|  |TAMS 0x00000000c7000000, 0x00000000c7000000| Untracked 

Card table byte_map: [0x000002cdf78d0000,0x000002cdf7ad0000] _byte_map_base: 0x000002cdf72c7000

Marking Bits (Prev, Next): (CMBitMap*) 0x000002cdeff8c200, (CMBitMap*) 0x000002cdeff8c1c0
 Prev Bits: [0x000002cdf8c90000, 0x000002cdf9c48000)
 Next Bits: [0x000002cdf7cd0000, 0x000002cdf8c88000)

Polling page: 0x000002cdede30000

Metaspace:

Usage:
  Non-class:     23.51 MB used.
      Class:      2.79 MB used.
       Both:     26.31 MB used.

Virtual space:
  Non-class space:       24.00 MB reserved,      23.69 MB ( 99%) committed,  3 nodes.
      Class space:        1.00 GB reserved,       2.94 MB ( <1%) committed,  1 nodes.
              Both:        1.02 GB reserved,      26.62 MB (  3%) committed. 

Chunk freelists:
   Non-Class:  162.00 KB
       Class:  1.01 MB
        Both:  1.17 MB

MaxMetaspaceSize: 17179869184.00 GB
CompressedClassSpaceSize: 1.00 GB
 - commit_granule_bytes: 65536.
 - commit_granule_words: 8192.
 - virtual_space_node_default_size: 1048576.
 - enlarge_chunks_in_place: 1.
 - new_chunks_are_fully_committed: 0.
 - uncommit_free_chunks: 1.
 - use_allocation_guard: 0.
 - handle_deallocations: 1.


Internal statistics:

num_allocs_failed_limit: 6.
num_arena_births: 188.
num_arena_deaths: 0.
num_vsnodes_births: 4.
num_vsnodes_deaths: 0.
num_space_committed: 426.
num_space_uncommitted: 0.
num_chunks_returned_to_freelist: 6.
num_chunks_taken_from_freelist: 1136.
num_chunk_merges: 6.
num_chunk_splits: 825.
num_chunks_enlarged: 641.
num_purges: 0.

CodeHeap 'non-profiled nmethods': size=120000Kb used=2600Kb max_used=2600Kb free=117399Kb
 bounds [0x000002cd87ad0000, 0x000002cd87d60000, 0x000002cd8f000000]
CodeHeap 'profiled nmethods': size=120000Kb used=14169Kb max_used=14169Kb free=105830Kb
 bounds [0x000002cd805a0000, 0x000002cd81380000, 0x000002cd87ad0000]
CodeHeap 'non-nmethods': size=5760Kb used=1235Kb max_used=1275Kb free=4525Kb
 bounds [0x000002cd80000000, 0x000002cd80270000, 0x000002cd805a0000]
 total_blobs=7304 nmethods=6768 adapters=448
 compilation: enabled
              stopped_count=0, restarted_count=0
 full_count=0

Compilation events (20 events):
Event: 17.881 Thread 0x000002cdfc0a3100 nmethod 6858 0x000002cd87d58190 code [0x000002cd87d58320, 0x000002cd87d583f8]
Event: 17.881 Thread 0x000002cdfc0a3100 6859       1       sun.nio.fs.WindowsNativeDispatcher$Account::use (5 bytes)
Event: 17.881 Thread 0x000002cdfc0a3100 nmethod 6859 0x000002cd87d58490 code [0x000002cd87d58620, 0x000002cd87d586f8]
Event: 17.881 Thread 0x000002cdfc0a3100 6860   !   2       sun.nio.fs.WindowsAclFileAttributeView::getFileSecurity (92 bytes)
Event: 17.883 Thread 0x000002cdfc0a3100 nmethod 6860 0x000002cd81372310 code [0x000002cd81372540, 0x000002cd81372af8]
Event: 17.886 Thread 0x000002cdfc0a3100 6861       1       sun.nio.fs.WindowsNativeDispatcher$VolumeInformation::volumeName (5 bytes)
Event: 17.886 Thread 0x000002cdfc0a3100 nmethod 6861 0x000002cd87d58790 code [0x000002cd87d58920, 0x000002cd87d589f8]
Event: 17.886 Thread 0x000002cdfc0a3100 6862       1       java.nio.charset.Charset::name (5 bytes)
Event: 17.886 Thread 0x000002cdfc0a3100 nmethod 6862 0x000002cd87d58a90 code [0x000002cd87d58c20, 0x000002cd87d58cf8]
Event: 17.887 Thread 0x000002cdfc098cc0 nmethod 6730 0x000002cd87d58d90 code [0x000002cd87d58f40, 0x000002cd87d591f8]
Event: 17.887 Thread 0x000002cdfc098cc0 6792       4       java.nio.file.Files::readAttributes (11 bytes)
Event: 17.888 Thread 0x000002cdfc098cc0 nmethod 6792 0x000002cd87d59490 code [0x000002cd87d59620, 0x000002cd87d596d8]
Event: 17.888 Thread 0x000002cdfc098cc0 6826       4       java.nio.file.FileTreeWalker$Event::<init> (9 bytes)
Event: 17.893 Thread 0x000002cdfc098cc0 nmethod 6826 0x000002cd87d59810 code [0x000002cd87d59980, 0x000002cd87d59cd8]
Event: 17.893 Thread 0x000002cdfc098cc0 6817   !   4       java.nio.file.FileTreeWalker::getAttributes (94 bytes)
Event: 17.897 Thread 0x000002cdfc098cc0 nmethod 6817 0x000002cd87d59d90 code [0x000002cd87d59f40, 0x000002cd87d5a188]
Event: 17.897 Thread 0x000002cdfc098cc0 6842   !   4       java.nio.file.FileTreeWalker::visit (204 bytes)
Event: 17.904 Thread 0x000002cdfc0a3100 6864 %     3       jdk.nio.zipfs.ZipFileSystem::initCEN @ 203 (451 bytes)
Event: 17.909 Thread 0x000002cdfc0a3100 nmethod 6864% 0x000002cd81372f90 code [0x000002cd81373440, 0x000002cd813757c8]
Event: 17.909 Thread 0x000002cdfc0a3100 6865 % !   3       jdk.nio.zipfs.ZipFileSystem::buildNodeTree @ 80 (123 bytes)

GC Heap History (20 events):
Event: 10.853 GC heap after
{Heap after GC invocations=9 (full 0):
 garbage-first heap   total 78848K, used 17343K [0x00000000c1200000, 0x0000000100000000)
  region size 1024K, 4 young (4096K), 4 survivors (4096K)
 Metaspace       used 20993K, committed 21248K, reserved 1073152K
  class space    used 2304K, committed 2432K, reserved 1048576K
}
Event: 12.661 GC heap before
{Heap before GC invocations=10 (full 0):
 garbage-first heap   total 65536K, used 53183K [0x00000000c1200000, 0x0000000100000000)
  region size 1024K, 38 young (38912K), 4 survivors (4096K)
 Metaspace       used 23423K, committed 23744K, reserved 1073152K
  class space    used 2553K, committed 2688K, reserved 1048576K
}
Event: 12.687 GC heap after
{Heap after GC invocations=11 (full 0):
 garbage-first heap   total 65536K, used 25427K [0x00000000c1200000, 0x0000000100000000)
  region size 1024K, 5 young (5120K), 5 survivors (5120K)
 Metaspace       used 23423K, committed 23744K, reserved 1073152K
  class space    used 2553K, committed 2688K, reserved 1048576K
}
Event: 13.340 GC heap before
{Heap before GC invocations=12 (full 0):
 garbage-first heap   total 73728K, used 48979K [0x00000000c1200000, 0x0000000100000000)
  region size 1024K, 29 young (29696K), 5 survivors (5120K)
 Metaspace       used 23453K, committed 23744K, reserved 1073152K
  class space    used 2553K, committed 2688K, reserved 1048576K
}
Event: 13.355 GC heap after
{Heap after GC invocations=13 (full 0):
 garbage-first heap   total 73728K, used 28241K [0x00000000c1200000, 0x0000000100000000)
  region size 1024K, 3 young (3072K), 3 survivors (3072K)
 Metaspace       used 23453K, committed 23744K, reserved 1073152K
  class space    used 2553K, committed 2688K, reserved 1048576K
}
Event: 14.134 GC heap before
{Heap before GC invocations=13 (full 0):
 garbage-first heap   total 73728K, used 55889K [0x00000000c1200000, 0x0000000100000000)
  region size 1024K, 30 young (30720K), 3 survivors (3072K)
 Metaspace       used 23996K, committed 24256K, reserved 1073152K
  class space    used 2600K, committed 2688K, reserved 1048576K
}
Event: 14.151 GC heap after
{Heap after GC invocations=14 (full 0):
 garbage-first heap   total 73728K, used 34336K [0x00000000c1200000, 0x0000000100000000)
  region size 1024K, 4 young (4096K), 4 survivors (4096K)
 Metaspace       used 23996K, committed 24256K, reserved 1073152K
  class space    used 2600K, committed 2688K, reserved 1048576K
}
Event: 14.872 GC heap before
{Heap before GC invocations=14 (full 0):
 garbage-first heap   total 73728K, used 55840K [0x00000000c1200000, 0x0000000100000000)
  region size 1024K, 24 young (24576K), 4 survivors (4096K)
 Metaspace       used 24424K, committed 24704K, reserved 1073152K
  class space    used 2617K, committed 2752K, reserved 1048576K
}
Event: 14.893 GC heap after
{Heap after GC invocations=15 (full 0):
 garbage-first heap   total 97280K, used 38872K [0x00000000c1200000, 0x0000000100000000)
  region size 1024K, 3 young (3072K), 3 survivors (3072K)
 Metaspace       used 24424K, committed 24704K, reserved 1073152K
  class space    used 2617K, committed 2752K, reserved 1048576K
}
Event: 16.821 GC heap before
{Heap before GC invocations=15 (full 0):
 garbage-first heap   total 97280K, used 72664K [0x00000000c1200000, 0x0000000100000000)
  region size 1024K, 34 young (34816K), 3 survivors (3072K)
 Metaspace       used 26837K, committed 27200K, reserved 1073152K
  class space    used 2858K, committed 3008K, reserved 1048576K
}
Event: 16.848 GC heap after
{Heap after GC invocations=16 (full 0):
 garbage-first heap   total 97280K, used 43296K [0x00000000c1200000, 0x0000000100000000)
  region size 1024K, 4 young (4096K), 4 survivors (4096K)
 Metaspace       used 26837K, committed 27200K, reserved 1073152K
  class space    used 2858K, committed 3008K, reserved 1048576K
}
Event: 16.867 GC heap before
{Heap before GC invocations=16 (full 0):
 garbage-first heap   total 97280K, used 71968K [0x00000000c1200000, 0x0000000100000000)
  region size 1024K, 33 young (33792K), 4 survivors (4096K)
 Metaspace       used 26838K, committed 27200K, reserved 1073152K
  class space    used 2858K, committed 3008K, reserved 1048576K
}
Event: 16.884 GC heap after
{Heap after GC invocations=17 (full 0):
 garbage-first heap   total 97280K, used 43362K [0x00000000c1200000, 0x0000000100000000)
  region size 1024K, 1 young (1024K), 1 survivors (1024K)
 Metaspace       used 26838K, committed 27200K, reserved 1073152K
  class space    used 2858K, committed 3008K, reserved 1048576K
}
Event: 17.280 GC heap before
{Heap before GC invocations=17 (full 0):
 garbage-first heap   total 97280K, used 55650K [0x00000000c1200000, 0x0000000100000000)
  region size 1024K, 15 young (15360K), 1 survivors (1024K)
 Metaspace       used 26867K, committed 27200K, reserved 1073152K
  class space    used 2858K, committed 3008K, reserved 1048576K
}
Event: 17.282 GC heap after
{Heap after GC invocations=18 (full 0):
 garbage-first heap   total 97280K, used 43136K [0x00000000c1200000, 0x0000000100000000)
  region size 1024K, 1 young (1024K), 1 survivors (1024K)
 Metaspace       used 26867K, committed 27200K, reserved 1073152K
  class space    used 2858K, committed 3008K, reserved 1048576K
}
Event: 17.545 GC heap before
{Heap before GC invocations=19 (full 0):
 garbage-first heap   total 97280K, used 75904K [0x00000000c1200000, 0x0000000100000000)
  region size 1024K, 33 young (33792K), 1 survivors (1024K)
 Metaspace       used 26900K, committed 27200K, reserved 1073152K
  class space    used 2859K, committed 3008K, reserved 1048576K
}
Event: 17.554 GC heap after
{Heap after GC invocations=20 (full 0):
 garbage-first heap   total 97280K, used 49903K [0x00000000c1200000, 0x0000000100000000)
  region size 1024K, 5 young (5120K), 5 survivors (5120K)
 Metaspace       used 26900K, committed 27200K, reserved 1073152K
  class space    used 2859K, committed 3008K, reserved 1048576K
}
Event: 17.554 GC heap before
{Heap before GC invocations=20 (full 0):
 garbage-first heap   total 97280K, used 49903K [0x00000000c1200000, 0x0000000100000000)
  region size 1024K, 6 young (6144K), 5 survivors (5120K)
 Metaspace       used 26900K, committed 27200K, reserved 1073152K
  class space    used 2859K, committed 3008K, reserved 1048576K
}
Event: 17.567 GC heap after
{Heap after GC invocations=21 (full 0):
 garbage-first heap   total 97280K, used 42739K [0x00000000c1200000, 0x0000000100000000)
  region size 1024K, 1 young (1024K), 1 survivors (1024K)
 Metaspace       used 26900K, committed 27200K, reserved 1073152K
  class space    used 2859K, committed 3008K, reserved 1048576K
}
Event: 17.911 GC heap before
{Heap before GC invocations=21 (full 0):
 garbage-first heap   total 97280K, used 72435K [0x00000000c1200000, 0x0000000100000000)
  region size 1024K, 31 young (31744K), 1 survivors (1024K)
 Metaspace       used 26937K, committed 27264K, reserved 1073152K
  class space    used 2859K, committed 3008K, reserved 1048576K
}

Deoptimization events (20 events):
Event: 17.327 Thread 0x000002cdeff5bad0 DEOPT PACKING pc=0x000002cd80bc08fb sp=0x000000d5a77fcff0
Event: 17.327 Thread 0x000002cdeff5bad0 DEOPT UNPACKING pc=0x000002cd8004dece sp=0x000000d5a77fc510 mode 0
Event: 17.334 Thread 0x000002cdeff5bad0 DEOPT PACKING pc=0x000002cd80de835f sp=0x000000d5a77fce60
Event: 17.334 Thread 0x000002cdeff5bad0 DEOPT UNPACKING pc=0x000002cd8004dece sp=0x000000d5a77fc428 mode 0
Event: 17.366 Thread 0x000002cdeff5bad0 DEOPT PACKING pc=0x000002cd80bc08fb sp=0x000000d5a77fcf20
Event: 17.366 Thread 0x000002cdeff5bad0 DEOPT UNPACKING pc=0x000002cd8004dece sp=0x000000d5a77fc440 mode 0
Event: 17.376 Thread 0x000002cdeff5bad0 Uncommon trap: trap_request=0xffffff45 fr.pc=0x000002cd87c982cc relative=0x00000000000068cc
Event: 17.376 Thread 0x000002cdeff5bad0 Uncommon trap: reason=unstable_if action=reinterpret pc=0x000002cd87c982cc method=com.sun.tools.javac.parser.JavaTokenizer.readToken()Lcom/sun/tools/javac/parser/Tokens$Token; @ 39 c2
Event: 17.376 Thread 0x000002cdeff5bad0 DEOPT PACKING pc=0x000002cd87c982cc sp=0x000000d5a77fd840
Event: 17.376 Thread 0x000002cdeff5bad0 DEOPT UNPACKING pc=0x000002cd8004d72e sp=0x000000d5a77fd800 mode 2
Event: 17.656 Thread 0x000002cdeff5bad0 DEOPT PACKING pc=0x000002cd80de835f sp=0x000000d5a77fc930
Event: 17.656 Thread 0x000002cdeff5bad0 DEOPT UNPACKING pc=0x000002cd8004dece sp=0x000000d5a77fbed0 mode 0
Event: 17.822 Thread 0x000002cdeff5bad0 DEOPT PACKING pc=0x000002cd80de835f sp=0x000000d5a77fc8d0
Event: 17.822 Thread 0x000002cdeff5bad0 DEOPT UNPACKING pc=0x000002cd8004dece sp=0x000000d5a77fbe70 mode 0
Event: 17.825 Thread 0x000002cdeff5bad0 DEOPT PACKING pc=0x000002cd810642e5 sp=0x000000d5a77fcee0
Event: 17.825 Thread 0x000002cdeff5bad0 DEOPT UNPACKING pc=0x000002cd8004dece sp=0x000000d5a77fc420 mode 0
Event: 17.886 Thread 0x000002cdeff5bad0 Uncommon trap: trap_request=0xffffff76 fr.pc=0x000002cd87d57d3c relative=0x000000000000019c
Event: 17.886 Thread 0x000002cdeff5bad0 Uncommon trap: reason=predicate action=maybe_recompile pc=0x000002cd87d57d3c method=java.util.LinkedHashMap.valuesToArray([Ljava/lang/Object;)[Ljava/lang/Object; @ 12 c2
Event: 17.886 Thread 0x000002cdeff5bad0 DEOPT PACKING pc=0x000002cd87d57d3c sp=0x000000d5a77fcb80
Event: 17.886 Thread 0x000002cdeff5bad0 DEOPT UNPACKING pc=0x000002cd8004d72e sp=0x000000d5a77fcb38 mode 2

Classes unloaded (0 events):
No events

Classes redefined (0 events):
No events

Internal exceptions (20 events):
Event: 16.167 Thread 0x000002cdeff5bad0 Exception <a 'sun/nio/fs/WindowsException'{0x00000000c5a9d808}> (0x00000000c5a9d808) 
thrown [t:\workspace\open\src\hotspot\share\prims\jni.cpp, line 579]
Event: 16.175 Thread 0x000002cdeff5bad0 Exception <a 'sun/nio/fs/WindowsException'{0x00000000c590c3b8}> (0x00000000c590c3b8) 
thrown [t:\workspace\open\src\hotspot\share\prims\jni.cpp, line 579]
Event: 16.183 Thread 0x000002cdeff5bad0 Exception <a 'sun/nio/fs/WindowsException'{0x00000000c59768f8}> (0x00000000c59768f8) 
thrown [t:\workspace\open\src\hotspot\share\prims\jni.cpp, line 579]
Event: 16.188 Thread 0x000002cdeff5bad0 Exception <a 'sun/nio/fs/WindowsException'{0x00000000c5985980}> (0x00000000c5985980) 
thrown [t:\workspace\open\src\hotspot\share\prims\jni.cpp, line 579]
Event: 16.209 Thread 0x000002cdeff5bad0 Exception <a 'sun/nio/fs/WindowsException'{0x00000000c59c1270}> (0x00000000c59c1270) 
thrown [t:\workspace\open\src\hotspot\share\prims\jni.cpp, line 579]
Event: 16.221 Thread 0x000002cdeff5bad0 Exception <a 'sun/nio/fs/WindowsException'{0x00000000c59d2a30}> (0x00000000c59d2a30) 
thrown [t:\workspace\open\src\hotspot\share\prims\jni.cpp, line 579]
Event: 16.228 Thread 0x000002cdeff5bad0 Exception <a 'sun/nio/fs/WindowsException'{0x00000000c59e1780}> (0x00000000c59e1780) 
thrown [t:\workspace\open\src\hotspot\share\prims\jni.cpp, line 579]
Event: 16.237 Thread 0x000002cdeff5bad0 Exception <a 'sun/nio/fs/WindowsException'{0x00000000c5811f30}> (0x00000000c5811f30) 
thrown [t:\workspace\open\src\hotspot\share\prims\jni.cpp, line 579]
Event: 16.272 Thread 0x000002cdeff5bad0 Exception <a 'sun/nio/fs/WindowsException'{0x00000000c58cada0}> (0x00000000c58cada0) 
thrown [t:\workspace\open\src\hotspot\share\prims\jni.cpp, line 579]
Event: 16.281 Thread 0x000002cdeff5bad0 Exception <a 'sun/nio/fs/WindowsException'{0x00000000c573a648}> (0x00000000c573a648) 
thrown [t:\workspace\open\src\hotspot\share\prims\jni.cpp, line 579]
Event: 17.250 Thread 0x000002cdeff5bad0 Exception <a 'sun/nio/fs/WindowsException'{0x00000000c64c37f8}> (0x00000000c64c37f8) 
thrown [t:\workspace\open\src\hotspot\share\prims\jni.cpp, line 579]
Event: 17.250 Thread 0x000002cdeff5bad0 Exception <a 'sun/nio/fs/WindowsException'{0x00000000c64c3b20}> (0x00000000c64c3b20) 
thrown [t:\workspace\open\src\hotspot\share\prims\jni.cpp, line 579]
Event: 17.254 Thread 0x000002cdeff5bad0 Exception <a 'sun/nio/fs/WindowsException'{0x00000000c6325bd0}> (0x00000000c6325bd0) 
thrown [t:\workspace\open\src\hotspot\share\prims\jni.cpp, line 579]
Event: 17.254 Thread 0x000002cdeff5bad0 Exception <a 'sun/nio/fs/WindowsException'{0x00000000c6325e00}> (0x00000000c6325e00) 
thrown [t:\workspace\open\src\hotspot\share\prims\jni.cpp, line 579]
Event: 17.428 Thread 0x000002cdeff5bad0 Exception <a 'sun/nio/fs/WindowsException'{0x00000000c6b14df0}> (0x00000000c6b14df0) 
thrown [t:\workspace\open\src\hotspot\share\prims\jni.cpp, line 579]
Event: 17.428 Thread 0x000002cdeff5bad0 Exception <a 'sun/nio/fs/WindowsException'{0x00000000c6b15140}> (0x00000000c6b15140) 
thrown [t:\workspace\open\src\hotspot\share\prims\jni.cpp, line 579]
Event: 17.432 Thread 0x000002cdeff5bad0 Exception <a 'sun/nio/fs/WindowsException'{0x00000000c6b162a0}> (0x00000000c6b162a0) 
thrown [t:\workspace\open\src\hotspot\share\prims\jni.cpp, line 579]
Event: 17.432 Thread 0x000002cdeff5bad0 Exception <a 'sun/nio/fs/WindowsException'{0x00000000c6b166b0}> (0x00000000c6b166b0) 
thrown [t:\workspace\open\src\hotspot\share\prims\jni.cpp, line 579]
Event: 17.433 Thread 0x000002cdeff5bad0 Exception <a 'sun/nio/fs/WindowsException'{0x00000000c6b17890}> (0x00000000c6b17890) 
thrown [t:\workspace\open\src\hotspot\share\prims\jni.cpp, line 579]
Event: 17.433 Thread 0x000002cdeff5bad0 Exception <a 'sun/nio/fs/WindowsException'{0x00000000c6b17c08}> (0x00000000c6b17c08) 
thrown [t:\workspace\open\src\hotspot\share\prims\jni.cpp, line 579]

Events (20 events):
Event: 16.291 loading class java/util/WeakHashMap$HashIterator
Event: 16.291 loading class java/util/WeakHashMap$HashIterator done
Event: 16.291 loading class java/util/WeakHashMap$KeyIterator done
Event: 16.300 loading class java/text/MessageFormat$Field
Event: 16.300 loading class java/text/MessageFormat$Field done
Event: 16.821 Executing  VM operation: G1CollectForAllocation
Event: 16.848 Executing  VM operation: G1CollectForAllocation done
Event: 16.867 Executing  VM operation: G1CollectForAllocation
Event: 16.884 Executing  VM operation: G1CollectForAllocation done
Event: 17.280 Executing  VM operation: G1TryInitiateConcMark
Event: 17.282 Executing  VM operation: G1TryInitiateConcMark done
Event: 17.380 Executing  VM operation: G1Concurrent
Event: 17.399 Executing  VM operation: G1Concurrent done
Event: 17.463 Executing  VM operation: G1Concurrent
Event: 17.464 Executing  VM operation: G1Concurrent done
Event: 17.545 Executing  VM operation: G1CollectForAllocation
Event: 17.554 Executing  VM operation: G1CollectForAllocation done
Event: 17.554 Executing  VM operation: G1CollectForAllocation
Event: 17.567 Executing  VM operation: G1CollectForAllocation done
Event: 17.911 Executing  VM operation: G1CollectForAllocation


Dynamic libraries:
0x00007ff768110000 - 0x00007ff768120000 	C:\Program Files\Java\jdk-16\bin\java.exe
0x00007ff878110000 - 0x00007ff878305000 	C:\Windows\SYSTEM32\ntdll.dll
0x00007ff876e60000 - 0x00007ff876f1d000 	C:\Windows\System32\KERNEL32.DLL
0x00007ff875c70000 - 0x00007ff875f39000 	C:\Windows\System32\KERNELBASE.dll
0x00007ff875ac0000 - 0x00007ff875bc0000 	C:\Windows\System32\ucrtbase.dll
0x00007ff86fd30000 - 0x00007ff86fd48000 	C:\Program Files\Java\jdk-16\bin\jli.dll
0x00007ff876170000 - 0x00007ff87621c000 	C:\Windows\System32\ADVAPI32.dll
0x00007ff877780000 - 0x00007ff87781e000 	C:\Windows\System32\msvcrt.dll
0x00007ff86fd50000 - 0x00007ff86fd69000 	C:\Program Files\Java\jdk-16\bin\VCRUNTIME140.dll
0x00007ff876f20000 - 0x00007ff876fbb000 	C:\Windows\System32\sechost.dll
0x00007ff8772f0000 - 0x00007ff87741a000 	C:\Windows\System32\RPCRT4.dll
0x00007ff8775b0000 - 0x00007ff877750000 	C:\Windows\System32\USER32.dll
0x00007ff876140000 - 0x00007ff876162000 	C:\Windows\System32\win32u.dll
0x00007ff864ba0000 - 0x00007ff864e3a000 	C:\Windows\WinSxS\amd64_microsoft.windows.common-controls_6595b64144ccf1df_6.0.19041.1110_none_60b5254171f9507e\COMCTL32.dll
0x00007ff877750000 - 0x00007ff87777a000 	C:\Windows\System32\GDI32.dll
0x00007ff875f40000 - 0x00007ff87604b000 	C:\Windows\System32\gdi32full.dll
0x00007ff875840000 - 0x00007ff8758dd000 	C:\Windows\System32\msvcp_win.dll
0x00007ff866010000 - 0x00007ff86601a000 	C:\Windows\SYSTEM32\VERSION.dll
0x00007ff8765d0000 - 0x00007ff876600000 	C:\Windows\System32\IMM32.DLL
0x00007ff8701c0000 - 0x00007ff8701cc000 	C:\Program Files\Java\jdk-16\bin\vcruntime140_1.dll
0x00007ff86dfc0000 - 0x00007ff86e051000 	C:\Program Files\Java\jdk-16\bin\msvcp140.dll
0x00007ff845b40000 - 0x00007ff8466eb000 	C:\Program Files\Java\jdk-16\bin\server\jvm.dll
0x00007ff8765c0000 - 0x00007ff8765c8000 	C:\Windows\System32\PSAPI.DLL
0x00007ff864210000 - 0x00007ff864237000 	C:\Windows\SYSTEM32\WINMM.dll
0x00007ff8631f0000 - 0x00007ff8631f9000 	C:\Windows\SYSTEM32\WSOCK32.dll
0x00007ff877d00000 - 0x00007ff877d6b000 	C:\Windows\System32\WS2_32.dll
0x00007ff873710000 - 0x00007ff873722000 	C:\Windows\SYSTEM32\kernel.appcore.dll
0x00007ff870110000 - 0x00007ff87011a000 	C:\Program Files\Java\jdk-16\bin\jimage.dll
0x00007ff862dc0000 - 0x00007ff862fa4000 	C:\Windows\SYSTEM32\DBGHELP.DLL
0x00007ff862fd0000 - 0x00007ff862ffc000 	C:\Windows\SYSTEM32\dbgcore.DLL
0x00007ff876050000 - 0x00007ff8760d3000 	C:\Windows\System32\bcryptPrimitives.dll
0x00007ff86fc40000 - 0x00007ff86fc65000 	C:\Program Files\Java\jdk-16\bin\java.dll
0x00007ff876690000 - 0x00007ff876dcf000 	C:\Windows\System32\SHELL32.dll
0x00007ff873910000 - 0x00007ff8740a0000 	C:\Windows\SYSTEM32\windows.storage.dll
0x00007ff877d70000 - 0x00007ff8780c5000 	C:\Windows\System32\combase.dll
0x00007ff8752a0000 - 0x00007ff8752cc000 	C:\Windows\SYSTEM32\Wldp.dll
0x00007ff877240000 - 0x00007ff8772ee000 	C:\Windows\System32\SHCORE.dll
0x00007ff877550000 - 0x00007ff8775a5000 	C:\Windows\System32\shlwapi.dll
0x00007ff875780000 - 0x00007ff87579f000 	C:\Windows\SYSTEM32\profapi.dll
0x00007ff86e2a0000 - 0x00007ff86e2b9000 	C:\Program Files\Java\jdk-16\bin\net.dll
0x00007ff86d010000 - 0x00007ff86d118000 	C:\Windows\SYSTEM32\WINHTTP.dll
0x00007ff874fb0000 - 0x00007ff87501a000 	C:\Windows\system32\mswsock.dll
0x00007ff86e280000 - 0x00007ff86e293000 	C:\Program Files\Java\jdk-16\bin\nio.dll
0x00007ff86e1b0000 - 0x00007ff86e1c8000 	C:\Program Files\Java\jdk-16\bin\zip.dll
0x00007ff8700c0000 - 0x00007ff8700d0000 	C:\Program Files\Java\jdk-16\bin\verify.dll
0x00007ff86fb30000 - 0x00007ff86fb3a000 	C:\Program Files\Maven\apache-maven-3.8.1\lib\jansi-native\windows64\jansi.dll

dbghelp: loaded successfully - version: 4.0.5 - missing functions: none
symbol engine: initialized successfully - sym options: 0x614 - pdb path: .;C:\Program Files\Java\jdk-16\bin;C:\Windows\SYSTEM32;C:\Windows\WinSxS\amd64_microsoft.windows.common-controls_6595b64144ccf1df_6.0.19041.1110_none_60b5254171f9507e;C:\Program Files\Java\jdk-16\bin\server;C:\Program Files\Maven\apache-maven-3.8.1\lib\jansi-native\windows64

VM Arguments:
jvm_args: -Dclassworlds.conf=C:\Program Files\Maven\apache-maven-3.8.1\bin\..\bin\m2.conf -Dmaven.home=C:\Program Files\Maven\apache-maven-3.8.1\bin\.. -Dlibrary.jansi.path=C:\Program Files\Maven\apache-maven-3.8.1\bin\..\lib\jansi-native -Dmaven.multiModuleProjectDirectory=E:\Simplilearn\CapStone Project\BackEnd\Springboot\Foodbox 
java_command: org.codehaus.plexus.classworlds.launcher.Launcher clean install -DskipTests=true
java_class_path (initial): C:\Program Files\Maven\apache-maven-3.8.1\bin\..\boot\plexus-classworlds-2.6.0.jar
Launcher Type: SUN_STANDARD

[Global flags]
     intx CICompilerCount                          = 3                                         {product} {ergonomic}
     uint ConcGCThreads                            = 1                                         {product} {ergonomic}
     uint G1ConcRefinementThreads                  = 4                                         {product} {ergonomic}
   size_t G1HeapRegionSize                         = 1048576                                   {product} {ergonomic}
    uintx GCDrainStackTargetSize                   = 64                                        {product} {ergonomic}
   size_t InitialHeapSize                          = 67108864                                  {product} {ergonomic}
   size_t MarkStackSize                            = 4194304                                   {product} {ergonomic}
   size_t MaxHeapSize                              = 1054867456                                {product} {ergonomic}
   size_t MaxNewSize                               = 632291328                                 {product} {ergonomic}
   size_t MinHeapDeltaBytes                        = 1048576                                   {product} {ergonomic}
   size_t MinHeapSize                              = 8388608                                   {product} {ergonomic}
    uintx NonNMethodCodeHeapSize                   = 5832780                                {pd product} {ergonomic}
    uintx NonProfiledCodeHeapSize                  = 122912730                              {pd product} {ergonomic}
    uintx ProfiledCodeHeapSize                     = 122912730                              {pd product} {ergonomic}
    uintx ReservedCodeCacheSize                    = 251658240                              {pd product} {ergonomic}
     bool SegmentedCodeCache                       = true                                      {product} {ergonomic}
   size_t SoftMaxHeapSize                          = 1054867456                             {manageable} {ergonomic}
     bool UseCompressedClassPointers               = true                           {product lp64_product} {ergonomic}
     bool UseCompressedOops                        = true                           {product lp64_product} {ergonomic}
     bool UseG1GC                                  = true                                      {product} {ergonomic}
     bool UseLargePagesIndividualAllocation        = false                                  {pd product} {ergonomic}

Logging:
Log output configuration:
 #0: stdout all=warning uptime,level,tags
 #1: stderr all=off uptime,level,tags

Environment Variables:
JAVA_HOME=C:\Program Files\Java\jdk-16
PATH=C:/Program Files/Java/jdk-16/bin/server;C:/Program Files/Java/jdk-16/bin;C:\Python39\Scripts\;C:\Python39\;C:\Program Files (x86)\Common Files\Oracle\Java\javapath;C:\Program Files\Common Files\Oracle\Java\javapath;C:\Windows\system32;C:\Windows;C:\Windows\System32\Wbem;C:\Windows\System32\WindowsPowerShell\v1.0\;C:\Windows\System32\OpenSSH\;C:\Program Files\Java\jdk-16\bin;C:\Program Files\Java\jre1.8.0_281\bin;C:\Program Files (x86)\HP\IdrsOCR_15.2.10.1114\;C:\Program Files\Git\cmd;C:\ProgramData\chocolatey\bin;C:\Program Files\nodejs\;C:\Program Files\Amazon\AWSCLIV2\;C:\Program Files\PuTTY\;C:\Program Files\Docker\Docker\resources\bin;C:\ProgramData\DockerDesktop\version-bin;C:\Program Files\MySQL\MySQL Shell 8.0\bin\;C:\Users\Admin\AppData\Local\Microsoft\WindowsApps;%CLASSPATH%\servlet-api.jar;%CATALINA_HOME%\bin;%CLASSPATH%\servlet-api.jar;C:\Users\Admin\AppData\Local\Programs\Microsoft VS Code\bin;C:\Users\Admin\AppData\Roaming\npm;C:\Program Files\MongoDB\Server\4.4\bin;C:\Program Files\Maven\apache-maven-3.8.1\bin;C:\ProgramData\Admin\GitHubDesktop\bin;C:\Users\Admin\Desktop;
USERNAME=Admin
OS=Windows_NT
PROCESSOR_IDENTIFIER=Intel64 Family 6 Model 69 Stepping 1, GenuineIntel



---------------  S Y S T E M  ---------------

OS:
 Windows 10 , 64 bit Build 19041 (10.0.19041.1151)
OS uptime: 12 days 2:02 hours
Hyper-V role detected

CPU: total 4 (initial active 4) (2 cores per cpu, 2 threads per core) family 6 model 69 stepping 1 microcode 0x25, cx8, cmov, fxsr, ht, mmx, sse, sse2, sse3, ssse3, sse4.1, sse4.2, popcnt, lzcnt, tsc, tscinvbit, avx, avx2, aes, erms, clmul, bmi1, bmi2, fma, vzeroupper, clflush, hv

Memory: 4k page, system-wide physical 4016M (244M free)
TotalPageFile size 16304M (AvailPageFile size 175M)
current process WorkingSet (physical memory assigned to process): 215M, peak: 219M
current process commit charge ("private bytes"): 242M, peak: 432M

vm_info: Java HotSpot(TM) 64-Bit Server VM (16+36-2231) for windows-amd64 JRE (16+36-2231), built on Feb  8 2021 11:43:10 by "mach5one" with MS VC++ 16.7 (VS2019)

END.
